Processing row 111: station V7010,38.40605156,14.96693979,288.73
Station: V7010
Starting time: 17:22:51
Days with complete data: 28

  2021.289  [17:22:51]
    Saved V7010_2021_289.csv

  2021.290  [17:23:18]
    Saved V7010_2021_290.csv

  2021.291  [17:23:43]
    Saved V7010_2021_291.csv

  2021.292  [17:24:04]
    Saved V7010_2021_292.csv

  2021.293  [17:24:24]
    Saved V7010_2021_293.csv

  2021.294  [17:24:48]
    Saved V7010_2021_294.csv

  2021.295  [17:25:14]
    Saved V7010_2021_295.csv

  2021.296  [17:25:36]
    Saved V7010_2021_296.csv

  2021.297  [17:25:56]
    Saved V7010_2021_297.csv

  2021.298  [17:26:17]
    Saved V7010_2021_298.csv

  2021.299  [17:26:39]
    Saved V7010_2021_299.csv

  2021.300  [17:26:59]
    Saved V7010_2021_300.csv

  2021.301  [17:27:19]
    Saved V7010_2021_301.csv

  2021.302  [17:27:41]
    Saved V7010_2021_302.csv

  2021.303  [17:28:02]
    Saved V7010_2021_303.csv

  2021.304  [17:28:22]
    Saved V7010_2021_304.csv

  2021.305  [17:28:47]
    Saved V7010_2021_305.csv

  2021.306  [17:29:14]
    Saved V7010_2021_306.csv

  2021.307  [17:29:33]
    Saved V7010_2021_307.csv

  2021.308  [17:29:54]
    Saved V7010_2021_308.csv

  2021.309  [17:30:18]
    Saved V7010_2021_309.csv

  2021.310  [17:30:37]
    Saved V7010_2021_310.csv

  2021.311  [17:31:03]
    Saved V7010_2021_311.csv

  2021.312  [17:31:24]
    Saved V7010_2021_312.csv

  2021.313  [17:31:46]
    Saved V7010_2021_313.csv

  2021.314  [17:32:02]
    Saved V7010_2021_314.csv

  2021.315  [17:32:17]
    Saved V7010_2021_315.csv

  2021.316  [17:32:30]
    Saved V7010_2021_316.csv

All days done: 17:32:41
Station: V7010
Starting time: 17:32:45
Found 28 per-day CSV(s)
  V7010_2021_289.csv: 1438 windows
  V7010_2021_290.csv: 1440 windows
  V7010_2021_291.csv: 1440 windows
  V7010_2021_292.csv: 1440 windows
  V7010_2021_293.csv: 1440 windows
  V7010_2021_294.csv: 1440 windows
  V7010_2021_295.csv: 1440 windows
  V7010_2021_296.csv: 1440 windows
  V7010_2021_297.csv: 1440 windows
  V7010_2021_298.csv: 1440 windows
  V7010_2021_299.csv: 1440 windows
  V7010_2021_300.csv: 1440 windows
  V7010_2021_301.csv: 1440 windows
  V7010_2021_302.csv: 1440 windows
  V7010_2021_303.csv: 1440 windows
  V7010_2021_304.csv: 1440 windows
  V7010_2021_305.csv: 1440 windows
  V7010_2021_306.csv: 1440 windows
  V7010_2021_307.csv: 1440 windows
  V7010_2021_308.csv: 1440 windows
  V7010_2021_309.csv: 1440 windows
  V7010_2021_310.csv: 1440 windows
  V7010_2021_311.csv: 1440 windows
  V7010_2021_312.csv: 1440 windows
  V7010_2021_313.csv: 1440 windows
  V7010_2021_314.csv: 1440 windows
  V7010_2021_315.csv: 1440 windows
  V7010_2021_316.csv: 752 windows

Total windows: 39630
Combined CSV saved to /srv/beegfs/scratch/users/c/cabrerap/hvsr_output/combined/V7010_WR.csv

Statistical Summary:
--------------------
<pandas.io.formats.style.Styler object at 0x14d884afbaf0>
Figure saved to /srv/beegfs/scratch/users/c/cabrerap/hvsr_output/combined/V7010_WR_single_panel.png

Done: 17:33:46
