Processing row 117: station V7087,38.40269554,14.98131973,222.501
Station: V7087
Starting time: 17:22:51
Days with complete data: 30

  2021.289  [17:22:51]
    Saved V7087_2021_289.csv

  2021.290  [17:23:16]
    Saved V7087_2021_290.csv

  2021.291  [17:23:41]
    Saved V7087_2021_291.csv

  2021.292  [17:24:02]
    Saved V7087_2021_292.csv

  2021.293  [17:24:22]
    Saved V7087_2021_293.csv

  2021.294  [17:24:49]
    Saved V7087_2021_294.csv

  2021.295  [17:25:14]
    Saved V7087_2021_295.csv

  2021.296  [17:25:35]
    Saved V7087_2021_296.csv

  2021.297  [17:25:54]
    Saved V7087_2021_297.csv

  2021.298  [17:26:14]
    Saved V7087_2021_298.csv

  2021.299  [17:26:35]
    Saved V7087_2021_299.csv

  2021.300  [17:26:51]
    Saved V7087_2021_300.csv

  2021.301  [17:27:14]
    Saved V7087_2021_301.csv

  2021.302  [17:27:36]
    Saved V7087_2021_302.csv

  2021.303  [17:27:55]
    Saved V7087_2021_303.csv

  2021.304  [17:28:18]
    Saved V7087_2021_304.csv

  2021.305  [17:28:41]
    Saved V7087_2021_305.csv

  2021.306  [17:29:05]
    Saved V7087_2021_306.csv

  2021.307  [17:29:25]
    Saved V7087_2021_307.csv

  2021.308  [17:29:50]
    Saved V7087_2021_308.csv

  2021.309  [17:30:16]
    Saved V7087_2021_309.csv

  2021.310  [17:30:34]
    Saved V7087_2021_310.csv

  2021.311  [17:30:54]
    Saved V7087_2021_311.csv

  2021.312  [17:31:09]
    Saved V7087_2021_312.csv

  2021.313  [17:31:25]
    Saved V7087_2021_313.csv

  2021.314  [17:31:46]
    Saved V7087_2021_314.csv

  2021.315  [17:32:02]
    Saved V7087_2021_315.csv

  2021.316  [17:32:18]
    Saved V7087_2021_316.csv

  2021.317  [17:32:35]
    Saved V7087_2021_317.csv

  2021.318  [17:32:49]
    Saved V7087_2021_318.csv

All days done: 17:32:55
Station: V7087
Starting time: 17:32:59
Found 30 per-day CSV(s)
  V7087_2021_289.csv: 1438 windows
  V7087_2021_290.csv: 1440 windows
  V7087_2021_291.csv: 1440 windows
  V7087_2021_292.csv: 1440 windows
  V7087_2021_293.csv: 1440 windows
  V7087_2021_294.csv: 1440 windows
  V7087_2021_295.csv: 1440 windows
  V7087_2021_296.csv: 1440 windows
  V7087_2021_297.csv: 1440 windows
  V7087_2021_298.csv: 1440 windows
  V7087_2021_299.csv: 1440 windows
  V7087_2021_300.csv: 1440 windows
  V7087_2021_301.csv: 1440 windows
  V7087_2021_302.csv: 1440 windows
  V7087_2021_303.csv: 1440 windows
  V7087_2021_304.csv: 1440 windows
  V7087_2021_305.csv: 1440 windows
  V7087_2021_306.csv: 1440 windows
  V7087_2021_307.csv: 1440 windows
  V7087_2021_308.csv: 1440 windows
  V7087_2021_309.csv: 1440 windows
  V7087_2021_310.csv: 1440 windows
  V7087_2021_311.csv: 1440 windows
  V7087_2021_312.csv: 1440 windows
  V7087_2021_313.csv: 1440 windows
  V7087_2021_314.csv: 1440 windows
  V7087_2021_315.csv: 1440 windows
  V7087_2021_316.csv: 1440 windows
  V7087_2021_317.csv: 1440 windows
  V7087_2021_318.csv: 659 windows

Total windows: 42417
Combined CSV saved to /srv/beegfs/scratch/users/c/cabrerap/hvsr_output/combined/V7087_WR.csv

Statistical Summary:
--------------------
<pandas.io.formats.style.Styler object at 0x1535b44d7af0>
Figure saved to /srv/beegfs/scratch/users/c/cabrerap/hvsr_output/combined/V7087_WR_single_panel.png

Done: 17:34:05
