Processing row 17: station L6770,38.44246192,14.94973303,9.6788
Station: L6770
Starting time: 17:22:31
Days with complete data: 30

  2021.289  [17:22:31]
    Saved L6770_2021_289.csv

  2021.290  [17:22:38]
    Saved L6770_2021_290.csv

  2021.291  [17:22:48]
    Saved L6770_2021_291.csv

  2021.292  [17:22:57]
    Saved L6770_2021_292.csv

  2021.293  [17:23:14]
    Saved L6770_2021_293.csv

  2021.294  [17:23:27]
    Saved L6770_2021_294.csv

  2021.295  [17:23:41]
    Saved L6770_2021_295.csv

  2021.296  [17:23:54]
    Saved L6770_2021_296.csv

  2021.297  [17:24:09]
    Saved L6770_2021_297.csv

  2021.298  [17:24:23]
    Saved L6770_2021_298.csv

  2021.299  [17:24:40]
    Saved L6770_2021_299.csv

  2021.300  [17:24:57]
    Saved L6770_2021_300.csv

  2021.301  [17:25:14]
    Saved L6770_2021_301.csv

  2021.302  [17:25:29]
    Saved L6770_2021_302.csv

  2021.303  [17:25:45]
    Saved L6770_2021_303.csv

  2021.304  [17:26:03]
    Saved L6770_2021_304.csv

  2021.305  [17:26:19]
    Saved L6770_2021_305.csv

  2021.306  [17:26:33]
    Saved L6770_2021_306.csv

  2021.307  [17:26:49]
    Saved L6770_2021_307.csv

  2021.308  [17:27:07]
    Saved L6770_2021_308.csv

  2021.309  [17:27:23]
    Saved L6770_2021_309.csv

  2021.310  [17:27:39]
    Saved L6770_2021_310.csv

  2021.311  [17:27:56]
    Saved L6770_2021_311.csv

  2021.312  [17:28:13]
    Saved L6770_2021_312.csv

  2021.313  [17:28:30]
    Saved L6770_2021_313.csv

  2021.314  [17:28:44]
    Saved L6770_2021_314.csv

  2021.315  [17:29:01]
    Saved L6770_2021_315.csv

  2021.316  [17:29:18]
    Saved L6770_2021_316.csv

  2021.317  [17:29:34]
    Saved L6770_2021_317.csv

  2021.318  [17:29:50]
    Saved L6770_2021_318.csv

All days done: 17:30:05
Station: L6770
Starting time: 17:30:09
Found 30 per-day CSV(s)
  L6770_2021_289.csv: 916 windows
  L6770_2021_290.csv: 1440 windows
  L6770_2021_291.csv: 1440 windows
  L6770_2021_292.csv: 1440 windows
  L6770_2021_293.csv: 1440 windows
  L6770_2021_294.csv: 1440 windows
  L6770_2021_295.csv: 1440 windows
  L6770_2021_296.csv: 1440 windows
  L6770_2021_297.csv: 1440 windows
  L6770_2021_298.csv: 1440 windows
  L6770_2021_299.csv: 1440 windows
  L6770_2021_300.csv: 1440 windows
  L6770_2021_301.csv: 1440 windows
  L6770_2021_302.csv: 1440 windows
  L6770_2021_303.csv: 1440 windows
  L6770_2021_304.csv: 1440 windows
  L6770_2021_305.csv: 1440 windows
  L6770_2021_306.csv: 1440 windows
  L6770_2021_307.csv: 1440 windows
  L6770_2021_308.csv: 1440 windows
  L6770_2021_309.csv: 1440 windows
  L6770_2021_310.csv: 1440 windows
  L6770_2021_311.csv: 1440 windows
  L6770_2021_312.csv: 1440 windows
  L6770_2021_313.csv: 1440 windows
  L6770_2021_314.csv: 1440 windows
  L6770_2021_315.csv: 1440 windows
  L6770_2021_316.csv: 1440 windows
  L6770_2021_317.csv: 1440 windows
  L6770_2021_318.csv: 1284 windows

Total windows: 42520
Combined CSV saved to /srv/beegfs/scratch/users/c/cabrerap/hvsr_output/combined/L6770_WR.csv

Statistical Summary:
--------------------
<pandas.io.formats.style.Styler object at 0x150bb4a57af0>
Figure saved to /srv/beegfs/scratch/users/c/cabrerap/hvsr_output/combined/L6770_WR_single_panel.png

Done: 17:31:32
