Processing row 137: station V7202,38.40189952,14.95494023,124.554
Station: V7202
Starting time: 17:22:49
Days with complete data: 30

  2021.289  [17:22:49]
    Saved V7202_2021_289.csv

  2021.290  [17:22:56]
    Saved V7202_2021_290.csv

  2021.291  [17:23:08]
    Saved V7202_2021_291.csv

  2021.292  [17:23:16]
    Saved V7202_2021_292.csv

  2021.293  [17:23:28]
    Saved V7202_2021_293.csv

  2021.294  [17:23:40]
    Saved V7202_2021_294.csv

  2021.295  [17:23:50]
    Saved V7202_2021_295.csv

  2021.296  [17:24:02]
    Saved V7202_2021_296.csv

  2021.297  [17:24:15]
    Saved V7202_2021_297.csv

  2021.298  [17:24:25]
    Saved V7202_2021_298.csv

  2021.299  [17:24:39]
    Saved V7202_2021_299.csv

  2021.300  [17:24:53]
    Saved V7202_2021_300.csv

  2021.301  [17:25:08]
    Saved V7202_2021_301.csv

  2021.302  [17:25:19]
    Saved V7202_2021_302.csv

  2021.303  [17:25:32]
    Saved V7202_2021_303.csv

  2021.304  [17:25:44]
    Saved V7202_2021_304.csv

  2021.305  [17:25:56]
    Saved V7202_2021_305.csv

  2021.306  [17:26:10]
    Saved V7202_2021_306.csv

  2021.307  [17:26:20]
    Saved V7202_2021_307.csv

  2021.308  [17:26:34]
    Saved V7202_2021_308.csv

  2021.309  [17:26:48]
    Saved V7202_2021_309.csv

  2021.310  [17:27:02]
    Saved V7202_2021_310.csv

  2021.311  [17:27:17]
    Saved V7202_2021_311.csv

  2021.312  [17:27:30]
    Saved V7202_2021_312.csv

  2021.313  [17:27:43]
    Saved V7202_2021_313.csv

  2021.314  [17:27:56]
    Saved V7202_2021_314.csv

  2021.315  [17:28:08]
    Saved V7202_2021_315.csv

  2021.316  [17:28:23]
    Saved V7202_2021_316.csv

  2021.317  [17:28:37]
    Saved V7202_2021_317.csv

  2021.318  [17:28:51]
    Saved V7202_2021_318.csv

All days done: 17:29:01
Station: V7202
Starting time: 17:29:07
Found 30 per-day CSV(s)
  V7202_2021_289.csv: 1438 windows
  V7202_2021_290.csv: 1440 windows
  V7202_2021_291.csv: 1440 windows
  V7202_2021_292.csv: 1440 windows
  V7202_2021_293.csv: 1440 windows
  V7202_2021_294.csv: 1440 windows
  V7202_2021_295.csv: 1440 windows
  V7202_2021_296.csv: 1440 windows
  V7202_2021_297.csv: 1440 windows
  V7202_2021_298.csv: 1440 windows
  V7202_2021_299.csv: 1440 windows
  V7202_2021_300.csv: 1440 windows
  V7202_2021_301.csv: 1440 windows
  V7202_2021_302.csv: 1440 windows
  V7202_2021_303.csv: 1440 windows
  V7202_2021_304.csv: 1440 windows
  V7202_2021_305.csv: 1440 windows
  V7202_2021_306.csv: 1440 windows
  V7202_2021_307.csv: 1440 windows
  V7202_2021_308.csv: 1440 windows
  V7202_2021_309.csv: 1440 windows
  V7202_2021_310.csv: 1440 windows
  V7202_2021_311.csv: 1440 windows
  V7202_2021_312.csv: 1440 windows
  V7202_2021_313.csv: 1440 windows
  V7202_2021_314.csv: 1440 windows
  V7202_2021_315.csv: 1440 windows
  V7202_2021_316.csv: 1440 windows
  V7202_2021_317.csv: 1440 windows
  V7202_2021_318.csv: 1047 windows

Total windows: 42805
Combined CSV saved to /srv/beegfs/scratch/users/c/cabrerap/hvsr_output/combined/V7202_WR.csv

Statistical Summary:
--------------------
<pandas.io.formats.style.Styler object at 0x151e58977af0>
Figure saved to /srv/beegfs/scratch/users/c/cabrerap/hvsr_output/combined/V7202_WR_single_panel.png

Done: 17:30:32
