Processing row 178: station W6757,38.39936175,14.95150065,60.3617
Station: W6757
Starting time: 17:22:50
Days with complete data: 30

  2021.289  [17:22:50]
    Saved W6757_2021_289.csv

  2021.290  [17:23:12]
    Saved W6757_2021_290.csv

  2021.291  [17:23:26]
    Saved W6757_2021_291.csv

  2021.292  [17:23:47]
    Saved W6757_2021_292.csv

  2021.293  [17:24:05]
    Saved W6757_2021_293.csv

  2021.294  [17:24:23]
    Saved W6757_2021_294.csv

  2021.295  [17:24:42]
    Saved W6757_2021_295.csv

  2021.296  [17:25:04]
    Saved W6757_2021_296.csv

  2021.297  [17:25:19]
    Saved W6757_2021_297.csv

  2021.298  [17:25:38]
    Saved W6757_2021_298.csv

  2021.299  [17:25:54]
    Saved W6757_2021_299.csv

  2021.300  [17:26:13]
    Saved W6757_2021_300.csv

  2021.301  [17:26:30]
    Saved W6757_2021_301.csv

  2021.302  [17:26:47]
    Saved W6757_2021_302.csv

  2021.303  [17:27:08]
    Saved W6757_2021_303.csv

  2021.304  [17:27:26]
    Saved W6757_2021_304.csv

  2021.305  [17:27:43]
    Saved W6757_2021_305.csv

  2021.306  [17:27:58]
    Saved W6757_2021_306.csv

  2021.307  [17:28:16]
    Saved W6757_2021_307.csv

  2021.308  [17:28:37]
    Saved W6757_2021_308.csv

  2021.309  [17:28:58]
    Saved W6757_2021_309.csv

  2021.310  [17:29:20]
    Saved W6757_2021_310.csv

  2021.311  [17:29:38]
    Saved W6757_2021_311.csv

  2021.312  [17:29:57]
    Saved W6757_2021_312.csv

  2021.313  [17:30:19]
    Saved W6757_2021_313.csv

  2021.314  [17:30:32]
    Saved W6757_2021_314.csv

  2021.315  [17:30:46]
    Saved W6757_2021_315.csv

  2021.316  [17:31:03]
    Saved W6757_2021_316.csv

  2021.317  [17:31:18]
    Saved W6757_2021_317.csv

  2021.318  [17:31:35]
    Saved W6757_2021_318.csv

All days done: 17:31:48
Station: W6757
Starting time: 17:31:52
Found 30 per-day CSV(s)
  W6757_2021_289.csv: 1438 windows
  W6757_2021_290.csv: 1440 windows
  W6757_2021_291.csv: 1440 windows
  W6757_2021_292.csv: 1440 windows
  W6757_2021_293.csv: 1440 windows
  W6757_2021_294.csv: 1440 windows
  W6757_2021_295.csv: 1440 windows
  W6757_2021_296.csv: 1440 windows
  W6757_2021_297.csv: 1440 windows
  W6757_2021_298.csv: 1440 windows
  W6757_2021_299.csv: 1440 windows
  W6757_2021_300.csv: 1440 windows
  W6757_2021_301.csv: 1440 windows
  W6757_2021_302.csv: 1440 windows
  W6757_2021_303.csv: 1440 windows
  W6757_2021_304.csv: 1440 windows
  W6757_2021_305.csv: 1440 windows
  W6757_2021_306.csv: 1440 windows
  W6757_2021_307.csv: 1440 windows
  W6757_2021_308.csv: 1440 windows
  W6757_2021_309.csv: 1440 windows
  W6757_2021_310.csv: 1440 windows
  W6757_2021_311.csv: 1440 windows
  W6757_2021_312.csv: 1440 windows
  W6757_2021_313.csv: 1440 windows
  W6757_2021_314.csv: 1440 windows
  W6757_2021_315.csv: 1440 windows
  W6757_2021_316.csv: 1440 windows
  W6757_2021_317.csv: 1440 windows
  W6757_2021_318.csv: 871 windows

Total windows: 42629
Combined CSV saved to /srv/beegfs/scratch/users/c/cabrerap/hvsr_output/combined/W6757_WR.csv

Statistical Summary:
--------------------
<pandas.io.formats.style.Styler object at 0x15517771faf0>
Figure saved to /srv/beegfs/scratch/users/c/cabrerap/hvsr_output/combined/W6757_WR_single_panel.png

Done: 17:33:11
