Processing row 169: station V7360,38.38382117,14.96944298,334.766
station:V7360
length:5
Starting time: 14:05:37
['/srv/beegfs/scratch/users/h/henrymi/vulcano/miniseed/VN.V7360..DPZ.D.2021.291.00.00.00.000.mseed']
All checks passed. Z, E, and N are valid lists of strings.
[['/srv/beegfs/scratch/users/h/henrymi/vulcano/miniseed/VN.V7360..DPZ.D.2021.291.00.00.00.000.mseed', '/srv/beegfs/scratch/users/h/henrymi/vulcano/miniseed/VN.V7360..DPE.D.2021.291.00.00.00.000.mseed', '/srv/beegfs/scratch/users/h/henrymi/vulcano/miniseed/VN.V7360..DPN.D.2021.291.00.00.00.000.mseed']]
Number of recordings: 1
All files exist. (n=1)
Preprocessing Summary
------------------------------------------------------------
hvsrpy_version                           : 2.0.0
orient_to_degrees_from_north             : 0.0
filter_corner_frequencies_in_hz          : (0.2, 30)
window_length_in_seconds                 : 30
detrend                                  : constant
ignore_dissimilar_time_step_warning      : False
preprocessing_method                     : hvsr
Processing Summary
------------------------------------------------------------
hvsrpy_version                           : 2.0.0
window_type_and_width                    : ('tukey', 0.01)
smoothing                                :
     operator                            : konno_and_ohmachi
     bandwidth                           : 40
     center_frequencies_in_hz            : [0.2, 0.204377782136 ... 2899754289661, 50.0]
fft_settings                             : None
handle_dissimilar_time_steps_by          : frequency_domain_resampling
processing_method                        : traditional
method_to_combine_horizontals            : geometric_mean
Start reading: 14:05:37
End reading: 14:05:49
Figure saved successfully to /srv/beegfs/scratch/users/h/henrymi/vulcano/hvsr_output/output_WE_2.0/V7360_WR.png!
Results saved successfully to /srv/beegfs/scratch/users/h/henrymi/vulcano/hvsr_output/output_WE_2.0/V7360_WR.csv!

Statistical Summary:
--------------------
<pandas.io.formats.style.Styler object at 0x14a036985370>
Figure saved successfully to /srv/beegfs/scratch/users/h/henrymi/vulcano/hvsr_output/output_WE_2.0/V7360_WR_single_panel.png!
