Processing row 124: station V7145,38.40608821,14.95829878,258.902
Station: V7145
Starting time: 17:22:51
Days with complete data: 29

  2021.289  [17:22:51]
    Saved V7145_2021_289.csv

  2021.290  [17:23:17]
    Saved V7145_2021_290.csv

  2021.291  [17:23:40]
    Saved V7145_2021_291.csv

  2021.292  [17:24:00]
    Saved V7145_2021_292.csv

  2021.293  [17:24:19]
    Saved V7145_2021_293.csv

  2021.294  [17:24:43]
    Saved V7145_2021_294.csv

  2021.295  [17:24:59]
    Saved V7145_2021_295.csv

  2021.296  [17:25:16]
    Saved V7145_2021_296.csv

  2021.297  [17:25:40]
    Saved V7145_2021_297.csv

  2021.298  [17:26:02]
    Saved V7145_2021_298.csv

  2021.299  [17:26:21]
    Saved V7145_2021_299.csv

  2021.300  [17:26:44]
    Saved V7145_2021_300.csv

  2021.301  [17:27:06]
    Saved V7145_2021_301.csv

  2021.302  [17:27:25]
    Saved V7145_2021_302.csv

  2021.303  [17:27:44]
    Saved V7145_2021_303.csv

  2021.304  [17:28:02]
    Saved V7145_2021_304.csv

  2021.305  [17:28:21]
    Saved V7145_2021_305.csv

  2021.306  [17:28:43]
    Saved V7145_2021_306.csv

  2021.307  [17:29:02]
    Saved V7145_2021_307.csv

  2021.308  [17:29:25]
    Saved V7145_2021_308.csv

  2021.309  [17:29:46]
    Saved V7145_2021_309.csv

  2021.310  [17:30:08]
    Saved V7145_2021_310.csv

  2021.311  [17:30:27]
    Saved V7145_2021_311.csv

  2021.312  [17:30:47]
    Saved V7145_2021_312.csv

  2021.313  [17:31:04]
    Saved V7145_2021_313.csv

  2021.314  [17:31:22]
    Saved V7145_2021_314.csv

  2021.315  [17:31:40]
    Saved V7145_2021_315.csv

  2021.316  [17:32:00]
    Saved V7145_2021_316.csv

  2021.317  [17:32:12]
    Saved V7145_2021_317.csv

All days done: 17:32:16
Station: V7145
Starting time: 17:32:20
Found 29 per-day CSV(s)
  V7145_2021_289.csv: 1438 windows
  V7145_2021_290.csv: 1440 windows
  V7145_2021_291.csv: 1440 windows
  V7145_2021_292.csv: 1440 windows
  V7145_2021_293.csv: 1440 windows
  V7145_2021_294.csv: 1440 windows
  V7145_2021_295.csv: 1440 windows
  V7145_2021_296.csv: 1440 windows
  V7145_2021_297.csv: 1440 windows
  V7145_2021_298.csv: 1440 windows
  V7145_2021_299.csv: 1440 windows
  V7145_2021_300.csv: 1440 windows
  V7145_2021_301.csv: 1440 windows
  V7145_2021_302.csv: 1440 windows
  V7145_2021_303.csv: 1440 windows
  V7145_2021_304.csv: 1440 windows
  V7145_2021_305.csv: 1440 windows
  V7145_2021_306.csv: 1440 windows
  V7145_2021_307.csv: 1440 windows
  V7145_2021_308.csv: 1440 windows
  V7145_2021_309.csv: 1440 windows
  V7145_2021_310.csv: 1440 windows
  V7145_2021_311.csv: 1440 windows
  V7145_2021_312.csv: 1440 windows
  V7145_2021_313.csv: 1440 windows
  V7145_2021_314.csv: 1440 windows
  V7145_2021_315.csv: 1440 windows
  V7145_2021_316.csv: 1440 windows
  V7145_2021_317.csv: 302 windows

Total windows: 40620
Combined CSV saved to /srv/beegfs/scratch/users/c/cabrerap/hvsr_output/combined/V7145_WR.csv

Statistical Summary:
--------------------
<pandas.io.formats.style.Styler object at 0x1549f54adaf0>
Figure saved to /srv/beegfs/scratch/users/c/cabrerap/hvsr_output/combined/V7145_WR_single_panel.png

Done: 17:33:41
