Processing row 185: station W7361,38.39898111,14.95139164,61.5799
Station: W7361
Starting time: 17:22:50
Days with complete data: 30

  2021.289  [17:22:50]
    Saved W7361_2021_289.csv

  2021.290  [17:23:08]
    Saved W7361_2021_290.csv

  2021.291  [17:23:22]
    Saved W7361_2021_291.csv

  2021.292  [17:23:38]
    Saved W7361_2021_292.csv

  2021.293  [17:23:56]
    Saved W7361_2021_293.csv

  2021.294  [17:24:13]
    Saved W7361_2021_294.csv

  2021.295  [17:24:28]
    Saved W7361_2021_295.csv

  2021.296  [17:24:48]
    Saved W7361_2021_296.csv

  2021.297  [17:25:05]
    Saved W7361_2021_297.csv

  2021.298  [17:25:20]
    Saved W7361_2021_298.csv

  2021.299  [17:25:39]
    Saved W7361_2021_299.csv

  2021.300  [17:25:55]
    Saved W7361_2021_300.csv

  2021.301  [17:26:16]
    Saved W7361_2021_301.csv

  2021.302  [17:26:34]
    Saved W7361_2021_302.csv

  2021.303  [17:26:50]
    Saved W7361_2021_303.csv

  2021.304  [17:27:13]
    Saved W7361_2021_304.csv

  2021.305  [17:27:32]
    Saved W7361_2021_305.csv

  2021.306  [17:27:52]
    Saved W7361_2021_306.csv

  2021.307  [17:28:11]
    Saved W7361_2021_307.csv

  2021.308  [17:28:31]
    Saved W7361_2021_308.csv

  2021.309  [17:28:48]
    Saved W7361_2021_309.csv

  2021.310  [17:29:08]
    Saved W7361_2021_310.csv

  2021.311  [17:29:26]
    Saved W7361_2021_311.csv

  2021.312  [17:29:44]
    Saved W7361_2021_312.csv

  2021.313  [17:30:05]
    Saved W7361_2021_313.csv

  2021.314  [17:30:24]
    Saved W7361_2021_314.csv

  2021.315  [17:30:44]
    Saved W7361_2021_315.csv

  2021.316  [17:31:03]
    Saved W7361_2021_316.csv

  2021.317  [17:31:20]
    Saved W7361_2021_317.csv

  2021.318  [17:31:39]
    Saved W7361_2021_318.csv

All days done: 17:31:46
Station: W7361
Starting time: 17:31:49
Found 30 per-day CSV(s)
  W7361_2021_289.csv: 1438 windows
  W7361_2021_290.csv: 1440 windows
  W7361_2021_291.csv: 1440 windows
  W7361_2021_292.csv: 1440 windows
  W7361_2021_293.csv: 1440 windows
  W7361_2021_294.csv: 1440 windows
  W7361_2021_295.csv: 1440 windows
  W7361_2021_296.csv: 1440 windows
  W7361_2021_297.csv: 1440 windows
  W7361_2021_298.csv: 1440 windows
  W7361_2021_299.csv: 1440 windows
  W7361_2021_300.csv: 1440 windows
  W7361_2021_301.csv: 1440 windows
  W7361_2021_302.csv: 1440 windows
  W7361_2021_303.csv: 1440 windows
  W7361_2021_304.csv: 1440 windows
  W7361_2021_305.csv: 1440 windows
  W7361_2021_306.csv: 1440 windows
  W7361_2021_307.csv: 1440 windows
  W7361_2021_308.csv: 1440 windows
  W7361_2021_309.csv: 1440 windows
  W7361_2021_310.csv: 1440 windows
  W7361_2021_311.csv: 1440 windows
  W7361_2021_312.csv: 1440 windows
  W7361_2021_313.csv: 1440 windows
  W7361_2021_314.csv: 1440 windows
  W7361_2021_315.csv: 1440 windows
  W7361_2021_316.csv: 1440 windows
  W7361_2021_317.csv: 1440 windows
  W7361_2021_318.csv: 74 windows

Total windows: 41832
Combined CSV saved to /srv/beegfs/scratch/users/c/cabrerap/hvsr_output/combined/W7361_WR.csv

Statistical Summary:
--------------------
<pandas.io.formats.style.Styler object at 0x1506c7b52af0>
Figure saved to /srv/beegfs/scratch/users/c/cabrerap/hvsr_output/combined/W7361_WR_single_panel.png

Done: 17:33:09
