Processing row 103: station V6959,38.41411134,14.95785949,9.10915
Station: V6959
Starting time: 17:22:51
Days with complete data: 29

  2021.289  [17:22:51]
    Saved V6959_2021_289.csv

  2021.290  [17:23:18]
    Saved V6959_2021_290.csv

  2021.291  [17:23:39]
    Saved V6959_2021_291.csv

  2021.292  [17:23:57]
    Saved V6959_2021_292.csv

  2021.293  [17:24:15]
    Saved V6959_2021_293.csv

  2021.294  [17:24:32]
    Saved V6959_2021_294.csv

  2021.295  [17:24:55]
    Saved V6959_2021_295.csv

  2021.296  [17:25:12]
    Saved V6959_2021_296.csv

  2021.297  [17:25:34]
    Saved V6959_2021_297.csv

  2021.298  [17:25:55]
    Saved V6959_2021_298.csv

  2021.299  [17:26:16]
    Saved V6959_2021_299.csv

  2021.300  [17:26:41]
    Saved V6959_2021_300.csv

  2021.301  [17:27:05]
    Saved V6959_2021_301.csv

  2021.302  [17:27:22]
    Saved V6959_2021_302.csv

  2021.303  [17:27:41]
    Saved V6959_2021_303.csv

  2021.304  [17:27:59]
    Saved V6959_2021_304.csv

  2021.305  [17:28:20]
    Saved V6959_2021_305.csv

  2021.306  [17:28:43]
    Saved V6959_2021_306.csv

  2021.307  [17:29:04]
    Saved V6959_2021_307.csv

  2021.308  [17:29:23]
    Saved V6959_2021_308.csv

  2021.309  [17:29:42]
    Saved V6959_2021_309.csv

  2021.310  [17:29:59]
    Saved V6959_2021_310.csv

  2021.311  [17:30:20]
    Saved V6959_2021_311.csv

  2021.312  [17:30:39]
    Saved V6959_2021_312.csv

  2021.313  [17:31:03]
    Saved V6959_2021_313.csv

  2021.314  [17:31:22]
    Saved V6959_2021_314.csv

  2021.315  [17:31:40]
    Saved V6959_2021_315.csv

  2021.316  [17:31:59]
    Saved V6959_2021_316.csv

  2021.317  [17:32:13]
    Saved V6959_2021_317.csv

All days done: 17:32:25
Station: V6959
Starting time: 17:32:29
Found 29 per-day CSV(s)
  V6959_2021_289.csv: 1438 windows
  V6959_2021_290.csv: 1440 windows
  V6959_2021_291.csv: 1440 windows
  V6959_2021_292.csv: 1440 windows
  V6959_2021_293.csv: 1440 windows
  V6959_2021_294.csv: 1440 windows
  V6959_2021_295.csv: 1440 windows
  V6959_2021_296.csv: 1440 windows
  V6959_2021_297.csv: 1440 windows
  V6959_2021_298.csv: 1440 windows
  V6959_2021_299.csv: 1440 windows
  V6959_2021_300.csv: 1440 windows
  V6959_2021_301.csv: 1440 windows
  V6959_2021_302.csv: 1440 windows
  V6959_2021_303.csv: 1440 windows
  V6959_2021_304.csv: 1440 windows
  V6959_2021_305.csv: 1440 windows
  V6959_2021_306.csv: 1440 windows
  V6959_2021_307.csv: 1440 windows
  V6959_2021_308.csv: 1440 windows
  V6959_2021_309.csv: 1440 windows
  V6959_2021_310.csv: 1440 windows
  V6959_2021_311.csv: 1440 windows
  V6959_2021_312.csv: 1440 windows
  V6959_2021_313.csv: 1440 windows
  V6959_2021_314.csv: 1440 windows
  V6959_2021_315.csv: 1440 windows
  V6959_2021_316.csv: 1440 windows
  V6959_2021_317.csv: 1299 windows

Total windows: 41617
Combined CSV saved to /srv/beegfs/scratch/users/c/cabrerap/hvsr_output/combined/V6959_WR.csv

Statistical Summary:
--------------------
<pandas.io.formats.style.Styler object at 0x14d237c9baf0>
Figure saved to /srv/beegfs/scratch/users/c/cabrerap/hvsr_output/combined/V6959_WR_single_panel.png

Done: 17:33:56
