Processing row 10: station E6999,38.40575011,14.97539115,80.7511
Station: E6999
Starting time: 17:22:31
Days with complete data: 30

  2021.289  [17:22:31]
    Saved E6999_2021_289.csv

  2021.290  [17:22:41]
    Saved E6999_2021_290.csv

  2021.291  [17:22:50]
    Saved E6999_2021_291.csv

  2021.292  [17:23:04]
    Saved E6999_2021_292.csv

  2021.293  [17:23:18]
    Saved E6999_2021_293.csv

  2021.294  [17:23:31]
    Saved E6999_2021_294.csv

  2021.295  [17:23:45]
    Saved E6999_2021_295.csv

  2021.296  [17:23:59]
    Saved E6999_2021_296.csv

  2021.297  [17:24:15]
    Saved E6999_2021_297.csv

  2021.298  [17:24:30]
    Saved E6999_2021_298.csv

  2021.299  [17:24:48]
    Saved E6999_2021_299.csv

  2021.300  [17:25:04]
    Saved E6999_2021_300.csv

  2021.301  [17:25:20]
    Saved E6999_2021_301.csv

  2021.302  [17:25:34]
    Saved E6999_2021_302.csv

  2021.303  [17:25:48]
    Saved E6999_2021_303.csv

  2021.304  [17:26:04]
    Saved E6999_2021_304.csv

  2021.305  [17:26:21]
    Saved E6999_2021_305.csv

  2021.306  [17:26:37]
    Saved E6999_2021_306.csv

  2021.307  [17:26:54]
    Saved E6999_2021_307.csv

  2021.308  [17:27:10]
    Saved E6999_2021_308.csv

  2021.309  [17:27:26]
    Saved E6999_2021_309.csv

  2021.310  [17:27:43]
    Saved E6999_2021_310.csv

  2021.311  [17:27:58]
    Saved E6999_2021_311.csv

  2021.312  [17:28:14]
    Saved E6999_2021_312.csv

  2021.313  [17:28:31]
    Saved E6999_2021_313.csv

  2021.314  [17:28:47]
    Saved E6999_2021_314.csv

  2021.315  [17:29:03]
    Saved E6999_2021_315.csv

  2021.316  [17:29:19]
    Saved E6999_2021_316.csv

  2021.317  [17:29:35]
    Saved E6999_2021_317.csv

  2021.318  [17:29:51]
    Saved E6999_2021_318.csv

All days done: 17:29:56
Station: E6999
Starting time: 17:30:01
Found 30 per-day CSV(s)
  E6999_2021_289.csv: 1438 windows
  E6999_2021_290.csv: 1440 windows
  E6999_2021_291.csv: 1440 windows
  E6999_2021_292.csv: 1440 windows
  E6999_2021_293.csv: 1440 windows
  E6999_2021_294.csv: 1440 windows
  E6999_2021_295.csv: 1440 windows
  E6999_2021_296.csv: 1440 windows
  E6999_2021_297.csv: 1440 windows
  E6999_2021_298.csv: 1440 windows
  E6999_2021_299.csv: 1440 windows
  E6999_2021_300.csv: 1440 windows
  E6999_2021_301.csv: 1440 windows
  E6999_2021_302.csv: 1440 windows
  E6999_2021_303.csv: 1440 windows
  E6999_2021_304.csv: 1440 windows
  E6999_2021_305.csv: 1440 windows
  E6999_2021_306.csv: 1440 windows
  E6999_2021_307.csv: 1440 windows
  E6999_2021_308.csv: 1440 windows
  E6999_2021_309.csv: 1440 windows
  E6999_2021_310.csv: 1440 windows
  E6999_2021_311.csv: 1440 windows
  E6999_2021_312.csv: 1440 windows
  E6999_2021_313.csv: 1440 windows
  E6999_2021_314.csv: 1440 windows
  E6999_2021_315.csv: 1440 windows
  E6999_2021_316.csv: 1440 windows
  E6999_2021_317.csv: 1440 windows
  E6999_2021_318.csv: 404 windows

Total windows: 42162
Combined CSV saved to /srv/beegfs/scratch/users/c/cabrerap/hvsr_output/combined/E6999_WR.csv

Statistical Summary:
--------------------
<pandas.io.formats.style.Styler object at 0x14e79d371af0>
Figure saved to /srv/beegfs/scratch/users/c/cabrerap/hvsr_output/combined/E6999_WR_single_panel.png

Done: 17:31:32
