Processing row 157: station V7294,38.40304618,14.943264,145.296
Station: V7294
Starting time: 17:22:51
Days with complete data: 30

  2021.289  [17:22:51]
    Saved V7294_2021_289.csv

  2021.290  [17:23:11]
    Saved V7294_2021_290.csv

  2021.291  [17:23:25]
    Saved V7294_2021_291.csv

  2021.292  [17:23:46]
    Saved V7294_2021_292.csv

  2021.293  [17:24:00]
    Saved V7294_2021_293.csv

  2021.294  [17:24:17]
    Saved V7294_2021_294.csv

  2021.295  [17:24:34]
    Saved V7294_2021_295.csv

  2021.296  [17:24:52]
    Saved V7294_2021_296.csv

  2021.297  [17:25:11]
    Saved V7294_2021_297.csv

  2021.298  [17:25:31]
    Saved V7294_2021_298.csv

  2021.299  [17:25:47]
    Saved V7294_2021_299.csv

  2021.300  [17:26:06]
    Saved V7294_2021_300.csv

  2021.301  [17:26:23]
    Saved V7294_2021_301.csv

  2021.302  [17:26:44]
    Saved V7294_2021_302.csv

  2021.303  [17:27:02]
    Saved V7294_2021_303.csv

  2021.304  [17:27:19]
    Saved V7294_2021_304.csv

  2021.305  [17:27:37]
    Saved V7294_2021_305.csv

  2021.306  [17:27:54]
    Saved V7294_2021_306.csv

  2021.307  [17:28:15]
    Saved V7294_2021_307.csv

  2021.308  [17:28:37]
    Saved V7294_2021_308.csv

  2021.309  [17:28:58]
    Saved V7294_2021_309.csv

  2021.310  [17:29:16]
    Saved V7294_2021_310.csv

  2021.311  [17:29:32]
    Saved V7294_2021_311.csv

  2021.312  [17:29:50]
    Saved V7294_2021_312.csv

  2021.313  [17:30:07]
    Saved V7294_2021_313.csv

  2021.314  [17:30:23]
    Saved V7294_2021_314.csv

  2021.315  [17:30:41]
    Saved V7294_2021_315.csv

  2021.316  [17:30:59]
    Saved V7294_2021_316.csv

  2021.317  [17:31:13]
    Saved V7294_2021_317.csv

  2021.318  [17:31:30]
    Saved V7294_2021_318.csv

All days done: 17:31:37
Station: V7294
Starting time: 17:31:41
Found 30 per-day CSV(s)
  V7294_2021_289.csv: 1438 windows
  V7294_2021_290.csv: 1440 windows
  V7294_2021_291.csv: 1440 windows
  V7294_2021_292.csv: 1440 windows
  V7294_2021_293.csv: 1440 windows
  V7294_2021_294.csv: 1440 windows
  V7294_2021_295.csv: 1440 windows
  V7294_2021_296.csv: 1440 windows
  V7294_2021_297.csv: 1440 windows
  V7294_2021_298.csv: 1440 windows
  V7294_2021_299.csv: 1440 windows
  V7294_2021_300.csv: 1440 windows
  V7294_2021_301.csv: 1440 windows
  V7294_2021_302.csv: 1440 windows
  V7294_2021_303.csv: 1440 windows
  V7294_2021_304.csv: 1440 windows
  V7294_2021_305.csv: 1440 windows
  V7294_2021_306.csv: 1440 windows
  V7294_2021_307.csv: 1440 windows
  V7294_2021_308.csv: 1440 windows
  V7294_2021_309.csv: 1440 windows
  V7294_2021_310.csv: 1440 windows
  V7294_2021_311.csv: 1440 windows
  V7294_2021_312.csv: 1440 windows
  V7294_2021_313.csv: 1440 windows
  V7294_2021_314.csv: 1440 windows
  V7294_2021_315.csv: 1440 windows
  V7294_2021_316.csv: 1440 windows
  V7294_2021_317.csv: 1440 windows
  V7294_2021_318.csv: 504 windows

Total windows: 42262
Combined CSV saved to /srv/beegfs/scratch/users/c/cabrerap/hvsr_output/combined/V7294_WR.csv

Statistical Summary:
--------------------
<pandas.io.formats.style.Styler object at 0x154d63b30ac0>
Figure saved to /srv/beegfs/scratch/users/c/cabrerap/hvsr_output/combined/V7294_WR_single_panel.png

Done: 17:33:01
