Processing row 150: station V7249,38.40647051,14.95024251,37.2057
Station: V7249
Starting time: 17:22:50
Days with complete data: 31

  2021.289  [17:22:50]
    Saved V7249_2021_289.csv

  2021.290  [17:23:11]
    Saved V7249_2021_290.csv

  2021.291  [17:23:26]
    Saved V7249_2021_291.csv

  2021.292  [17:23:46]
    Saved V7249_2021_292.csv

  2021.293  [17:24:04]
    Saved V7249_2021_293.csv

  2021.294  [17:24:19]
    Saved V7249_2021_294.csv

  2021.295  [17:24:38]
    Saved V7249_2021_295.csv

  2021.296  [17:24:56]
    Saved V7249_2021_296.csv

  2021.297  [17:25:12]
    Saved V7249_2021_297.csv

  2021.298  [17:25:30]
    Saved V7249_2021_298.csv

  2021.299  [17:25:48]
    Saved V7249_2021_299.csv

  2021.300  [17:26:09]
    Saved V7249_2021_300.csv

  2021.301  [17:26:24]
    Saved V7249_2021_301.csv

  2021.302  [17:26:44]
    Saved V7249_2021_302.csv

  2021.303  [17:27:02]
    Saved V7249_2021_303.csv

  2021.304  [17:27:21]
    Saved V7249_2021_304.csv

  2021.305  [17:27:38]
    Saved V7249_2021_305.csv

  2021.306  [17:27:58]
    Saved V7249_2021_306.csv

  2021.307  [17:28:18]
    Saved V7249_2021_307.csv

  2021.308  [17:28:41]
    Saved V7249_2021_308.csv

  2021.309  [17:29:01]
    Saved V7249_2021_309.csv

  2021.310  [17:29:21]
    Saved V7249_2021_310.csv

  2021.311  [17:29:39]
    Saved V7249_2021_311.csv

  2021.312  [17:29:53]
    Saved V7249_2021_312.csv

  2021.313  [17:30:11]
    Saved V7249_2021_313.csv

  2021.314  [17:30:27]
    Saved V7249_2021_314.csv

  2021.315  [17:30:46]
    Saved V7249_2021_315.csv

  2021.316  [17:31:03]
    Saved V7249_2021_316.csv

  2021.317  [17:31:19]
    Saved V7249_2021_317.csv

  2021.318  [17:31:37]
    Saved V7249_2021_318.csv

  2021.319  [17:31:55]
    Saved V7249_2021_319.csv

All days done: 17:32:03
Station: V7249
Starting time: 17:32:06
Found 31 per-day CSV(s)
  V7249_2021_289.csv: 1438 windows
  V7249_2021_290.csv: 1440 windows
  V7249_2021_291.csv: 1440 windows
  V7249_2021_292.csv: 1440 windows
  V7249_2021_293.csv: 1440 windows
  V7249_2021_294.csv: 1440 windows
  V7249_2021_295.csv: 1440 windows
  V7249_2021_296.csv: 1440 windows
  V7249_2021_297.csv: 1440 windows
  V7249_2021_298.csv: 1440 windows
  V7249_2021_299.csv: 1440 windows
  V7249_2021_300.csv: 1440 windows
  V7249_2021_301.csv: 1440 windows
  V7249_2021_302.csv: 1440 windows
  V7249_2021_303.csv: 1440 windows
  V7249_2021_304.csv: 1440 windows
  V7249_2021_305.csv: 1440 windows
  V7249_2021_306.csv: 1440 windows
  V7249_2021_307.csv: 1440 windows
  V7249_2021_308.csv: 1440 windows
  V7249_2021_309.csv: 1440 windows
  V7249_2021_310.csv: 1440 windows
  V7249_2021_311.csv: 1440 windows
  V7249_2021_312.csv: 1440 windows
  V7249_2021_313.csv: 1440 windows
  V7249_2021_314.csv: 1440 windows
  V7249_2021_315.csv: 1440 windows
  V7249_2021_316.csv: 1440 windows
  V7249_2021_317.csv: 1440 windows
  V7249_2021_318.csv: 1440 windows
  V7249_2021_319.csv: 773 windows

Total windows: 43971
Combined CSV saved to /srv/beegfs/scratch/users/c/cabrerap/hvsr_output/combined/V7249_WR.csv

Statistical Summary:
--------------------
<pandas.io.formats.style.Styler object at 0x1549357d7af0>
Figure saved to /srv/beegfs/scratch/users/c/cabrerap/hvsr_output/combined/V7249_WR_single_panel.png

Done: 17:33:11
