Processing row 101: station V6946,38.4125243,14.96759878,31.0118
Station: V6946
Starting time: 17:22:51
Days with complete data: 27

  2021.289  [17:22:51]
    Saved V6946_2021_289.csv

  2021.290  [17:23:08]
    Saved V6946_2021_290.csv

  2021.291  [17:23:20]
    Saved V6946_2021_291.csv

  2021.292  [17:23:40]
    Saved V6946_2021_292.csv

  2021.293  [17:24:00]
    Saved V6946_2021_293.csv

  2021.294  [17:24:23]
    Saved V6946_2021_294.csv

  2021.295  [17:24:46]
    Saved V6946_2021_295.csv

  2021.296  [17:25:07]
    Saved V6946_2021_296.csv

  2021.297  [17:25:26]
    Saved V6946_2021_297.csv

  2021.298  [17:25:45]
    Saved V6946_2021_298.csv

  2021.299  [17:26:03]
    Saved V6946_2021_299.csv

  2021.300  [17:26:25]
    Saved V6946_2021_300.csv

  2021.301  [17:26:43]
    Saved V6946_2021_301.csv

  2021.302  [17:27:05]
    Saved V6946_2021_302.csv

  2021.303  [17:27:24]
    Saved V6946_2021_303.csv

  2021.304  [17:27:44]
    Saved V6946_2021_304.csv

  2021.305  [17:28:02]
    Saved V6946_2021_305.csv

  2021.306  [17:28:20]
    Saved V6946_2021_306.csv

  2021.307  [17:28:45]
    Saved V6946_2021_307.csv

  2021.308  [17:29:07]
    Saved V6946_2021_308.csv

  2021.309  [17:29:26]
    Saved V6946_2021_309.csv

  2021.310  [17:29:48]
    Saved V6946_2021_310.csv

  2021.311  [17:30:07]
    Saved V6946_2021_311.csv

  2021.312  [17:30:24]
    Saved V6946_2021_312.csv

  2021.313  [17:30:42]
    Saved V6946_2021_313.csv

  2021.314  [17:31:03]
    Saved V6946_2021_314.csv

  2021.315  [17:31:22]
    Saved V6946_2021_315.csv

All days done: 17:31:36
Station: V6946
Starting time: 17:31:40
Found 27 per-day CSV(s)
  V6946_2021_289.csv: 955 windows
  V6946_2021_290.csv: 1440 windows
  V6946_2021_291.csv: 1440 windows
  V6946_2021_292.csv: 1440 windows
  V6946_2021_293.csv: 1440 windows
  V6946_2021_294.csv: 1440 windows
  V6946_2021_295.csv: 1440 windows
  V6946_2021_296.csv: 1440 windows
  V6946_2021_297.csv: 1440 windows
  V6946_2021_298.csv: 1440 windows
  V6946_2021_299.csv: 1440 windows
  V6946_2021_300.csv: 1440 windows
  V6946_2021_301.csv: 1440 windows
  V6946_2021_302.csv: 1440 windows
  V6946_2021_303.csv: 1440 windows
  V6946_2021_304.csv: 1440 windows
  V6946_2021_305.csv: 1440 windows
  V6946_2021_306.csv: 1440 windows
  V6946_2021_307.csv: 1440 windows
  V6946_2021_308.csv: 1440 windows
  V6946_2021_309.csv: 1440 windows
  V6946_2021_310.csv: 1440 windows
  V6946_2021_311.csv: 1440 windows
  V6946_2021_312.csv: 1440 windows
  V6946_2021_313.csv: 1440 windows
  V6946_2021_314.csv: 1440 windows
  V6946_2021_315.csv: 1302 windows

Total windows: 38257
Combined CSV saved to /srv/beegfs/scratch/users/c/cabrerap/hvsr_output/combined/V6946_WR.csv

Statistical Summary:
--------------------
<pandas.io.formats.style.Styler object at 0x1521a13c33d0>
Figure saved to /srv/beegfs/scratch/users/c/cabrerap/hvsr_output/combined/V6946_WR_single_panel.png

Done: 17:33:08
