Processing row 119: station V7099,38.41593147,14.94986594,15.3385
Station: V7099
Starting time: 17:22:51
Days with complete data: 29

  2021.289  [17:22:51]
    Saved V7099_2021_289.csv

  2021.290  [17:23:17]
    Saved V7099_2021_290.csv

  2021.291  [17:23:33]
    Saved V7099_2021_291.csv

  2021.292  [17:23:46]
    Saved V7099_2021_292.csv

  2021.293  [17:24:03]
    Saved V7099_2021_293.csv

  2021.294  [17:24:23]
    Saved V7099_2021_294.csv

  2021.295  [17:24:45]
    Saved V7099_2021_295.csv

  2021.296  [17:25:10]
    Saved V7099_2021_296.csv

  2021.297  [17:25:28]
    Saved V7099_2021_297.csv

  2021.298  [17:25:49]
    Saved V7099_2021_298.csv

  2021.299  [17:26:10]
    Saved V7099_2021_299.csv

  2021.300  [17:26:35]
    Saved V7099_2021_300.csv

  2021.301  [17:26:54]
    Saved V7099_2021_301.csv

  2021.302  [17:27:15]
    Saved V7099_2021_302.csv

  2021.303  [17:27:36]
    Saved V7099_2021_303.csv

  2021.304  [17:27:55]
    Saved V7099_2021_304.csv

  2021.305  [17:28:16]
    Saved V7099_2021_305.csv

  2021.306  [17:28:36]
    Saved V7099_2021_306.csv

  2021.307  [17:28:58]
    Saved V7099_2021_307.csv

  2021.308  [17:29:22]
    Saved V7099_2021_308.csv

  2021.309  [17:29:42]
    Saved V7099_2021_309.csv

  2021.310  [17:29:59]
    Saved V7099_2021_310.csv

  2021.311  [17:30:22]
    Saved V7099_2021_311.csv

  2021.312  [17:30:41]
    Saved V7099_2021_312.csv

  2021.313  [17:31:01]
    Saved V7099_2021_313.csv

  2021.314  [17:31:18]
    Saved V7099_2021_314.csv

  2021.315  [17:31:36]
    Saved V7099_2021_315.csv

  2021.316  [17:31:55]
    Saved V7099_2021_316.csv

  2021.317  [17:32:07]
    Saved V7099_2021_317.csv

All days done: 17:32:23
Station: V7099
Starting time: 17:32:27
Found 29 per-day CSV(s)
  V7099_2021_289.csv: 1428 windows
  V7099_2021_290.csv: 1440 windows
  V7099_2021_291.csv: 1440 windows
  V7099_2021_292.csv: 1440 windows
  V7099_2021_293.csv: 1440 windows
  V7099_2021_294.csv: 1440 windows
  V7099_2021_295.csv: 1440 windows
  V7099_2021_296.csv: 1440 windows
  V7099_2021_297.csv: 1440 windows
  V7099_2021_298.csv: 1440 windows
  V7099_2021_299.csv: 1440 windows
  V7099_2021_300.csv: 1440 windows
  V7099_2021_301.csv: 1440 windows
  V7099_2021_302.csv: 1440 windows
  V7099_2021_303.csv: 1440 windows
  V7099_2021_304.csv: 1440 windows
  V7099_2021_305.csv: 1440 windows
  V7099_2021_306.csv: 1440 windows
  V7099_2021_307.csv: 1440 windows
  V7099_2021_308.csv: 1440 windows
  V7099_2021_309.csv: 1440 windows
  V7099_2021_310.csv: 1440 windows
  V7099_2021_311.csv: 1440 windows
  V7099_2021_312.csv: 1440 windows
  V7099_2021_313.csv: 1440 windows
  V7099_2021_314.csv: 1440 windows
  V7099_2021_315.csv: 1440 windows
  V7099_2021_316.csv: 1440 windows
  V7099_2021_317.csv: 1318 windows

Total windows: 41626
Combined CSV saved to /srv/beegfs/scratch/users/c/cabrerap/hvsr_output/combined/V7099_WR.csv

Statistical Summary:
--------------------
<pandas.io.formats.style.Styler object at 0x14869c55baf0>
Figure saved to /srv/beegfs/scratch/users/c/cabrerap/hvsr_output/combined/V7099_WR_single_panel.png

Done: 17:33:46
