Processing row 11: station E7222,38.40641376,14.97286633,139.12
Station: E7222
Starting time: 17:22:31
Days with complete data: 31

  2021.289  [17:22:31]
    Saved E7222_2021_289.csv

  2021.290  [17:22:41]
    Saved E7222_2021_290.csv

  2021.291  [17:22:49]
    Saved E7222_2021_291.csv

  2021.292  [17:22:59]
    Saved E7222_2021_292.csv

  2021.293  [17:23:15]
    Saved E7222_2021_293.csv

  2021.294  [17:23:28]
    Saved E7222_2021_294.csv

  2021.295  [17:23:43]
    Saved E7222_2021_295.csv

  2021.296  [17:23:57]
    Saved E7222_2021_296.csv

  2021.297  [17:24:14]
    Saved E7222_2021_297.csv

  2021.298  [17:24:28]
    Saved E7222_2021_298.csv

  2021.299  [17:24:45]
    Saved E7222_2021_299.csv

  2021.300  [17:25:00]
    Saved E7222_2021_300.csv

  2021.301  [17:25:15]
    Saved E7222_2021_301.csv

  2021.302  [17:25:31]
    Saved E7222_2021_302.csv

  2021.303  [17:25:47]
    Saved E7222_2021_303.csv

  2021.304  [17:26:01]
    Saved E7222_2021_304.csv

  2021.305  [17:26:15]
    Saved E7222_2021_305.csv

  2021.306  [17:26:30]
    Saved E7222_2021_306.csv

  2021.307  [17:26:47]
    Saved E7222_2021_307.csv

  2021.308  [17:27:03]
    Saved E7222_2021_308.csv

  2021.309  [17:27:18]
    Saved E7222_2021_309.csv

  2021.310  [17:27:34]
    Saved E7222_2021_310.csv

  2021.311  [17:27:50]
    Saved E7222_2021_311.csv

  2021.312  [17:28:06]
    Saved E7222_2021_312.csv

  2021.313  [17:28:20]
    Saved E7222_2021_313.csv

  2021.314  [17:28:39]
    Saved E7222_2021_314.csv

  2021.315  [17:28:55]
    Saved E7222_2021_315.csv

  2021.316  [17:29:10]
    Saved E7222_2021_316.csv

  2021.317  [17:29:23]
    Saved E7222_2021_317.csv

  2021.318  [17:29:40]
    Saved E7222_2021_318.csv

  2021.319  [17:29:56]
    Saved E7222_2021_319.csv

All days done: 17:30:12
Station: E7222
Starting time: 17:30:16
Found 31 per-day CSV(s)
  E7222_2021_289.csv: 1438 windows
  E7222_2021_290.csv: 1440 windows
  E7222_2021_291.csv: 1440 windows
  E7222_2021_292.csv: 1440 windows
  E7222_2021_293.csv: 1440 windows
  E7222_2021_294.csv: 1440 windows
  E7222_2021_295.csv: 1440 windows
  E7222_2021_296.csv: 1440 windows
  E7222_2021_297.csv: 1440 windows
  E7222_2021_298.csv: 1440 windows
  E7222_2021_299.csv: 1440 windows
  E7222_2021_300.csv: 1440 windows
  E7222_2021_301.csv: 1440 windows
  E7222_2021_302.csv: 1440 windows
  E7222_2021_303.csv: 1440 windows
  E7222_2021_304.csv: 1440 windows
  E7222_2021_305.csv: 1440 windows
  E7222_2021_306.csv: 1440 windows
  E7222_2021_307.csv: 1440 windows
  E7222_2021_308.csv: 1440 windows
  E7222_2021_309.csv: 1440 windows
  E7222_2021_310.csv: 1440 windows
  E7222_2021_311.csv: 1440 windows
  E7222_2021_312.csv: 1440 windows
  E7222_2021_313.csv: 1440 windows
  E7222_2021_314.csv: 1440 windows
  E7222_2021_315.csv: 1440 windows
  E7222_2021_316.csv: 1440 windows
  E7222_2021_317.csv: 1440 windows
  E7222_2021_318.csv: 1440 windows
  E7222_2021_319.csv: 1258 windows

Total windows: 44456
Combined CSV saved to /srv/beegfs/scratch/users/c/cabrerap/hvsr_output/combined/E7222_WR.csv

Statistical Summary:
--------------------
<pandas.io.formats.style.Styler object at 0x14cc81ba6af0>
Figure saved to /srv/beegfs/scratch/users/c/cabrerap/hvsr_output/combined/E7222_WR_single_panel.png

Done: 17:31:50
