Processing row 177: station W6492,38.40026137,14.95076219,54.3565
Station: W6492
Starting time: 17:22:50
Days with complete data: 30

  2021.289  [17:22:50]
    Saved W6492_2021_289.csv

  2021.290  [17:23:11]
    Saved W6492_2021_290.csv

  2021.291  [17:23:29]
    Saved W6492_2021_291.csv

  2021.292  [17:23:47]
    Saved W6492_2021_292.csv

  2021.293  [17:24:03]
    Saved W6492_2021_293.csv

  2021.294  [17:24:23]
    Saved W6492_2021_294.csv

  2021.295  [17:24:41]
    Saved W6492_2021_295.csv

  2021.296  [17:25:01]
    Saved W6492_2021_296.csv

  2021.297  [17:25:16]
    Saved W6492_2021_297.csv

  2021.298  [17:25:34]
    Saved W6492_2021_298.csv

  2021.299  [17:25:48]
    Saved W6492_2021_299.csv

  2021.300  [17:26:07]
    Saved W6492_2021_300.csv

  2021.301  [17:26:24]
    Saved W6492_2021_301.csv

  2021.302  [17:26:43]
    Saved W6492_2021_302.csv

  2021.303  [17:27:03]
    Saved W6492_2021_303.csv

  2021.304  [17:27:22]
    Saved W6492_2021_304.csv

  2021.305  [17:27:45]
    Saved W6492_2021_305.csv

  2021.306  [17:28:03]
    Saved W6492_2021_306.csv

  2021.307  [17:28:24]
    Saved W6492_2021_307.csv

  2021.308  [17:28:51]
    Saved W6492_2021_308.csv

  2021.309  [17:29:09]
    Saved W6492_2021_309.csv

  2021.310  [17:29:27]
    Saved W6492_2021_310.csv

  2021.311  [17:29:45]
    Saved W6492_2021_311.csv

  2021.312  [17:30:05]
    Saved W6492_2021_312.csv

  2021.313  [17:30:21]
    Saved W6492_2021_313.csv

  2021.314  [17:30:39]
    Saved W6492_2021_314.csv

  2021.315  [17:30:55]
    Saved W6492_2021_315.csv

  2021.316  [17:31:10]
    Saved W6492_2021_316.csv

  2021.317  [17:31:29]
    Saved W6492_2021_317.csv

  2021.318  [17:31:50]
    Saved W6492_2021_318.csv

All days done: 17:31:58
Station: W6492
Starting time: 17:32:01
Found 30 per-day CSV(s)
  W6492_2021_289.csv: 1438 windows
  W6492_2021_290.csv: 1440 windows
  W6492_2021_291.csv: 1440 windows
  W6492_2021_292.csv: 1440 windows
  W6492_2021_293.csv: 1440 windows
  W6492_2021_294.csv: 1440 windows
  W6492_2021_295.csv: 1440 windows
  W6492_2021_296.csv: 1440 windows
  W6492_2021_297.csv: 1440 windows
  W6492_2021_298.csv: 1440 windows
  W6492_2021_299.csv: 1440 windows
  W6492_2021_300.csv: 1440 windows
  W6492_2021_301.csv: 1440 windows
  W6492_2021_302.csv: 1440 windows
  W6492_2021_303.csv: 1440 windows
  W6492_2021_304.csv: 1440 windows
  W6492_2021_305.csv: 1440 windows
  W6492_2021_306.csv: 1440 windows
  W6492_2021_307.csv: 1440 windows
  W6492_2021_308.csv: 1440 windows
  W6492_2021_309.csv: 1440 windows
  W6492_2021_310.csv: 1440 windows
  W6492_2021_311.csv: 1440 windows
  W6492_2021_312.csv: 1440 windows
  W6492_2021_313.csv: 1440 windows
  W6492_2021_314.csv: 1440 windows
  W6492_2021_315.csv: 1440 windows
  W6492_2021_316.csv: 1440 windows
  W6492_2021_317.csv: 1440 windows
  W6492_2021_318.csv: 887 windows

Total windows: 42645
Combined CSV saved to /srv/beegfs/scratch/users/c/cabrerap/hvsr_output/combined/W6492_WR.csv

Statistical Summary:
--------------------
<pandas.io.formats.style.Styler object at 0x146ba1bdfaf0>
Figure saved to /srv/beegfs/scratch/users/c/cabrerap/hvsr_output/combined/W6492_WR_single_panel.png

Done: 17:33:13
