Processing row 126: station V7148,38.39565541,14.94834832,184.386
Station: V7148
Starting time: 17:22:51
Days with complete data: 30

  2021.289  [17:22:51]
    Saved V7148_2021_289.csv

  2021.290  [17:23:18]
    Saved V7148_2021_290.csv

  2021.291  [17:23:38]
    Saved V7148_2021_291.csv

  2021.292  [17:23:59]
    Saved V7148_2021_292.csv

  2021.293  [17:24:18]
    Saved V7148_2021_293.csv

  2021.294  [17:24:35]
    Saved V7148_2021_294.csv

  2021.295  [17:24:54]
    Saved V7148_2021_295.csv

  2021.296  [17:25:14]
    Saved V7148_2021_296.csv

  2021.297  [17:25:36]
    Saved V7148_2021_297.csv

  2021.298  [17:25:57]
    Saved V7148_2021_298.csv

  2021.299  [17:26:18]
    Saved V7148_2021_299.csv

  2021.300  [17:26:39]
    Saved V7148_2021_300.csv

  2021.301  [17:26:57]
    Saved V7148_2021_301.csv

  2021.302  [17:27:17]
    Saved V7148_2021_302.csv

  2021.303  [17:27:36]
    Saved V7148_2021_303.csv

  2021.304  [17:27:56]
    Saved V7148_2021_304.csv

  2021.305  [17:28:17]
    Saved V7148_2021_305.csv

  2021.306  [17:28:37]
    Saved V7148_2021_306.csv

  2021.307  [17:28:54]
    Saved V7148_2021_307.csv

  2021.308  [17:29:14]
    Saved V7148_2021_308.csv

  2021.309  [17:29:35]
    Saved V7148_2021_309.csv

  2021.310  [17:29:56]
    Saved V7148_2021_310.csv

  2021.311  [17:30:19]
    Saved V7148_2021_311.csv

  2021.312  [17:30:37]
    Saved V7148_2021_312.csv

  2021.313  [17:30:59]
    Saved V7148_2021_313.csv

  2021.314  [17:31:15]
    Saved V7148_2021_314.csv

  2021.315  [17:31:30]
    Saved V7148_2021_315.csv

  2021.316  [17:31:49]
    Saved V7148_2021_316.csv

  2021.317  [17:32:04]
    Saved V7148_2021_317.csv

  2021.318  [17:32:20]
    Saved V7148_2021_318.csv

All days done: 17:32:30
Station: V7148
Starting time: 17:32:34
Found 30 per-day CSV(s)
  V7148_2021_289.csv: 1438 windows
  V7148_2021_290.csv: 1440 windows
  V7148_2021_291.csv: 1440 windows
  V7148_2021_292.csv: 1440 windows
  V7148_2021_293.csv: 1440 windows
  V7148_2021_294.csv: 1440 windows
  V7148_2021_295.csv: 1440 windows
  V7148_2021_296.csv: 1440 windows
  V7148_2021_297.csv: 1440 windows
  V7148_2021_298.csv: 1440 windows
  V7148_2021_299.csv: 1440 windows
  V7148_2021_300.csv: 1440 windows
  V7148_2021_301.csv: 1440 windows
  V7148_2021_302.csv: 1440 windows
  V7148_2021_303.csv: 1440 windows
  V7148_2021_304.csv: 1440 windows
  V7148_2021_305.csv: 1440 windows
  V7148_2021_306.csv: 1440 windows
  V7148_2021_307.csv: 1440 windows
  V7148_2021_308.csv: 1440 windows
  V7148_2021_309.csv: 1440 windows
  V7148_2021_310.csv: 1440 windows
  V7148_2021_311.csv: 1440 windows
  V7148_2021_312.csv: 1440 windows
  V7148_2021_313.csv: 1440 windows
  V7148_2021_314.csv: 1440 windows
  V7148_2021_315.csv: 1440 windows
  V7148_2021_316.csv: 1440 windows
  V7148_2021_317.csv: 1440 windows
  V7148_2021_318.csv: 1003 windows

Total windows: 42761
Combined CSV saved to /srv/beegfs/scratch/users/c/cabrerap/hvsr_output/combined/V7148_WR.csv

Statistical Summary:
--------------------
<pandas.io.formats.style.Styler object at 0x1519003baaf0>
Figure saved to /srv/beegfs/scratch/users/c/cabrerap/hvsr_output/combined/V7148_WR_single_panel.png

Done: 17:33:58
