Processing row 12: station E7289,38.40562949,14.97380201,114.304
Station: E7289
Starting time: 17:22:31
Days with complete data: 31

  2021.289  [17:22:31]
    Saved E7289_2021_289.csv

  2021.290  [17:22:42]
    Saved E7289_2021_290.csv

  2021.291  [17:22:51]
    Saved E7289_2021_291.csv

  2021.292  [17:23:07]
    Saved E7289_2021_292.csv

  2021.293  [17:23:19]
    Saved E7289_2021_293.csv

  2021.294  [17:23:35]
    Saved E7289_2021_294.csv

  2021.295  [17:23:50]
    Saved E7289_2021_295.csv

  2021.296  [17:24:05]
    Saved E7289_2021_296.csv

  2021.297  [17:24:22]
    Saved E7289_2021_297.csv

  2021.298  [17:24:40]
    Saved E7289_2021_298.csv

  2021.299  [17:24:56]
    Saved E7289_2021_299.csv

  2021.300  [17:25:14]
    Saved E7289_2021_300.csv

  2021.301  [17:25:33]
    Saved E7289_2021_301.csv

  2021.302  [17:25:48]
    Saved E7289_2021_302.csv

  2021.303  [17:26:03]
    Saved E7289_2021_303.csv

  2021.304  [17:26:19]
    Saved E7289_2021_304.csv

  2021.305  [17:26:36]
    Saved E7289_2021_305.csv

  2021.306  [17:26:51]
    Saved E7289_2021_306.csv

  2021.307  [17:27:09]
    Saved E7289_2021_307.csv

  2021.308  [17:27:25]
    Saved E7289_2021_308.csv

  2021.309  [17:27:41]
    Saved E7289_2021_309.csv

  2021.310  [17:27:54]
    Saved E7289_2021_310.csv

  2021.311  [17:28:12]
    Saved E7289_2021_311.csv

  2021.312  [17:28:28]
    Saved E7289_2021_312.csv

  2021.313  [17:28:44]
    Saved E7289_2021_313.csv

  2021.314  [17:29:01]
    Saved E7289_2021_314.csv

  2021.315  [17:29:17]
    Saved E7289_2021_315.csv

  2021.316  [17:29:34]
    Saved E7289_2021_316.csv

  2021.317  [17:29:51]
    Saved E7289_2021_317.csv

  2021.318  [17:30:07]
    Saved E7289_2021_318.csv

  2021.319  [17:30:22]
    Saved E7289_2021_319.csv

All days done: 17:30:33
Station: E7289
Starting time: 17:30:37
Found 31 per-day CSV(s)
  E7289_2021_289.csv: 1438 windows
  E7289_2021_290.csv: 1440 windows
  E7289_2021_291.csv: 1440 windows
  E7289_2021_292.csv: 1440 windows
  E7289_2021_293.csv: 1440 windows
  E7289_2021_294.csv: 1440 windows
  E7289_2021_295.csv: 1440 windows
  E7289_2021_296.csv: 1440 windows
  E7289_2021_297.csv: 1440 windows
  E7289_2021_298.csv: 1440 windows
  E7289_2021_299.csv: 1440 windows
  E7289_2021_300.csv: 1440 windows
  E7289_2021_301.csv: 1440 windows
  E7289_2021_302.csv: 1440 windows
  E7289_2021_303.csv: 1440 windows
  E7289_2021_304.csv: 1440 windows
  E7289_2021_305.csv: 1440 windows
  E7289_2021_306.csv: 1440 windows
  E7289_2021_307.csv: 1440 windows
  E7289_2021_308.csv: 1440 windows
  E7289_2021_309.csv: 1440 windows
  E7289_2021_310.csv: 1440 windows
  E7289_2021_311.csv: 1440 windows
  E7289_2021_312.csv: 1440 windows
  E7289_2021_313.csv: 1440 windows
  E7289_2021_314.csv: 1440 windows
  E7289_2021_315.csv: 1440 windows
  E7289_2021_316.csv: 1440 windows
  E7289_2021_317.csv: 1440 windows
  E7289_2021_318.csv: 1440 windows
  E7289_2021_319.csv: 714 windows

Total windows: 43912
Combined CSV saved to /srv/beegfs/scratch/users/c/cabrerap/hvsr_output/combined/E7289_WR.csv

Statistical Summary:
--------------------
<pandas.io.formats.style.Styler object at 0x14673a2e5ac0>
Figure saved to /srv/beegfs/scratch/users/c/cabrerap/hvsr_output/combined/E7289_WR_single_panel.png

Done: 17:32:10
