Processing row 176: station W6446,38.39967334,14.951067,60.5962
Station: W6446
Starting time: 17:22:50
Days with complete data: 30

  2021.289  [17:22:50]
    Saved W6446_2021_289.csv

  2021.290  [17:23:09]
    Saved W6446_2021_290.csv

  2021.291  [17:23:22]
    Saved W6446_2021_291.csv

  2021.292  [17:23:39]
    Saved W6446_2021_292.csv

  2021.293  [17:23:56]
    Saved W6446_2021_293.csv

  2021.294  [17:24:12]
    Saved W6446_2021_294.csv

  2021.295  [17:24:29]
    Saved W6446_2021_295.csv

  2021.296  [17:24:46]
    Saved W6446_2021_296.csv

  2021.297  [17:25:06]
    Saved W6446_2021_297.csv

  2021.298  [17:25:23]
    Saved W6446_2021_298.csv

  2021.299  [17:25:42]
    Saved W6446_2021_299.csv

  2021.300  [17:26:01]
    Saved W6446_2021_300.csv

  2021.301  [17:26:19]
    Saved W6446_2021_301.csv

  2021.302  [17:26:38]
    Saved W6446_2021_302.csv

  2021.303  [17:26:52]
    Saved W6446_2021_303.csv

  2021.304  [17:27:15]
    Saved W6446_2021_304.csv

  2021.305  [17:27:33]
    Saved W6446_2021_305.csv

  2021.306  [17:27:53]
    Saved W6446_2021_306.csv

  2021.307  [17:28:12]
    Saved W6446_2021_307.csv

  2021.308  [17:28:35]
    Saved W6446_2021_308.csv

  2021.309  [17:28:53]
    Saved W6446_2021_309.csv

  2021.310  [17:29:14]
    Saved W6446_2021_310.csv

  2021.311  [17:29:32]
    Saved W6446_2021_311.csv

  2021.312  [17:29:50]
    Saved W6446_2021_312.csv

  2021.313  [17:30:10]
    Saved W6446_2021_313.csv

  2021.314  [17:30:25]
    Saved W6446_2021_314.csv

  2021.315  [17:30:43]
    Saved W6446_2021_315.csv

  2021.316  [17:30:59]
    Saved W6446_2021_316.csv

  2021.317  [17:31:18]
    Saved W6446_2021_317.csv

  2021.318  [17:31:37]
    Saved W6446_2021_318.csv

All days done: 17:31:55
Station: W6446
Starting time: 17:31:58
Found 30 per-day CSV(s)
  W6446_2021_289.csv: 1438 windows
  W6446_2021_290.csv: 1440 windows
  W6446_2021_291.csv: 1440 windows
  W6446_2021_292.csv: 1440 windows
  W6446_2021_293.csv: 1440 windows
  W6446_2021_294.csv: 1440 windows
  W6446_2021_295.csv: 1440 windows
  W6446_2021_296.csv: 1440 windows
  W6446_2021_297.csv: 1440 windows
  W6446_2021_298.csv: 1440 windows
  W6446_2021_299.csv: 1440 windows
  W6446_2021_300.csv: 1440 windows
  W6446_2021_301.csv: 1440 windows
  W6446_2021_302.csv: 1440 windows
  W6446_2021_303.csv: 1440 windows
  W6446_2021_304.csv: 1440 windows
  W6446_2021_305.csv: 1440 windows
  W6446_2021_306.csv: 1440 windows
  W6446_2021_307.csv: 1440 windows
  W6446_2021_308.csv: 1440 windows
  W6446_2021_309.csv: 1440 windows
  W6446_2021_310.csv: 1440 windows
  W6446_2021_311.csv: 1440 windows
  W6446_2021_312.csv: 1440 windows
  W6446_2021_313.csv: 1440 windows
  W6446_2021_314.csv: 1440 windows
  W6446_2021_315.csv: 1440 windows
  W6446_2021_316.csv: 1440 windows
  W6446_2021_317.csv: 1440 windows
  W6446_2021_318.csv: 1321 windows

Total windows: 43079
Combined CSV saved to /srv/beegfs/scratch/users/c/cabrerap/hvsr_output/combined/W6446_WR.csv

Statistical Summary:
--------------------
<pandas.io.formats.style.Styler object at 0x14d4f093eaf0>
Figure saved to /srv/beegfs/scratch/users/c/cabrerap/hvsr_output/combined/W6446_WR_single_panel.png

Done: 17:33:16
