Processing row 183: station W7172,38.39857291,14.95191386,66.7846
Station: W7172
Starting time: 17:22:50
Days with complete data: 31

  2021.289  [17:22:50]
    Saved W7172_2021_289.csv

  2021.290  [17:23:11]
    Saved W7172_2021_290.csv

  2021.291  [17:23:26]
    Saved W7172_2021_291.csv

  2021.292  [17:23:45]
    Saved W7172_2021_292.csv

  2021.293  [17:24:04]
    Saved W7172_2021_293.csv

  2021.294  [17:24:23]
    Saved W7172_2021_294.csv

  2021.295  [17:24:44]
    Saved W7172_2021_295.csv

  2021.296  [17:25:06]
    Saved W7172_2021_296.csv

  2021.297  [17:25:20]
    Saved W7172_2021_297.csv

  2021.298  [17:25:36]
    Saved W7172_2021_298.csv

  2021.299  [17:25:51]
    Saved W7172_2021_299.csv

  2021.300  [17:26:09]
    Saved W7172_2021_300.csv

  2021.301  [17:26:26]
    Saved W7172_2021_301.csv

  2021.302  [17:26:44]
    Saved W7172_2021_302.csv

  2021.303  [17:27:03]
    Saved W7172_2021_303.csv

  2021.304  [17:27:19]
    Saved W7172_2021_304.csv

  2021.305  [17:27:36]
    Saved W7172_2021_305.csv

  2021.306  [17:27:53]
    Saved W7172_2021_306.csv

  2021.307  [17:28:12]
    Saved W7172_2021_307.csv

  2021.308  [17:28:28]
    Saved W7172_2021_308.csv

  2021.309  [17:28:49]
    Saved W7172_2021_309.csv

  2021.310  [17:29:10]
    Saved W7172_2021_310.csv

  2021.311  [17:29:25]
    Saved W7172_2021_311.csv

  2021.312  [17:29:41]
    Saved W7172_2021_312.csv

  2021.313  [17:29:56]
    Saved W7172_2021_313.csv

  2021.314  [17:30:17]
    Saved W7172_2021_314.csv

  2021.315  [17:30:30]
    Saved W7172_2021_315.csv

  2021.316  [17:30:50]
    Saved W7172_2021_316.csv

  2021.317  [17:31:06]
    Saved W7172_2021_317.csv

  2021.318  [17:31:22]
    Saved W7172_2021_318.csv

  2021.319  [17:31:37]
    Saved W7172_2021_319.csv

All days done: 17:31:47
Station: W7172
Starting time: 17:31:50
Found 31 per-day CSV(s)
  W7172_2021_289.csv: 1438 windows
  W7172_2021_290.csv: 1440 windows
  W7172_2021_291.csv: 1440 windows
  W7172_2021_292.csv: 1440 windows
  W7172_2021_293.csv: 1440 windows
  W7172_2021_294.csv: 1440 windows
  W7172_2021_295.csv: 1440 windows
  W7172_2021_296.csv: 1440 windows
  W7172_2021_297.csv: 1440 windows
  W7172_2021_298.csv: 1440 windows
  W7172_2021_299.csv: 1440 windows
  W7172_2021_300.csv: 1440 windows
  W7172_2021_301.csv: 1440 windows
  W7172_2021_302.csv: 1440 windows
  W7172_2021_303.csv: 1440 windows
  W7172_2021_304.csv: 1440 windows
  W7172_2021_305.csv: 1440 windows
  W7172_2021_306.csv: 1440 windows
  W7172_2021_307.csv: 1440 windows
  W7172_2021_308.csv: 1440 windows
  W7172_2021_309.csv: 1440 windows
  W7172_2021_310.csv: 1440 windows
  W7172_2021_311.csv: 1440 windows
  W7172_2021_312.csv: 1440 windows
  W7172_2021_313.csv: 1440 windows
  W7172_2021_314.csv: 1440 windows
  W7172_2021_315.csv: 1440 windows
  W7172_2021_316.csv: 1440 windows
  W7172_2021_317.csv: 1440 windows
  W7172_2021_318.csv: 1440 windows
  W7172_2021_319.csv: 237 windows

Total windows: 43435
Combined CSV saved to /srv/beegfs/scratch/users/c/cabrerap/hvsr_output/combined/W7172_WR.csv

Statistical Summary:
--------------------
<pandas.io.formats.style.Styler object at 0x1520283a0af0>
Figure saved to /srv/beegfs/scratch/users/c/cabrerap/hvsr_output/combined/W7172_WR_single_panel.png

Done: 17:33:08
