Processing row 23: station L7141,38.44191074,14.95442083,125.98
Station: L7141
Starting time: 17:22:32
Days with complete data: 31

  2021.289  [17:22:32]
    Saved L7141_2021_289.csv

  2021.290  [17:22:49]
    Saved L7141_2021_290.csv

  2021.291  [17:22:59]
    Saved L7141_2021_291.csv

  2021.292  [17:23:22]
    Saved L7141_2021_292.csv

  2021.293  [17:23:49]
    Saved L7141_2021_293.csv

  2021.294  [17:24:13]
    Saved L7141_2021_294.csv

  2021.295  [17:24:30]
    Saved L7141_2021_295.csv

  2021.296  [17:24:54]
    Saved L7141_2021_296.csv

  2021.297  [17:25:18]
    Saved L7141_2021_297.csv

  2021.298  [17:25:43]
    Saved L7141_2021_298.csv

  2021.299  [17:26:02]
    Saved L7141_2021_299.csv

  2021.300  [17:26:22]
    Saved L7141_2021_300.csv

  2021.301  [17:26:50]
    Saved L7141_2021_301.csv

  2021.302  [17:27:11]
    Saved L7141_2021_302.csv

  2021.303  [17:27:29]
    Saved L7141_2021_303.csv

  2021.304  [17:27:53]
    Saved L7141_2021_304.csv

  2021.305  [17:28:20]
    Saved L7141_2021_305.csv

  2021.306  [17:28:48]
    Saved L7141_2021_306.csv

  2021.307  [17:29:13]
    Saved L7141_2021_307.csv

  2021.308  [17:29:35]
    Saved L7141_2021_308.csv

  2021.309  [17:29:54]
    Saved L7141_2021_309.csv

  2021.310  [17:30:20]
    Saved L7141_2021_310.csv

  2021.311  [17:30:41]
    Saved L7141_2021_311.csv

  2021.312  [17:31:01]
    Saved L7141_2021_312.csv

  2021.313  [17:31:18]
    Saved L7141_2021_313.csv

  2021.314  [17:31:38]
    Saved L7141_2021_314.csv

  2021.315  [17:32:04]
    Saved L7141_2021_315.csv

  2021.316  [17:32:23]
    Saved L7141_2021_316.csv

  2021.317  [17:32:40]
    Saved L7141_2021_317.csv

  2021.318  [17:32:51]
    Saved L7141_2021_318.csv

  2021.319  [17:33:07]
    Saved L7141_2021_319.csv

All days done: 17:33:12
Station: L7141
Starting time: 17:33:16
Found 31 per-day CSV(s)
  L7141_2021_289.csv: 1438 windows
  L7141_2021_290.csv: 1440 windows
  L7141_2021_291.csv: 1440 windows
  L7141_2021_292.csv: 1440 windows
  L7141_2021_293.csv: 1440 windows
  L7141_2021_294.csv: 1440 windows
  L7141_2021_295.csv: 1440 windows
  L7141_2021_296.csv: 1440 windows
  L7141_2021_297.csv: 1440 windows
  L7141_2021_298.csv: 1440 windows
  L7141_2021_299.csv: 1440 windows
  L7141_2021_300.csv: 1440 windows
  L7141_2021_301.csv: 1440 windows
  L7141_2021_302.csv: 1440 windows
  L7141_2021_303.csv: 1440 windows
  L7141_2021_304.csv: 1440 windows
  L7141_2021_305.csv: 1440 windows
  L7141_2021_306.csv: 1440 windows
  L7141_2021_307.csv: 1440 windows
  L7141_2021_308.csv: 1440 windows
  L7141_2021_309.csv: 1440 windows
  L7141_2021_310.csv: 1440 windows
  L7141_2021_311.csv: 1440 windows
  L7141_2021_312.csv: 1440 windows
  L7141_2021_313.csv: 1440 windows
  L7141_2021_314.csv: 1440 windows
  L7141_2021_315.csv: 1440 windows
  L7141_2021_316.csv: 1440 windows
  L7141_2021_317.csv: 1440 windows
  L7141_2021_318.csv: 1440 windows
  L7141_2021_319.csv: 403 windows

Total windows: 43601
Combined CSV saved to /srv/beegfs/scratch/users/c/cabrerap/hvsr_output/combined/L7141_WR.csv

Statistical Summary:
--------------------
<pandas.io.formats.style.Styler object at 0x14efa17d0ac0>
Figure saved to /srv/beegfs/scratch/users/c/cabrerap/hvsr_output/combined/L7141_WR_single_panel.png

Done: 17:34:34
