Processing row 20: station L6987,38.44227644,14.94745712,31.4085
Station: L6987
Starting time: 17:22:31
Days with complete data: 30

  2021.289  [17:22:31]
    Saved L6987_2021_289.csv

  2021.290  [17:22:38]
    Saved L6987_2021_290.csv

  2021.291  [17:22:48]
    Saved L6987_2021_291.csv

  2021.292  [17:22:56]
    Saved L6987_2021_292.csv

  2021.293  [17:23:13]
    Saved L6987_2021_293.csv

  2021.294  [17:23:24]
    Saved L6987_2021_294.csv

  2021.295  [17:23:37]
    Saved L6987_2021_295.csv

  2021.296  [17:23:51]
    Saved L6987_2021_296.csv

  2021.297  [17:24:07]
    Saved L6987_2021_297.csv

  2021.298  [17:24:21]
    Saved L6987_2021_298.csv

  2021.299  [17:24:36]
    Saved L6987_2021_299.csv

  2021.300  [17:24:52]
    Saved L6987_2021_300.csv

  2021.301  [17:25:09]
    Saved L6987_2021_301.csv

  2021.302  [17:25:25]
    Saved L6987_2021_302.csv

  2021.303  [17:25:38]
    Saved L6987_2021_303.csv

  2021.304  [17:25:52]
    Saved L6987_2021_304.csv

  2021.305  [17:26:08]
    Saved L6987_2021_305.csv

  2021.306  [17:26:26]
    Saved L6987_2021_306.csv

  2021.307  [17:26:43]
    Saved L6987_2021_307.csv

  2021.308  [17:26:59]
    Saved L6987_2021_308.csv

  2021.309  [17:27:17]
    Saved L6987_2021_309.csv

  2021.310  [17:27:32]
    Saved L6987_2021_310.csv

  2021.311  [17:27:47]
    Saved L6987_2021_311.csv

  2021.312  [17:28:02]
    Saved L6987_2021_312.csv

  2021.313  [17:28:19]
    Saved L6987_2021_313.csv

  2021.314  [17:28:36]
    Saved L6987_2021_314.csv

  2021.315  [17:28:50]
    Saved L6987_2021_315.csv

  2021.316  [17:29:05]
    Saved L6987_2021_316.csv

  2021.317  [17:29:20]
    Saved L6987_2021_317.csv

  2021.318  [17:29:36]
    Saved L6987_2021_318.csv

All days done: 17:29:46
Station: L6987
Starting time: 17:29:50
Found 30 per-day CSV(s)
  L6987_2021_289.csv: 945 windows
  L6987_2021_290.csv: 1440 windows
  L6987_2021_291.csv: 1440 windows
  L6987_2021_292.csv: 1440 windows
  L6987_2021_293.csv: 1440 windows
  L6987_2021_294.csv: 1440 windows
  L6987_2021_295.csv: 1440 windows
  L6987_2021_296.csv: 1440 windows
  L6987_2021_297.csv: 1440 windows
  L6987_2021_298.csv: 1440 windows
  L6987_2021_299.csv: 1440 windows
  L6987_2021_300.csv: 1440 windows
  L6987_2021_301.csv: 1440 windows
  L6987_2021_302.csv: 1440 windows
  L6987_2021_303.csv: 1440 windows
  L6987_2021_304.csv: 1440 windows
  L6987_2021_305.csv: 1440 windows
  L6987_2021_306.csv: 1440 windows
  L6987_2021_307.csv: 1440 windows
  L6987_2021_308.csv: 1440 windows
  L6987_2021_309.csv: 1440 windows
  L6987_2021_310.csv: 1440 windows
  L6987_2021_311.csv: 1440 windows
  L6987_2021_312.csv: 1440 windows
  L6987_2021_313.csv: 1440 windows
  L6987_2021_314.csv: 1440 windows
  L6987_2021_315.csv: 1440 windows
  L6987_2021_316.csv: 1440 windows
  L6987_2021_317.csv: 1440 windows
  L6987_2021_318.csv: 690 windows

Total windows: 41955
Combined CSV saved to /srv/beegfs/scratch/users/c/cabrerap/hvsr_output/combined/L6987_WR.csv

Statistical Summary:
--------------------
<pandas.io.formats.style.Styler object at 0x1490b5d76af0>
Figure saved to /srv/beegfs/scratch/users/c/cabrerap/hvsr_output/combined/L6987_WR_single_panel.png

Done: 17:31:13
