Processing row 27: station L7208,38.44651045,14.95265909,198.931
Station: L7208
Starting time: 17:22:33
Days with complete data: 31

  2021.289  [17:22:33]
    Saved L7208_2021_289.csv

  2021.290  [17:22:50]
    Saved L7208_2021_290.csv

  2021.291  [17:23:15]
    Saved L7208_2021_291.csv

  2021.292  [17:23:27]
    Saved L7208_2021_292.csv

  2021.293  [17:23:54]
    Saved L7208_2021_293.csv

  2021.294  [17:24:19]
    Saved L7208_2021_294.csv

  2021.295  [17:24:49]
    Saved L7208_2021_295.csv

  2021.296  [17:25:19]
    Saved L7208_2021_296.csv

  2021.297  [17:25:48]
    Saved L7208_2021_297.csv

  2021.298  [17:26:14]
    Saved L7208_2021_298.csv

  2021.299  [17:26:38]
    Saved L7208_2021_299.csv

  2021.300  [17:26:57]
    Saved L7208_2021_300.csv

  2021.301  [17:27:25]
    Saved L7208_2021_301.csv

  2021.302  [17:27:49]
    Saved L7208_2021_302.csv

  2021.303  [17:28:17]
    Saved L7208_2021_303.csv

  2021.304  [17:28:50]
    Saved L7208_2021_304.csv

  2021.305  [17:29:20]
    Saved L7208_2021_305.csv

  2021.306  [17:29:42]
    Saved L7208_2021_306.csv

  2021.307  [17:30:05]
    Saved L7208_2021_307.csv

  2021.308  [17:30:29]
    Saved L7208_2021_308.csv

  2021.309  [17:30:55]
    Saved L7208_2021_309.csv

  2021.310  [17:31:17]
    Saved L7208_2021_310.csv

  2021.311  [17:31:39]
    Saved L7208_2021_311.csv

  2021.312  [17:32:05]
    Saved L7208_2021_312.csv

  2021.313  [17:32:27]
    Saved L7208_2021_313.csv

  2021.314  [17:32:47]
    Saved L7208_2021_314.csv

  2021.315  [17:33:05]
    Saved L7208_2021_315.csv

  2021.316  [17:33:19]
    Saved L7208_2021_316.csv

  2021.317  [17:33:29]
    Saved L7208_2021_317.csv

  2021.318  [17:33:42]
    Saved L7208_2021_318.csv

  2021.319  [17:33:54]
    Saved L7208_2021_319.csv

All days done: 17:33:59
Station: L7208
Starting time: 17:34:04
Found 31 per-day CSV(s)
  L7208_2021_289.csv: 1438 windows
  L7208_2021_290.csv: 1440 windows
  L7208_2021_291.csv: 1440 windows
  L7208_2021_292.csv: 1440 windows
  L7208_2021_293.csv: 1440 windows
  L7208_2021_294.csv: 1440 windows
  L7208_2021_295.csv: 1440 windows
  L7208_2021_296.csv: 1440 windows
  L7208_2021_297.csv: 1440 windows
  L7208_2021_298.csv: 1440 windows
  L7208_2021_299.csv: 1440 windows
  L7208_2021_300.csv: 1440 windows
  L7208_2021_301.csv: 1440 windows
  L7208_2021_302.csv: 1440 windows
  L7208_2021_303.csv: 1440 windows
  L7208_2021_304.csv: 1440 windows
  L7208_2021_305.csv: 1440 windows
  L7208_2021_306.csv: 1440 windows
  L7208_2021_307.csv: 1440 windows
  L7208_2021_308.csv: 1440 windows
  L7208_2021_309.csv: 1440 windows
  L7208_2021_310.csv: 1440 windows
  L7208_2021_311.csv: 1440 windows
  L7208_2021_312.csv: 1440 windows
  L7208_2021_313.csv: 1440 windows
  L7208_2021_314.csv: 1440 windows
  L7208_2021_315.csv: 1440 windows
  L7208_2021_316.csv: 1440 windows
  L7208_2021_317.csv: 1440 windows
  L7208_2021_318.csv: 1440 windows
  L7208_2021_319.csv: 663 windows

Total windows: 43861
Combined CSV saved to /srv/beegfs/scratch/users/c/cabrerap/hvsr_output/combined/L7208_WR.csv

Statistical Summary:
--------------------
<pandas.io.formats.style.Styler object at 0x14aa66bdaac0>
Figure saved to /srv/beegfs/scratch/users/c/cabrerap/hvsr_output/combined/L7208_WR_single_panel.png

Done: 17:35:03
