Processing row 21: station L6990,38.4434736,14.9541955,168.246
Station: L6990
Starting time: 17:22:33
Days with complete data: 30

  2021.289  [17:22:33]
    Saved L6990_2021_289.csv

  2021.290  [17:22:50]
    Saved L6990_2021_290.csv

  2021.291  [17:23:06]
    Saved L6990_2021_291.csv

  2021.292  [17:23:23]
    Saved L6990_2021_292.csv

  2021.293  [17:23:50]
    Saved L6990_2021_293.csv

  2021.294  [17:24:10]
    Saved L6990_2021_294.csv

  2021.295  [17:24:28]
    Saved L6990_2021_295.csv

  2021.296  [17:24:51]
    Saved L6990_2021_296.csv

  2021.297  [17:25:13]
    Saved L6990_2021_297.csv

  2021.298  [17:25:34]
    Saved L6990_2021_298.csv

  2021.299  [17:25:53]
    Saved L6990_2021_299.csv

  2021.300  [17:26:15]
    Saved L6990_2021_300.csv

  2021.301  [17:26:40]
    Saved L6990_2021_301.csv

  2021.302  [17:26:57]
    Saved L6990_2021_302.csv

  2021.303  [17:27:22]
    Saved L6990_2021_303.csv

  2021.304  [17:27:45]
    Saved L6990_2021_304.csv

  2021.305  [17:28:06]
    Saved L6990_2021_305.csv

  2021.306  [17:28:24]
    Saved L6990_2021_306.csv

  2021.307  [17:28:49]
    Saved L6990_2021_307.csv

  2021.308  [17:29:14]
    Saved L6990_2021_308.csv

  2021.309  [17:29:31]
    Saved L6990_2021_309.csv

  2021.310  [17:29:51]
    Saved L6990_2021_310.csv

  2021.311  [17:30:15]
    Saved L6990_2021_311.csv

  2021.312  [17:30:32]
    Saved L6990_2021_312.csv

  2021.313  [17:30:53]
    Saved L6990_2021_313.csv

  2021.314  [17:31:09]
    Saved L6990_2021_314.csv

  2021.315  [17:31:30]
    Saved L6990_2021_315.csv

  2021.316  [17:31:48]
    Saved L6990_2021_316.csv

  2021.317  [17:32:06]
    Saved L6990_2021_317.csv

  2021.318  [17:32:25]
    Saved L6990_2021_318.csv

All days done: 17:32:34
Station: L6990
Starting time: 17:32:39
Found 30 per-day CSV(s)
  L6990_2021_289.csv: 1438 windows
  L6990_2021_290.csv: 1440 windows
  L6990_2021_291.csv: 1440 windows
  L6990_2021_292.csv: 1440 windows
  L6990_2021_293.csv: 1440 windows
  L6990_2021_294.csv: 1440 windows
  L6990_2021_295.csv: 1440 windows
  L6990_2021_296.csv: 1440 windows
  L6990_2021_297.csv: 1440 windows
  L6990_2021_298.csv: 1440 windows
  L6990_2021_299.csv: 1440 windows
  L6990_2021_300.csv: 1440 windows
  L6990_2021_301.csv: 1440 windows
  L6990_2021_302.csv: 1440 windows
  L6990_2021_303.csv: 1440 windows
  L6990_2021_304.csv: 1440 windows
  L6990_2021_305.csv: 1440 windows
  L6990_2021_306.csv: 1440 windows
  L6990_2021_307.csv: 1440 windows
  L6990_2021_308.csv: 1440 windows
  L6990_2021_309.csv: 1440 windows
  L6990_2021_310.csv: 1440 windows
  L6990_2021_311.csv: 1440 windows
  L6990_2021_312.csv: 1440 windows
  L6990_2021_313.csv: 1440 windows
  L6990_2021_314.csv: 1440 windows
  L6990_2021_315.csv: 1440 windows
  L6990_2021_316.csv: 1440 windows
  L6990_2021_317.csv: 1440 windows
  L6990_2021_318.csv: 772 windows

Total windows: 42530
Combined CSV saved to /srv/beegfs/scratch/users/c/cabrerap/hvsr_output/combined/L6990_WR.csv

Statistical Summary:
--------------------
<pandas.io.formats.style.Styler object at 0x14eb1b03baf0>
Figure saved to /srv/beegfs/scratch/users/c/cabrerap/hvsr_output/combined/L6990_WR_single_panel.png

Done: 17:33:56
