Processing row 22: station L7102,38.44812936,14.95360042,177.943
Station: L7102
Starting time: 17:22:33
Days with complete data: 30

  2021.289  [17:22:33]
    Saved L7102_2021_289.csv

  2021.290  [17:22:43]
    Saved L7102_2021_290.csv

  2021.291  [17:22:54]
    Saved L7102_2021_291.csv

  2021.292  [17:23:21]
    Saved L7102_2021_292.csv

  2021.293  [17:23:47]
    Saved L7102_2021_293.csv

  2021.294  [17:24:06]
    Saved L7102_2021_294.csv

  2021.295  [17:24:25]
    Saved L7102_2021_295.csv

  2021.296  [17:24:50]
    Saved L7102_2021_296.csv

  2021.297  [17:25:17]
    Saved L7102_2021_297.csv

  2021.298  [17:25:41]
    Saved L7102_2021_298.csv

  2021.299  [17:25:58]
    Saved L7102_2021_299.csv

  2021.300  [17:26:20]
    Saved L7102_2021_300.csv

  2021.301  [17:26:46]
    Saved L7102_2021_301.csv

  2021.302  [17:27:08]
    Saved L7102_2021_302.csv

  2021.303  [17:27:26]
    Saved L7102_2021_303.csv

  2021.304  [17:27:51]
    Saved L7102_2021_304.csv

  2021.305  [17:28:17]
    Saved L7102_2021_305.csv

  2021.306  [17:28:38]
    Saved L7102_2021_306.csv

  2021.307  [17:29:00]
    Saved L7102_2021_307.csv

  2021.308  [17:29:21]
    Saved L7102_2021_308.csv

  2021.309  [17:29:44]
    Saved L7102_2021_309.csv

  2021.310  [17:30:09]
    Saved L7102_2021_310.csv

  2021.311  [17:30:28]
    Saved L7102_2021_311.csv

  2021.312  [17:30:46]
    Saved L7102_2021_312.csv

  2021.313  [17:31:09]
    Saved L7102_2021_313.csv

  2021.314  [17:31:30]
    Saved L7102_2021_314.csv

  2021.315  [17:31:52]
    Saved L7102_2021_315.csv

  2021.316  [17:32:08]
    Saved L7102_2021_316.csv

  2021.317  [17:32:27]
    Saved L7102_2021_317.csv

  2021.318  [17:32:47]
    Saved L7102_2021_318.csv

All days done: 17:32:59
Station: L7102
Starting time: 17:33:04
Found 30 per-day CSV(s)
  L7102_2021_289.csv: 805 windows
  L7102_2021_290.csv: 1440 windows
  L7102_2021_291.csv: 1440 windows
  L7102_2021_292.csv: 1440 windows
  L7102_2021_293.csv: 1440 windows
  L7102_2021_294.csv: 1440 windows
  L7102_2021_295.csv: 1440 windows
  L7102_2021_296.csv: 1440 windows
  L7102_2021_297.csv: 1440 windows
  L7102_2021_298.csv: 1440 windows
  L7102_2021_299.csv: 1440 windows
  L7102_2021_300.csv: 1440 windows
  L7102_2021_301.csv: 1440 windows
  L7102_2021_302.csv: 1440 windows
  L7102_2021_303.csv: 1440 windows
  L7102_2021_304.csv: 1440 windows
  L7102_2021_305.csv: 1440 windows
  L7102_2021_306.csv: 1440 windows
  L7102_2021_307.csv: 1440 windows
  L7102_2021_308.csv: 1440 windows
  L7102_2021_309.csv: 1440 windows
  L7102_2021_310.csv: 1440 windows
  L7102_2021_311.csv: 1440 windows
  L7102_2021_312.csv: 1440 windows
  L7102_2021_313.csv: 1440 windows
  L7102_2021_314.csv: 1440 windows
  L7102_2021_315.csv: 1440 windows
  L7102_2021_316.csv: 1440 windows
  L7102_2021_317.csv: 1440 windows
  L7102_2021_318.csv: 1389 windows

Total windows: 42514
Combined CSV saved to /srv/beegfs/scratch/users/c/cabrerap/hvsr_output/combined/L7102_WR.csv

Statistical Summary:
--------------------
<pandas.io.formats.style.Styler object at 0x153ca0e8aaf0>
Figure saved to /srv/beegfs/scratch/users/c/cabrerap/hvsr_output/combined/L7102_WR_single_panel.png

Done: 17:34:17
