Processing row 25: station L7190,38.44877411,14.94999268,191.644
Station: L7190
Starting time: 17:22:33
Days with complete data: 30

  2021.289  [17:22:33]
    Saved L7190_2021_289.csv

  2021.290  [17:22:43]
    Saved L7190_2021_290.csv

  2021.291  [17:22:55]
    Saved L7190_2021_291.csv

  2021.292  [17:23:21]
    Saved L7190_2021_292.csv

  2021.293  [17:23:44]
    Saved L7190_2021_293.csv

  2021.294  [17:24:05]
    Saved L7190_2021_294.csv

  2021.295  [17:24:23]
    Saved L7190_2021_295.csv

  2021.296  [17:24:51]
    Saved L7190_2021_296.csv

  2021.297  [17:25:19]
    Saved L7190_2021_297.csv

  2021.298  [17:25:50]
    Saved L7190_2021_298.csv

  2021.299  [17:26:20]
    Saved L7190_2021_299.csv

  2021.300  [17:26:48]
    Saved L7190_2021_300.csv

  2021.301  [17:27:19]
    Saved L7190_2021_301.csv

  2021.302  [17:27:50]
    Saved L7190_2021_302.csv

  2021.303  [17:28:14]
    Saved L7190_2021_303.csv

  2021.304  [17:28:41]
    Saved L7190_2021_304.csv

  2021.305  [17:29:07]
    Saved L7190_2021_305.csv

  2021.306  [17:29:26]
    Saved L7190_2021_306.csv

  2021.307  [17:29:50]
    Saved L7190_2021_307.csv

  2021.308  [17:30:18]
    Saved L7190_2021_308.csv

  2021.309  [17:30:38]
    Saved L7190_2021_309.csv

  2021.310  [17:31:04]
    Saved L7190_2021_310.csv

  2021.311  [17:31:25]
    Saved L7190_2021_311.csv

  2021.312  [17:31:44]
    Saved L7190_2021_312.csv

  2021.313  [17:32:06]
    Saved L7190_2021_313.csv

  2021.314  [17:32:27]
    Saved L7190_2021_314.csv

  2021.315  [17:32:48]
    Saved L7190_2021_315.csv

  2021.316  [17:33:05]
    Saved L7190_2021_316.csv

  2021.317  [17:33:22]
    Saved L7190_2021_317.csv

  2021.318  [17:33:36]
    Saved L7190_2021_318.csv

All days done: 17:33:43
Station: L7190
Starting time: 17:33:47
Found 30 per-day CSV(s)
  L7190_2021_289.csv: 769 windows
  L7190_2021_290.csv: 1440 windows
  L7190_2021_291.csv: 1440 windows
  L7190_2021_292.csv: 1440 windows
  L7190_2021_293.csv: 1440 windows
  L7190_2021_294.csv: 1440 windows
  L7190_2021_295.csv: 1440 windows
  L7190_2021_296.csv: 1440 windows
  L7190_2021_297.csv: 1440 windows
  L7190_2021_298.csv: 1440 windows
  L7190_2021_299.csv: 1440 windows
  L7190_2021_300.csv: 1440 windows
  L7190_2021_301.csv: 1440 windows
  L7190_2021_302.csv: 1440 windows
  L7190_2021_303.csv: 1440 windows
  L7190_2021_304.csv: 1440 windows
  L7190_2021_305.csv: 1440 windows
  L7190_2021_306.csv: 1440 windows
  L7190_2021_307.csv: 1440 windows
  L7190_2021_308.csv: 1440 windows
  L7190_2021_309.csv: 1440 windows
  L7190_2021_310.csv: 1440 windows
  L7190_2021_311.csv: 1440 windows
  L7190_2021_312.csv: 1440 windows
  L7190_2021_313.csv: 1440 windows
  L7190_2021_314.csv: 1440 windows
  L7190_2021_315.csv: 1440 windows
  L7190_2021_316.csv: 1440 windows
  L7190_2021_317.csv: 1440 windows
  L7190_2021_318.csv: 804 windows

Total windows: 41893
Combined CSV saved to /srv/beegfs/scratch/users/c/cabrerap/hvsr_output/combined/L7190_WR.csv

Statistical Summary:
--------------------
<pandas.io.formats.style.Styler object at 0x14a273f92af0>
Figure saved to /srv/beegfs/scratch/users/c/cabrerap/hvsr_output/combined/L7190_WR_single_panel.png

Done: 17:34:50
