Processing row 2: station A7131,38.44719304,14.95037854,211.918
Station: A7131
Starting time: 17:22:31
Days with complete data: 31

  2021.289  [17:22:31]
    Saved A7131_2021_289.csv

  2021.290  [17:22:37]
    Saved A7131_2021_290.csv

  2021.291  [17:22:48]
    Saved A7131_2021_291.csv

  2021.292  [17:22:56]
    Saved A7131_2021_292.csv

  2021.293  [17:23:13]
    Saved A7131_2021_293.csv

  2021.294  [17:23:27]
    Saved A7131_2021_294.csv

  2021.295  [17:23:42]
    Saved A7131_2021_295.csv

  2021.296  [17:23:56]
    Saved A7131_2021_296.csv

  2021.297  [17:24:11]
    Saved A7131_2021_297.csv

  2021.298  [17:24:25]
    Saved A7131_2021_298.csv

  2021.299  [17:24:45]
    Saved A7131_2021_299.csv

  2021.300  [17:25:01]
    Saved A7131_2021_300.csv

  2021.301  [17:25:16]
    Saved A7131_2021_301.csv

  2021.302  [17:25:33]
    Saved A7131_2021_302.csv

  2021.303  [17:25:48]
    Saved A7131_2021_303.csv

  2021.304  [17:26:05]
    Saved A7131_2021_304.csv

  2021.305  [17:26:21]
    Saved A7131_2021_305.csv

  2021.306  [17:26:39]
    Saved A7131_2021_306.csv

  2021.307  [17:26:54]
    Saved A7131_2021_307.csv

  2021.308  [17:27:11]
    Saved A7131_2021_308.csv

  2021.309  [17:27:27]
    Saved A7131_2021_309.csv

  2021.310  [17:27:41]
    Saved A7131_2021_310.csv

  2021.311  [17:27:55]
    Saved A7131_2021_311.csv

  2021.312  [17:28:13]
    Saved A7131_2021_312.csv

  2021.313  [17:28:30]
    Saved A7131_2021_313.csv

  2021.314  [17:28:45]
    Saved A7131_2021_314.csv

  2021.315  [17:29:02]
    Saved A7131_2021_315.csv

  2021.316  [17:29:18]
    Saved A7131_2021_316.csv

  2021.317  [17:29:35]
    Saved A7131_2021_317.csv

  2021.318  [17:29:50]
    Saved A7131_2021_318.csv

  2021.319  [17:30:07]
    Saved A7131_2021_319.csv

All days done: 17:30:16
Station: A7131
Starting time: 17:30:19
Found 31 per-day CSV(s)
  A7131_2021_289.csv: 779 windows
  A7131_2021_290.csv: 1440 windows
  A7131_2021_291.csv: 1440 windows
  A7131_2021_292.csv: 1440 windows
  A7131_2021_293.csv: 1440 windows
  A7131_2021_294.csv: 1440 windows
  A7131_2021_295.csv: 1440 windows
  A7131_2021_296.csv: 1440 windows
  A7131_2021_297.csv: 1440 windows
  A7131_2021_298.csv: 1440 windows
  A7131_2021_299.csv: 1440 windows
  A7131_2021_300.csv: 1440 windows
  A7131_2021_301.csv: 1440 windows
  A7131_2021_302.csv: 1440 windows
  A7131_2021_303.csv: 1440 windows
  A7131_2021_304.csv: 1440 windows
  A7131_2021_305.csv: 1440 windows
  A7131_2021_306.csv: 1440 windows
  A7131_2021_307.csv: 1440 windows
  A7131_2021_308.csv: 1440 windows
  A7131_2021_309.csv: 1440 windows
  A7131_2021_310.csv: 1440 windows
  A7131_2021_311.csv: 1440 windows
  A7131_2021_312.csv: 1440 windows
  A7131_2021_313.csv: 1440 windows
  A7131_2021_314.csv: 1440 windows
  A7131_2021_315.csv: 1440 windows
  A7131_2021_316.csv: 1440 windows
  A7131_2021_317.csv: 1440 windows
  A7131_2021_318.csv: 1440 windows
  A7131_2021_319.csv: 589 windows

Total windows: 43128
Combined CSV saved to /srv/beegfs/scratch/users/c/cabrerap/hvsr_output/combined/A7131_WR.csv

Statistical Summary:
--------------------
<pandas.io.formats.style.Styler object at 0x1554e9c8cac0>
Figure saved to /srv/beegfs/scratch/users/c/cabrerap/hvsr_output/combined/A7131_WR_single_panel.png

Done: 17:31:52
