Processing row 32: station N6409,38.42133519,14.96049694,15.7677
Station: N6409
Starting time: 17:22:33
Days with complete data: 28

  2021.289  [17:22:33]
    Saved N6409_2021_289.csv

  2021.290  [17:22:53]
    Saved N6409_2021_290.csv

  2021.291  [17:23:23]
    Saved N6409_2021_291.csv

  2021.292  [17:23:53]
    Saved N6409_2021_292.csv

  2021.293  [17:24:17]
    Saved N6409_2021_293.csv

  2021.294  [17:24:46]
    Saved N6409_2021_294.csv

  2021.295  [17:25:14]
    Saved N6409_2021_295.csv

  2021.296  [17:25:44]
    Saved N6409_2021_296.csv

  2021.297  [17:26:12]
    Saved N6409_2021_297.csv

  2021.298  [17:26:37]
    Saved N6409_2021_298.csv

  2021.299  [17:26:55]
    Saved N6409_2021_299.csv

  2021.300  [17:27:23]
    Saved N6409_2021_300.csv

  2021.301  [17:27:49]
    Saved N6409_2021_301.csv

  2021.302  [17:28:20]
    Saved N6409_2021_302.csv

  2021.303  [17:28:48]
    Saved N6409_2021_303.csv

  2021.304  [17:29:13]
    Saved N6409_2021_304.csv

  2021.305  [17:29:34]
    Saved N6409_2021_305.csv

  2021.306  [17:29:57]
    Saved N6409_2021_306.csv

  2021.307  [17:30:23]
    Saved N6409_2021_307.csv

  2021.308  [17:30:46]
    Saved N6409_2021_308.csv

  2021.309  [17:31:11]
    Saved N6409_2021_309.csv

  2021.310  [17:31:35]
    Saved N6409_2021_310.csv

  2021.311  [17:32:04]
    Saved N6409_2021_311.csv

  2021.312  [17:32:25]
    Saved N6409_2021_312.csv

  2021.313  [17:32:46]
    Saved N6409_2021_313.csv

  2021.314  [17:33:04]
    Saved N6409_2021_314.csv

  2021.315  [17:33:17]
    Saved N6409_2021_315.csv

  2021.316  [17:33:27]
    Saved N6409_2021_316.csv

All days done: 17:33:36
Station: N6409
Starting time: 17:33:40
Found 28 per-day CSV(s)
  N6409_2021_289.csv: 1438 windows
  N6409_2021_290.csv: 1440 windows
  N6409_2021_291.csv: 1440 windows
  N6409_2021_292.csv: 1440 windows
  N6409_2021_293.csv: 1440 windows
  N6409_2021_294.csv: 1440 windows
  N6409_2021_295.csv: 1440 windows
  N6409_2021_296.csv: 1440 windows
  N6409_2021_297.csv: 1440 windows
  N6409_2021_298.csv: 1440 windows
  N6409_2021_299.csv: 1440 windows
  N6409_2021_300.csv: 1440 windows
  N6409_2021_301.csv: 1440 windows
  N6409_2021_302.csv: 1440 windows
  N6409_2021_303.csv: 1440 windows
  N6409_2021_304.csv: 1440 windows
  N6409_2021_305.csv: 1440 windows
  N6409_2021_306.csv: 1440 windows
  N6409_2021_307.csv: 1440 windows
  N6409_2021_308.csv: 1440 windows
  N6409_2021_309.csv: 1440 windows
  N6409_2021_310.csv: 1440 windows
  N6409_2021_311.csv: 1440 windows
  N6409_2021_312.csv: 1440 windows
  N6409_2021_313.csv: 1440 windows
  N6409_2021_314.csv: 1440 windows
  N6409_2021_315.csv: 1440 windows
  N6409_2021_316.csv: 837 windows

Total windows: 39715
Combined CSV saved to /srv/beegfs/scratch/users/c/cabrerap/hvsr_output/combined/N6409_WR.csv

Statistical Summary:
--------------------
<pandas.io.formats.style.Styler object at 0x14f1ad58aaf0>
Figure saved to /srv/beegfs/scratch/users/c/cabrerap/hvsr_output/combined/N6409_WR_single_panel.png

Done: 17:34:38
