Processing row 34: station N6938,38.42168361,14.96123366,21.087
Station: N6938
Starting time: 17:22:33
Days with complete data: 31

  2021.289  [17:22:33]
    Saved N6938_2021_289.csv

  2021.290  [17:22:51]
    Saved N6938_2021_290.csv

  2021.291  [17:23:22]
    Saved N6938_2021_291.csv

  2021.292  [17:23:53]
    Saved N6938_2021_292.csv

  2021.293  [17:24:20]
    Saved N6938_2021_293.csv

  2021.294  [17:24:49]
    Saved N6938_2021_294.csv

  2021.295  [17:25:18]
    Saved N6938_2021_295.csv

  2021.296  [17:25:45]
    Saved N6938_2021_296.csv

  2021.297  [17:26:09]
    Saved N6938_2021_297.csv

  2021.298  [17:26:33]
    Saved N6938_2021_298.csv

  2021.299  [17:26:54]
    Saved N6938_2021_299.csv

  2021.300  [17:27:22]
    Saved N6938_2021_300.csv

  2021.301  [17:27:52]
    Saved N6938_2021_301.csv

  2021.302  [17:28:21]
    Saved N6938_2021_302.csv

  2021.303  [17:28:53]
    Saved N6938_2021_303.csv

  2021.304  [17:29:21]
    Saved N6938_2021_304.csv

  2021.305  [17:29:49]
    Saved N6938_2021_305.csv

  2021.306  [17:30:12]
    Saved N6938_2021_306.csv

  2021.307  [17:30:34]
    Saved N6938_2021_307.csv

  2021.308  [17:30:55]
    Saved N6938_2021_308.csv

  2021.309  [17:31:17]
    Saved N6938_2021_309.csv

  2021.310  [17:31:39]
    Saved N6938_2021_310.csv

  2021.311  [17:32:02]
    Saved N6938_2021_311.csv

  2021.312  [17:32:19]
    Saved N6938_2021_312.csv

  2021.313  [17:32:35]
    Saved N6938_2021_313.csv

  2021.314  [17:32:49]
    Saved N6938_2021_314.csv

  2021.315  [17:33:08]
    Saved N6938_2021_315.csv

  2021.316  [17:33:23]
    Saved N6938_2021_316.csv

  2021.317  [17:33:37]
    Saved N6938_2021_317.csv

  2021.318  [17:33:48]
    Saved N6938_2021_318.csv

  2021.319  [17:33:58]
    Saved N6938_2021_319.csv

All days done: 17:34:01
Station: N6938
Starting time: 17:34:07
Found 31 per-day CSV(s)
  N6938_2021_289.csv: 1438 windows
  N6938_2021_290.csv: 1440 windows
  N6938_2021_291.csv: 1440 windows
  N6938_2021_292.csv: 1440 windows
  N6938_2021_293.csv: 1440 windows
  N6938_2021_294.csv: 1440 windows
  N6938_2021_295.csv: 1440 windows
  N6938_2021_296.csv: 1440 windows
  N6938_2021_297.csv: 1440 windows
  N6938_2021_298.csv: 1440 windows
  N6938_2021_299.csv: 1440 windows
  N6938_2021_300.csv: 1440 windows
  N6938_2021_301.csv: 1440 windows
  N6938_2021_302.csv: 1440 windows
  N6938_2021_303.csv: 1440 windows
  N6938_2021_304.csv: 1440 windows
  N6938_2021_305.csv: 1440 windows
  N6938_2021_306.csv: 1440 windows
  N6938_2021_307.csv: 1440 windows
  N6938_2021_308.csv: 1440 windows
  N6938_2021_309.csv: 1440 windows
  N6938_2021_310.csv: 1440 windows
  N6938_2021_311.csv: 1440 windows
  N6938_2021_312.csv: 1440 windows
  N6938_2021_313.csv: 1440 windows
  N6938_2021_314.csv: 1440 windows
  N6938_2021_315.csv: 1440 windows
  N6938_2021_316.csv: 1440 windows
  N6938_2021_317.csv: 1440 windows
  N6938_2021_318.csv: 1440 windows
  N6938_2021_319.csv: 417 windows

Total windows: 43615
Combined CSV saved to /srv/beegfs/scratch/users/c/cabrerap/hvsr_output/combined/N6938_WR.csv

Statistical Summary:
--------------------
<pandas.io.formats.style.Styler object at 0x14c91429caf0>
Figure saved to /srv/beegfs/scratch/users/c/cabrerap/hvsr_output/combined/N6938_WR_single_panel.png

Done: 17:35:00
