Processing row 30: station L7297,38.44533191,14.94887509,200.808
Station: L7297
Starting time: 17:22:33
Days with complete data: 29

  2021.289  [17:22:33]
    Saved L7297_2021_289.csv

  2021.290  [17:22:52]
    Saved L7297_2021_290.csv

  2021.291  [17:23:19]
    Saved L7297_2021_291.csv

  2021.292  [17:23:50]
    Saved L7297_2021_292.csv

  2021.293  [17:24:14]
    Saved L7297_2021_293.csv

  2021.294  [17:24:39]
    Saved L7297_2021_294.csv

  2021.295  [17:24:58]
    Saved L7297_2021_295.csv

  2021.296  [17:25:20]
    Saved L7297_2021_296.csv

  2021.297  [17:25:48]
    Saved L7297_2021_297.csv

  2021.298  [17:26:17]
    Saved L7297_2021_298.csv

  2021.299  [17:26:42]
    Saved L7297_2021_299.csv

  2021.300  [17:27:00]
    Saved L7297_2021_300.csv

  2021.301  [17:27:25]
    Saved L7297_2021_301.csv

  2021.302  [17:27:49]
    Saved L7297_2021_302.csv

  2021.303  [17:28:18]
    Saved L7297_2021_303.csv

  2021.304  [17:28:53]
    Saved L7297_2021_304.csv

  2021.305  [17:29:18]
    Saved L7297_2021_305.csv

  2021.306  [17:29:45]
    Saved L7297_2021_306.csv

  2021.307  [17:30:06]
    Saved L7297_2021_307.csv

  2021.308  [17:30:25]
    Saved L7297_2021_308.csv

  2021.309  [17:30:50]
    Saved L7297_2021_309.csv

  2021.310  [17:31:10]
    Saved L7297_2021_310.csv

  2021.311  [17:31:27]
    Saved L7297_2021_311.csv

  2021.312  [17:31:48]
    Saved L7297_2021_312.csv

  2021.313  [17:32:06]
    Saved L7297_2021_313.csv

  2021.314  [17:32:26]
    Saved L7297_2021_314.csv

  2021.315  [17:32:48]
    Saved L7297_2021_315.csv

  2021.316  [17:33:04]
    Saved L7297_2021_316.csv

  2021.317  [17:33:19]
    Saved L7297_2021_317.csv

All days done: 17:33:21
Station: L7297
Starting time: 17:33:25
Found 29 per-day CSV(s)
  L7297_2021_289.csv: 1438 windows
  L7297_2021_290.csv: 1440 windows
  L7297_2021_291.csv: 1440 windows
  L7297_2021_292.csv: 1440 windows
  L7297_2021_293.csv: 1440 windows
  L7297_2021_294.csv: 1440 windows
  L7297_2021_295.csv: 1440 windows
  L7297_2021_296.csv: 1440 windows
  L7297_2021_297.csv: 1440 windows
  L7297_2021_298.csv: 1440 windows
  L7297_2021_299.csv: 1440 windows
  L7297_2021_300.csv: 1440 windows
  L7297_2021_301.csv: 1440 windows
  L7297_2021_302.csv: 1440 windows
  L7297_2021_303.csv: 1440 windows
  L7297_2021_304.csv: 1440 windows
  L7297_2021_305.csv: 1440 windows
  L7297_2021_306.csv: 1440 windows
  L7297_2021_307.csv: 1440 windows
  L7297_2021_308.csv: 1440 windows
  L7297_2021_309.csv: 1440 windows
  L7297_2021_310.csv: 1440 windows
  L7297_2021_311.csv: 1440 windows
  L7297_2021_312.csv: 1440 windows
  L7297_2021_313.csv: 1440 windows
  L7297_2021_314.csv: 1440 windows
  L7297_2021_315.csv: 1440 windows
  L7297_2021_316.csv: 1440 windows
  L7297_2021_317.csv: 167 windows

Total windows: 40485
Combined CSV saved to /srv/beegfs/scratch/users/c/cabrerap/hvsr_output/combined/L7297_WR.csv

Statistical Summary:
--------------------
<pandas.io.formats.style.Styler object at 0x14ddfc711af0>
Figure saved to /srv/beegfs/scratch/users/c/cabrerap/hvsr_output/combined/L7297_WR_single_panel.png

Done: 17:34:36
