Processing row 38: station N7181,38.42146695,14.96109624,20.439
station:N7181
length:5
Starting time: 13:58:39
['/srv/beegfs/scratch/users/h/henrymi/vulcano/miniseed/VN.N7181..DPZ.D.2021.291.00.00.00.000.mseed']
All checks passed. Z, E, and N are valid lists of strings.
[['/srv/beegfs/scratch/users/h/henrymi/vulcano/miniseed/VN.N7181..DPZ.D.2021.291.00.00.00.000.mseed', '/srv/beegfs/scratch/users/h/henrymi/vulcano/miniseed/VN.N7181..DPE.D.2021.291.00.00.00.000.mseed', '/srv/beegfs/scratch/users/h/henrymi/vulcano/miniseed/VN.N7181..DPN.D.2021.291.00.00.00.000.mseed']]
Number of recordings: 1
All files exist. (n=1)
Preprocessing Summary
------------------------------------------------------------
hvsrpy_version                           : 2.0.0
orient_to_degrees_from_north             : 0.0
filter_corner_frequencies_in_hz          : (0.2, 30)
window_length_in_seconds                 : 30
detrend                                  : constant
ignore_dissimilar_time_step_warning      : False
preprocessing_method                     : hvsr
Processing Summary
------------------------------------------------------------
hvsrpy_version                           : 2.0.0
window_type_and_width                    : ('tukey', 0.01)
smoothing                                :
     operator                            : konno_and_ohmachi
     bandwidth                           : 40
     center_frequencies_in_hz            : [0.2, 0.204377782136 ... 2899754289661, 50.0]
fft_settings                             : None
handle_dissimilar_time_steps_by          : frequency_domain_resampling
processing_method                        : traditional
method_to_combine_horizontals            : geometric_mean
Start reading: 13:58:39
End reading: 13:58:45
Figure saved successfully to /srv/beegfs/scratch/users/h/henrymi/vulcano/hvsr_output/output_WE_2.0N7181_WR.png!
Results saved successfully to /srv/beegfs/scratch/users/h/henrymi/vulcano/hvsr_output/output_WE_2.0N7181_WR.csv!

Statistical Summary:
--------------------
<pandas.io.formats.style.Styler object at 0x1470a686b220>
Figure saved successfully to /srv/beegfs/scratch/users/h/henrymi/vulcano/hvsr_output/output_WE_2.0N7181_WR_single_panel.png!
