Processing row 47: station S7232,38.37997914,14.97997716,385.902
Station: S7232
Starting time: 17:22:33
Days with complete data: 31

  2021.289  [17:22:33]
    Saved S7232_2021_289.csv

  2021.290  [17:22:52]
    Saved S7232_2021_290.csv

  2021.291  [17:23:21]
    Saved S7232_2021_291.csv

  2021.292  [17:23:50]
    Saved S7232_2021_292.csv

  2021.293  [17:24:22]
    Saved S7232_2021_293.csv

  2021.294  [17:24:46]
    Saved S7232_2021_294.csv

  2021.295  [17:25:14]
    Saved S7232_2021_295.csv

  2021.296  [17:25:39]
    Saved S7232_2021_296.csv

  2021.297  [17:26:02]
    Saved S7232_2021_297.csv

  2021.298  [17:26:24]
    Saved S7232_2021_298.csv

  2021.299  [17:26:51]
    Saved S7232_2021_299.csv

  2021.300  [17:27:23]
    Saved S7232_2021_300.csv

  2021.301  [17:27:51]
    Saved S7232_2021_301.csv

  2021.302  [17:28:19]
    Saved S7232_2021_302.csv

  2021.303  [17:28:47]
    Saved S7232_2021_303.csv

  2021.304  [17:29:18]
    Saved S7232_2021_304.csv

  2021.305  [17:29:42]
    Saved S7232_2021_305.csv

  2021.306  [17:30:04]
    Saved S7232_2021_306.csv

  2021.307  [17:30:25]
    Saved S7232_2021_307.csv

  2021.308  [17:30:51]
    Saved S7232_2021_308.csv

  2021.309  [17:31:15]
    Saved S7232_2021_309.csv

  2021.310  [17:31:38]
    Saved S7232_2021_310.csv

  2021.311  [17:32:02]
    Saved S7232_2021_311.csv

  2021.312  [17:32:16]
    Saved S7232_2021_312.csv

  2021.313  [17:32:30]
    Saved S7232_2021_313.csv

  2021.314  [17:32:49]
    Saved S7232_2021_314.csv

  2021.315  [17:33:07]
    Saved S7232_2021_315.csv

  2021.316  [17:33:25]
    Saved S7232_2021_316.csv

  2021.317  [17:33:40]
    Saved S7232_2021_317.csv

  2021.318  [17:33:54]
    Saved S7232_2021_318.csv

  2021.319  [17:34:03]
    Saved S7232_2021_319.csv

All days done: 17:34:06
Station: S7232
Starting time: 17:34:10
Found 31 per-day CSV(s)
  S7232_2021_289.csv: 1438 windows
  S7232_2021_290.csv: 1440 windows
  S7232_2021_291.csv: 1440 windows
  S7232_2021_292.csv: 1440 windows
  S7232_2021_293.csv: 1440 windows
  S7232_2021_294.csv: 1440 windows
  S7232_2021_295.csv: 1440 windows
  S7232_2021_296.csv: 1440 windows
  S7232_2021_297.csv: 1440 windows
  S7232_2021_298.csv: 1440 windows
  S7232_2021_299.csv: 1440 windows
  S7232_2021_300.csv: 1440 windows
  S7232_2021_301.csv: 1440 windows
  S7232_2021_302.csv: 1440 windows
  S7232_2021_303.csv: 1440 windows
  S7232_2021_304.csv: 1440 windows
  S7232_2021_305.csv: 1440 windows
  S7232_2021_306.csv: 1440 windows
  S7232_2021_307.csv: 1440 windows
  S7232_2021_308.csv: 1440 windows
  S7232_2021_309.csv: 1440 windows
  S7232_2021_310.csv: 1440 windows
  S7232_2021_311.csv: 1440 windows
  S7232_2021_312.csv: 1440 windows
  S7232_2021_313.csv: 1440 windows
  S7232_2021_314.csv: 1440 windows
  S7232_2021_315.csv: 1440 windows
  S7232_2021_316.csv: 1440 windows
  S7232_2021_317.csv: 1440 windows
  S7232_2021_318.csv: 1440 windows
  S7232_2021_319.csv: 440 windows

Total windows: 43638
Combined CSV saved to /srv/beegfs/scratch/users/c/cabrerap/hvsr_output/combined/S7232_WR.csv

Statistical Summary:
--------------------
<pandas.io.formats.style.Styler object at 0x153c5f106ac0>
Figure saved to /srv/beegfs/scratch/users/c/cabrerap/hvsr_output/combined/S7232_WR_single_panel.png

Done: 17:35:06
