Processing row 44: station S7192,38.37885044,14.98022461,394.834
station:S7192
length:5
Starting time: 13:59:05
['/srv/beegfs/scratch/users/h/henrymi/vulcano/miniseed/VN.S7192..DPZ.D.2021.291.00.00.00.000.mseed']
All checks passed. Z, E, and N are valid lists of strings.
[['/srv/beegfs/scratch/users/h/henrymi/vulcano/miniseed/VN.S7192..DPZ.D.2021.291.00.00.00.000.mseed', '/srv/beegfs/scratch/users/h/henrymi/vulcano/miniseed/VN.S7192..DPE.D.2021.291.00.00.00.000.mseed', '/srv/beegfs/scratch/users/h/henrymi/vulcano/miniseed/VN.S7192..DPN.D.2021.291.00.00.00.000.mseed']]
Number of recordings: 1
All files exist. (n=1)
Preprocessing Summary
------------------------------------------------------------
hvsrpy_version                           : 2.0.0
orient_to_degrees_from_north             : 0.0
filter_corner_frequencies_in_hz          : (0.2, 30)
window_length_in_seconds                 : 30
detrend                                  : constant
ignore_dissimilar_time_step_warning      : False
preprocessing_method                     : hvsr
Processing Summary
------------------------------------------------------------
hvsrpy_version                           : 2.0.0
window_type_and_width                    : ('tukey', 0.01)
smoothing                                :
     operator                            : konno_and_ohmachi
     bandwidth                           : 40
     center_frequencies_in_hz            : [0.2, 0.204377782136 ... 2899754289661, 50.0]
fft_settings                             : None
handle_dissimilar_time_steps_by          : frequency_domain_resampling
processing_method                        : traditional
method_to_combine_horizontals            : geometric_mean
Start reading: 13:59:05
End reading: 13:59:17
Figure saved successfully to /srv/beegfs/scratch/users/h/henrymi/vulcano/hvsr_output/output_WE_2.0S7192_WR.png!
Results saved successfully to /srv/beegfs/scratch/users/h/henrymi/vulcano/hvsr_output/output_WE_2.0S7192_WR.csv!

Statistical Summary:
--------------------
<pandas.io.formats.style.Styler object at 0x1541e8a1f1f0>
Figure saved successfully to /srv/beegfs/scratch/users/h/henrymi/vulcano/hvsr_output/output_WE_2.0S7192_WR_single_panel.png!
