Processing row 4: station A7311,38.44619464,14.94950053,215.059
Station: A7311
Starting time: 17:22:31
Days with complete data: 31

  2021.289  [17:22:31]
    Saved A7311_2021_289.csv

  2021.290  [17:22:42]
    Saved A7311_2021_290.csv

  2021.291  [17:22:51]
    Saved A7311_2021_291.csv

  2021.292  [17:23:05]
    Saved A7311_2021_292.csv

  2021.293  [17:23:18]
    Saved A7311_2021_293.csv

  2021.294  [17:23:33]
    Saved A7311_2021_294.csv

  2021.295  [17:23:48]
    Saved A7311_2021_295.csv

  2021.296  [17:24:02]
    Saved A7311_2021_296.csv

  2021.297  [17:24:19]
    Saved A7311_2021_297.csv

  2021.298  [17:24:36]
    Saved A7311_2021_298.csv

  2021.299  [17:24:53]
    Saved A7311_2021_299.csv

  2021.300  [17:25:10]
    Saved A7311_2021_300.csv

  2021.301  [17:25:29]
    Saved A7311_2021_301.csv

  2021.302  [17:25:45]
    Saved A7311_2021_302.csv

  2021.303  [17:26:01]
    Saved A7311_2021_303.csv

  2021.304  [17:26:16]
    Saved A7311_2021_304.csv

  2021.305  [17:26:31]
    Saved A7311_2021_305.csv

  2021.306  [17:26:50]
    Saved A7311_2021_306.csv

  2021.307  [17:27:06]
    Saved A7311_2021_307.csv

  2021.308  [17:27:22]
    Saved A7311_2021_308.csv

  2021.309  [17:27:37]
    Saved A7311_2021_309.csv

  2021.310  [17:27:52]
    Saved A7311_2021_310.csv

  2021.311  [17:28:09]
    Saved A7311_2021_311.csv

  2021.312  [17:28:23]
    Saved A7311_2021_312.csv

  2021.313  [17:28:40]
    Saved A7311_2021_313.csv

  2021.314  [17:28:57]
    Saved A7311_2021_314.csv

  2021.315  [17:29:12]
    Saved A7311_2021_315.csv

  2021.316  [17:29:28]
    Saved A7311_2021_316.csv

  2021.317  [17:29:43]
    Saved A7311_2021_317.csv

  2021.318  [17:29:58]
    Saved A7311_2021_318.csv

  2021.319  [17:30:13]
    Saved A7311_2021_319.csv

All days done: 17:30:22
Station: A7311
Starting time: 17:30:27
Found 31 per-day CSV(s)
  A7311_2021_289.csv: 1438 windows
  A7311_2021_290.csv: 1440 windows
  A7311_2021_291.csv: 1440 windows
  A7311_2021_292.csv: 1440 windows
  A7311_2021_293.csv: 1440 windows
  A7311_2021_294.csv: 1440 windows
  A7311_2021_295.csv: 1440 windows
  A7311_2021_296.csv: 1440 windows
  A7311_2021_297.csv: 1440 windows
  A7311_2021_298.csv: 1440 windows
  A7311_2021_299.csv: 1440 windows
  A7311_2021_300.csv: 1440 windows
  A7311_2021_301.csv: 1440 windows
  A7311_2021_302.csv: 1440 windows
  A7311_2021_303.csv: 1440 windows
  A7311_2021_304.csv: 1440 windows
  A7311_2021_305.csv: 1440 windows
  A7311_2021_306.csv: 1440 windows
  A7311_2021_307.csv: 1440 windows
  A7311_2021_308.csv: 1440 windows
  A7311_2021_309.csv: 1440 windows
  A7311_2021_310.csv: 1440 windows
  A7311_2021_311.csv: 1440 windows
  A7311_2021_312.csv: 1440 windows
  A7311_2021_313.csv: 1440 windows
  A7311_2021_314.csv: 1440 windows
  A7311_2021_315.csv: 1440 windows
  A7311_2021_316.csv: 1440 windows
  A7311_2021_317.csv: 1440 windows
  A7311_2021_318.csv: 1440 windows
  A7311_2021_319.csv: 617 windows

Total windows: 43815
Combined CSV saved to /srv/beegfs/scratch/users/c/cabrerap/hvsr_output/combined/A7311_WR.csv

Statistical Summary:
--------------------
<pandas.io.formats.style.Styler object at 0x14969075bac0>
Figure saved to /srv/beegfs/scratch/users/c/cabrerap/hvsr_output/combined/A7311_WR_single_panel.png

Done: 17:31:58
