Processing row 40: station N7238,38.42057113,14.96116464,14.3233
Station: N7238
Starting time: 17:22:32
Days with complete data: 30

  2021.289  [17:22:32]
    Saved N7238_2021_289.csv

  2021.290  [17:22:51]
    Saved N7238_2021_290.csv

  2021.291  [17:23:21]
    Saved N7238_2021_291.csv

  2021.292  [17:23:52]
    Saved N7238_2021_292.csv

  2021.293  [17:24:17]
    Saved N7238_2021_293.csv

  2021.294  [17:24:48]
    Saved N7238_2021_294.csv

  2021.295  [17:25:16]
    Saved N7238_2021_295.csv

  2021.296  [17:25:44]
    Saved N7238_2021_296.csv

  2021.297  [17:26:05]
    Saved N7238_2021_297.csv

  2021.298  [17:26:25]
    Saved N7238_2021_298.csv

  2021.299  [17:26:52]
    Saved N7238_2021_299.csv

  2021.300  [17:27:22]
    Saved N7238_2021_300.csv

  2021.301  [17:27:50]
    Saved N7238_2021_301.csv

  2021.302  [17:28:21]
    Saved N7238_2021_302.csv

  2021.303  [17:28:51]
    Saved N7238_2021_303.csv

  2021.304  [17:29:23]
    Saved N7238_2021_304.csv

  2021.305  [17:29:51]
    Saved N7238_2021_305.csv

  2021.306  [17:30:19]
    Saved N7238_2021_306.csv

  2021.307  [17:30:41]
    Saved N7238_2021_307.csv

  2021.308  [17:31:09]
    Saved N7238_2021_308.csv

  2021.309  [17:31:31]
    Saved N7238_2021_309.csv

  2021.310  [17:31:57]
    Saved N7238_2021_310.csv

  2021.311  [17:32:10]
    Saved N7238_2021_311.csv

  2021.312  [17:32:28]
    Saved N7238_2021_312.csv

  2021.313  [17:32:48]
    Saved N7238_2021_313.csv

  2021.314  [17:33:07]
    Saved N7238_2021_314.csv

  2021.315  [17:33:24]
    Saved N7238_2021_315.csv

  2021.316  [17:33:39]
    Saved N7238_2021_316.csv

  2021.317  [17:33:53]
    Saved N7238_2021_317.csv

  2021.318  [17:34:02]
    Saved N7238_2021_318.csv

All days done: 17:34:06
Station: N7238
Starting time: 17:34:11
Found 30 per-day CSV(s)
  N7238_2021_289.csv: 1438 windows
  N7238_2021_290.csv: 1440 windows
  N7238_2021_291.csv: 1440 windows
  N7238_2021_292.csv: 1440 windows
  N7238_2021_293.csv: 1440 windows
  N7238_2021_294.csv: 1440 windows
  N7238_2021_295.csv: 1440 windows
  N7238_2021_296.csv: 1440 windows
  N7238_2021_297.csv: 1440 windows
  N7238_2021_298.csv: 1440 windows
  N7238_2021_299.csv: 1440 windows
  N7238_2021_300.csv: 1440 windows
  N7238_2021_301.csv: 1440 windows
  N7238_2021_302.csv: 1440 windows
  N7238_2021_303.csv: 1440 windows
  N7238_2021_304.csv: 1440 windows
  N7238_2021_305.csv: 1440 windows
  N7238_2021_306.csv: 1440 windows
  N7238_2021_307.csv: 1440 windows
  N7238_2021_308.csv: 1440 windows
  N7238_2021_309.csv: 1440 windows
  N7238_2021_310.csv: 1440 windows
  N7238_2021_311.csv: 1440 windows
  N7238_2021_312.csv: 1440 windows
  N7238_2021_313.csv: 1440 windows
  N7238_2021_314.csv: 1440 windows
  N7238_2021_315.csv: 1440 windows
  N7238_2021_316.csv: 1440 windows
  N7238_2021_317.csv: 1440 windows
  N7238_2021_318.csv: 583 windows

Total windows: 42341
Combined CSV saved to /srv/beegfs/scratch/users/c/cabrerap/hvsr_output/combined/N7238_WR.csv

Statistical Summary:
--------------------
<pandas.io.formats.style.Styler object at 0x148fd7c78af0>
Figure saved to /srv/beegfs/scratch/users/c/cabrerap/hvsr_output/combined/N7238_WR_single_panel.png

Done: 17:35:02
