Processing row 43: station S6928,38.38078463,14.98099182,392.765
Station: S6928
Starting time: 17:22:33
Days with complete data: 30

  2021.289  [17:22:33]
    Saved S6928_2021_289.csv

  2021.290  [17:22:52]
    Saved S6928_2021_290.csv

  2021.291  [17:23:20]
    Saved S6928_2021_291.csv

  2021.292  [17:23:53]
    Saved S6928_2021_292.csv

  2021.293  [17:24:20]
    Saved S6928_2021_293.csv

  2021.294  [17:24:51]
    Saved S6928_2021_294.csv

  2021.295  [17:25:19]
    Saved S6928_2021_295.csv

  2021.296  [17:25:48]
    Saved S6928_2021_296.csv

  2021.297  [17:26:18]
    Saved S6928_2021_297.csv

  2021.298  [17:26:50]
    Saved S6928_2021_298.csv

  2021.299  [17:27:23]
    Saved S6928_2021_299.csv

  2021.300  [17:27:44]
    Saved S6928_2021_300.csv

  2021.301  [17:28:03]
    Saved S6928_2021_301.csv

  2021.302  [17:28:29]
    Saved S6928_2021_302.csv

  2021.303  [17:28:57]
    Saved S6928_2021_303.csv

  2021.304  [17:29:26]
    Saved S6928_2021_304.csv

  2021.305  [17:29:51]
    Saved S6928_2021_305.csv

  2021.306  [17:30:18]
    Saved S6928_2021_306.csv

  2021.307  [17:30:43]
    Saved S6928_2021_307.csv

  2021.308  [17:31:07]
    Saved S6928_2021_308.csv

  2021.309  [17:31:30]
    Saved S6928_2021_309.csv

  2021.310  [17:31:49]
    Saved S6928_2021_310.csv

  2021.311  [17:32:06]
    Saved S6928_2021_311.csv

  2021.312  [17:32:26]
    Saved S6928_2021_312.csv

  2021.313  [17:32:48]
    Saved S6928_2021_313.csv

  2021.314  [17:33:08]
    Saved S6928_2021_314.csv

  2021.315  [17:33:25]
    Saved S6928_2021_315.csv

  2021.316  [17:33:42]
    Saved S6928_2021_316.csv

  2021.317  [17:33:56]
    Saved S6928_2021_317.csv

  2021.318  [17:34:07]
    Saved S6928_2021_318.csv

All days done: 17:34:16
Station: S6928
Starting time: 17:34:21
Found 30 per-day CSV(s)
  S6928_2021_289.csv: 1438 windows
  S6928_2021_290.csv: 1440 windows
  S6928_2021_291.csv: 1440 windows
  S6928_2021_292.csv: 1440 windows
  S6928_2021_293.csv: 1440 windows
  S6928_2021_294.csv: 1440 windows
  S6928_2021_295.csv: 1440 windows
  S6928_2021_296.csv: 1440 windows
  S6928_2021_297.csv: 1440 windows
  S6928_2021_298.csv: 1440 windows
  S6928_2021_299.csv: 1440 windows
  S6928_2021_300.csv: 1440 windows
  S6928_2021_301.csv: 1440 windows
  S6928_2021_302.csv: 1440 windows
  S6928_2021_303.csv: 1440 windows
  S6928_2021_304.csv: 1440 windows
  S6928_2021_305.csv: 1440 windows
  S6928_2021_306.csv: 1440 windows
  S6928_2021_307.csv: 1440 windows
  S6928_2021_308.csv: 1440 windows
  S6928_2021_309.csv: 1440 windows
  S6928_2021_310.csv: 1440 windows
  S6928_2021_311.csv: 1440 windows
  S6928_2021_312.csv: 1440 windows
  S6928_2021_313.csv: 1440 windows
  S6928_2021_314.csv: 1440 windows
  S6928_2021_315.csv: 1440 windows
  S6928_2021_316.csv: 1440 windows
  S6928_2021_317.csv: 1440 windows
  S6928_2021_318.csv: 1274 windows

Total windows: 43032
Combined CSV saved to /srv/beegfs/scratch/users/c/cabrerap/hvsr_output/combined/S6928_WR.csv

Statistical Summary:
--------------------
<pandas.io.formats.style.Styler object at 0x14f5e14d1af0>
Figure saved to /srv/beegfs/scratch/users/c/cabrerap/hvsr_output/combined/S6928_WR_single_panel.png

Done: 17:35:05
