Processing row 45: station S7196,38.37997693,14.97927823,389.117
Station: S7196
Starting time: 17:22:33
Days with complete data: 30

  2021.289  [17:22:33]
    Saved S7196_2021_289.csv

  2021.290  [17:22:52]
    Saved S7196_2021_290.csv

  2021.291  [17:23:18]
    Saved S7196_2021_291.csv

  2021.292  [17:23:43]
    Saved S7196_2021_292.csv

  2021.293  [17:24:00]
    Saved S7196_2021_293.csv

  2021.294  [17:24:21]
    Saved S7196_2021_294.csv

  2021.295  [17:24:46]
    Saved S7196_2021_295.csv

  2021.296  [17:25:12]
    Saved S7196_2021_296.csv

  2021.297  [17:25:39]
    Saved S7196_2021_297.csv

  2021.298  [17:26:05]
    Saved S7196_2021_298.csv

  2021.299  [17:26:24]
    Saved S7196_2021_299.csv

  2021.300  [17:26:51]
    Saved S7196_2021_300.csv

  2021.301  [17:27:20]
    Saved S7196_2021_301.csv

  2021.302  [17:27:49]
    Saved S7196_2021_302.csv

  2021.303  [17:28:16]
    Saved S7196_2021_303.csv

  2021.304  [17:28:47]
    Saved S7196_2021_304.csv

  2021.305  [17:29:05]
    Saved S7196_2021_305.csv

  2021.306  [17:29:25]
    Saved S7196_2021_306.csv

  2021.307  [17:29:49]
    Saved S7196_2021_307.csv

  2021.308  [17:30:20]
    Saved S7196_2021_308.csv

  2021.309  [17:30:42]
    Saved S7196_2021_309.csv

  2021.310  [17:31:07]
    Saved S7196_2021_310.csv

  2021.311  [17:31:27]
    Saved S7196_2021_311.csv

  2021.312  [17:31:50]
    Saved S7196_2021_312.csv

  2021.313  [17:32:05]
    Saved S7196_2021_313.csv

  2021.314  [17:32:24]
    Saved S7196_2021_314.csv

  2021.315  [17:32:43]
    Saved S7196_2021_315.csv

  2021.316  [17:32:53]
    Saved S7196_2021_316.csv

  2021.317  [17:33:09]
    Saved S7196_2021_317.csv

  2021.318  [17:33:25]
    Saved S7196_2021_318.csv

All days done: 17:33:39
Station: S7196
Starting time: 17:33:43
Found 30 per-day CSV(s)
  S7196_2021_289.csv: 1438 windows
  S7196_2021_290.csv: 1440 windows
  S7196_2021_291.csv: 1440 windows
  S7196_2021_292.csv: 1440 windows
  S7196_2021_293.csv: 1440 windows
  S7196_2021_294.csv: 1440 windows
  S7196_2021_295.csv: 1440 windows
  S7196_2021_296.csv: 1440 windows
  S7196_2021_297.csv: 1440 windows
  S7196_2021_298.csv: 1440 windows
  S7196_2021_299.csv: 1440 windows
  S7196_2021_300.csv: 1440 windows
  S7196_2021_301.csv: 1440 windows
  S7196_2021_302.csv: 1440 windows
  S7196_2021_303.csv: 1440 windows
  S7196_2021_304.csv: 1440 windows
  S7196_2021_305.csv: 1440 windows
  S7196_2021_306.csv: 1440 windows
  S7196_2021_307.csv: 1440 windows
  S7196_2021_308.csv: 1440 windows
  S7196_2021_309.csv: 1440 windows
  S7196_2021_310.csv: 1440 windows
  S7196_2021_311.csv: 1440 windows
  S7196_2021_312.csv: 1440 windows
  S7196_2021_313.csv: 1440 windows
  S7196_2021_314.csv: 1440 windows
  S7196_2021_315.csv: 1440 windows
  S7196_2021_316.csv: 1440 windows
  S7196_2021_317.csv: 1440 windows
  S7196_2021_318.csv: 1429 windows

Total windows: 43187
Combined CSV saved to /srv/beegfs/scratch/users/c/cabrerap/hvsr_output/combined/S7196_WR.csv

Statistical Summary:
--------------------
<pandas.io.formats.style.Styler object at 0x14c81793faf0>
Figure saved to /srv/beegfs/scratch/users/c/cabrerap/hvsr_output/combined/S7196_WR_single_panel.png

Done: 17:34:52
