Processing row 75: station V6745,38.38153642,14.97402346,349.819
Station: V6745
Starting time: 17:22:32
Days with complete data: 30

  2021.289  [17:22:32]
    Saved V6745_2021_289.csv

  2021.290  [17:22:50]
    Saved V6745_2021_290.csv

  2021.291  [17:23:11]
    Saved V6745_2021_291.csv

  2021.292  [17:23:26]
    Saved V6745_2021_292.csv

  2021.293  [17:23:52]
    Saved V6745_2021_293.csv

  2021.294  [17:24:19]
    Saved V6745_2021_294.csv

  2021.295  [17:24:49]
    Saved V6745_2021_295.csv

  2021.296  [17:25:18]
    Saved V6745_2021_296.csv

  2021.297  [17:25:45]
    Saved V6745_2021_297.csv

  2021.298  [17:26:17]
    Saved V6745_2021_298.csv

  2021.299  [17:26:40]
    Saved V6745_2021_299.csv

  2021.300  [17:26:58]
    Saved V6745_2021_300.csv

  2021.301  [17:27:23]
    Saved V6745_2021_301.csv

  2021.302  [17:27:50]
    Saved V6745_2021_302.csv

  2021.303  [17:28:18]
    Saved V6745_2021_303.csv

  2021.304  [17:28:46]
    Saved V6745_2021_304.csv

  2021.305  [17:29:11]
    Saved V6745_2021_305.csv

  2021.306  [17:29:33]
    Saved V6745_2021_306.csv

  2021.307  [17:29:55]
    Saved V6745_2021_307.csv

  2021.308  [17:30:21]
    Saved V6745_2021_308.csv

  2021.309  [17:30:44]
    Saved V6745_2021_309.csv

  2021.310  [17:31:06]
    Saved V6745_2021_310.csv

  2021.311  [17:31:30]
    Saved V6745_2021_311.csv

  2021.312  [17:31:52]
    Saved V6745_2021_312.csv

  2021.313  [17:32:07]
    Saved V6745_2021_313.csv

  2021.314  [17:32:23]
    Saved V6745_2021_314.csv

  2021.315  [17:32:37]
    Saved V6745_2021_315.csv

  2021.316  [17:32:50]
    Saved V6745_2021_316.csv

  2021.317  [17:33:07]
    Saved V6745_2021_317.csv

  2021.318  [17:33:21]
    Saved V6745_2021_318.csv

All days done: 17:33:22
Station: V6745
Starting time: 17:33:25
Found 30 per-day CSV(s)
  V6745_2021_289.csv: 1438 windows
  V6745_2021_290.csv: 1440 windows
  V6745_2021_291.csv: 1440 windows
  V6745_2021_292.csv: 1440 windows
  V6745_2021_293.csv: 1440 windows
  V6745_2021_294.csv: 1440 windows
  V6745_2021_295.csv: 1440 windows
  V6745_2021_296.csv: 1440 windows
  V6745_2021_297.csv: 1440 windows
  V6745_2021_298.csv: 1440 windows
  V6745_2021_299.csv: 1440 windows
  V6745_2021_300.csv: 1440 windows
  V6745_2021_301.csv: 1440 windows
  V6745_2021_302.csv: 1440 windows
  V6745_2021_303.csv: 1440 windows
  V6745_2021_304.csv: 1440 windows
  V6745_2021_305.csv: 1440 windows
  V6745_2021_306.csv: 1440 windows
  V6745_2021_307.csv: 1440 windows
  V6745_2021_308.csv: 1440 windows
  V6745_2021_309.csv: 1440 windows
  V6745_2021_310.csv: 1440 windows
  V6745_2021_311.csv: 1440 windows
  V6745_2021_312.csv: 1440 windows
  V6745_2021_313.csv: 1440 windows
  V6745_2021_314.csv: 1440 windows
  V6745_2021_315.csv: 1440 windows
  V6745_2021_316.csv: 1440 windows
  V6745_2021_317.csv: 1440 windows
  V6745_2021_318.csv: 4 windows

Total windows: 41762
Combined CSV saved to /srv/beegfs/scratch/users/c/cabrerap/hvsr_output/combined/V6745_WR.csv

Statistical Summary:
--------------------
<pandas.io.formats.style.Styler object at 0x14a0b6d76af0>
Figure saved to /srv/beegfs/scratch/users/c/cabrerap/hvsr_output/combined/V6745_WR_single_panel.png

Done: 17:34:38
