Processing row 73: station V6741,38.39663956,14.96591942,127.301
Station: V6741
Starting time: 17:22:32
Days with complete data: 31

  2021.289  [17:22:32]
    Saved V6741_2021_289.csv

  2021.290  [17:22:50]
    Saved V6741_2021_290.csv

  2021.291  [17:23:12]
    Saved V6741_2021_291.csv

  2021.292  [17:23:27]
    Saved V6741_2021_292.csv

  2021.293  [17:23:53]
    Saved V6741_2021_293.csv

  2021.294  [17:24:21]
    Saved V6741_2021_294.csv

  2021.295  [17:24:53]
    Saved V6741_2021_295.csv

  2021.296  [17:25:19]
    Saved V6741_2021_296.csv

  2021.297  [17:25:45]
    Saved V6741_2021_297.csv

  2021.298  [17:26:17]
    Saved V6741_2021_298.csv

  2021.299  [17:26:49]
    Saved V6741_2021_299.csv

  2021.300  [17:27:21]
    Saved V6741_2021_300.csv

  2021.301  [17:27:45]
    Saved V6741_2021_301.csv

  2021.302  [17:28:06]
    Saved V6741_2021_302.csv

  2021.303  [17:28:28]
    Saved V6741_2021_303.csv

  2021.304  [17:28:53]
    Saved V6741_2021_304.csv

  2021.305  [17:29:19]
    Saved V6741_2021_305.csv

  2021.306  [17:29:42]
    Saved V6741_2021_306.csv

  2021.307  [17:30:06]
    Saved V6741_2021_307.csv

  2021.308  [17:30:26]
    Saved V6741_2021_308.csv

  2021.309  [17:30:48]
    Saved V6741_2021_309.csv

  2021.310  [17:31:15]
    Saved V6741_2021_310.csv

  2021.311  [17:31:37]
    Saved V6741_2021_311.csv

  2021.312  [17:31:58]
    Saved V6741_2021_312.csv

  2021.313  [17:32:13]
    Saved V6741_2021_313.csv

  2021.314  [17:32:30]
    Saved V6741_2021_314.csv

  2021.315  [17:32:48]
    Saved V6741_2021_315.csv

  2021.316  [17:33:04]
    Saved V6741_2021_316.csv

  2021.317  [17:33:19]
    Saved V6741_2021_317.csv

  2021.318  [17:33:29]
    Saved V6741_2021_318.csv

  2021.319  [17:33:41]
    Saved V6741_2021_319.csv

All days done: 17:33:49
Station: V6741
Starting time: 17:33:54
Found 31 per-day CSV(s)
  V6741_2021_289.csv: 1438 windows
  V6741_2021_290.csv: 1440 windows
  V6741_2021_291.csv: 1440 windows
  V6741_2021_292.csv: 1440 windows
  V6741_2021_293.csv: 1440 windows
  V6741_2021_294.csv: 1440 windows
  V6741_2021_295.csv: 1440 windows
  V6741_2021_296.csv: 1440 windows
  V6741_2021_297.csv: 1440 windows
  V6741_2021_298.csv: 1440 windows
  V6741_2021_299.csv: 1440 windows
  V6741_2021_300.csv: 1440 windows
  V6741_2021_301.csv: 1440 windows
  V6741_2021_302.csv: 1440 windows
  V6741_2021_303.csv: 1440 windows
  V6741_2021_304.csv: 1440 windows
  V6741_2021_305.csv: 1440 windows
  V6741_2021_306.csv: 1440 windows
  V6741_2021_307.csv: 1440 windows
  V6741_2021_308.csv: 1440 windows
  V6741_2021_309.csv: 1440 windows
  V6741_2021_310.csv: 1440 windows
  V6741_2021_311.csv: 1440 windows
  V6741_2021_312.csv: 1440 windows
  V6741_2021_313.csv: 1440 windows
  V6741_2021_314.csv: 1440 windows
  V6741_2021_315.csv: 1440 windows
  V6741_2021_316.csv: 1440 windows
  V6741_2021_317.csv: 1440 windows
  V6741_2021_318.csv: 1440 windows
  V6741_2021_319.csv: 1201 windows

Total windows: 44399
Combined CSV saved to /srv/beegfs/scratch/users/c/cabrerap/hvsr_output/combined/V6741_WR.csv

Statistical Summary:
--------------------
<pandas.io.formats.style.Styler object at 0x146e12992af0>
Figure saved to /srv/beegfs/scratch/users/c/cabrerap/hvsr_output/combined/V6741_WR_single_panel.png

Done: 17:34:44
