Processing row 71: station V6737,38.38449389,14.962873,369.54
Station: V6737
Starting time: 17:22:33
Days with complete data: 30

  2021.289  [17:22:33]
    Saved V6737_2021_289.csv

  2021.290  [17:22:51]
    Saved V6737_2021_290.csv

  2021.291  [17:23:14]
    Saved V6737_2021_291.csv

  2021.292  [17:23:30]
    Saved V6737_2021_292.csv

  2021.293  [17:23:54]
    Saved V6737_2021_293.csv

  2021.294  [17:24:20]
    Saved V6737_2021_294.csv

  2021.295  [17:24:50]
    Saved V6737_2021_295.csv

  2021.296  [17:25:17]
    Saved V6737_2021_296.csv

  2021.297  [17:25:45]
    Saved V6737_2021_297.csv

  2021.298  [17:26:17]
    Saved V6737_2021_298.csv

  2021.299  [17:26:45]
    Saved V6737_2021_299.csv

  2021.300  [17:27:04]
    Saved V6737_2021_300.csv

  2021.301  [17:27:25]
    Saved V6737_2021_301.csv

  2021.302  [17:27:50]
    Saved V6737_2021_302.csv

  2021.303  [17:28:16]
    Saved V6737_2021_303.csv

  2021.304  [17:28:40]
    Saved V6737_2021_304.csv

  2021.305  [17:29:01]
    Saved V6737_2021_305.csv

  2021.306  [17:29:24]
    Saved V6737_2021_306.csv

  2021.307  [17:29:44]
    Saved V6737_2021_307.csv

  2021.308  [17:30:07]
    Saved V6737_2021_308.csv

  2021.309  [17:30:29]
    Saved V6737_2021_309.csv

  2021.310  [17:30:51]
    Saved V6737_2021_310.csv

  2021.311  [17:31:11]
    Saved V6737_2021_311.csv

  2021.312  [17:31:34]
    Saved V6737_2021_312.csv

  2021.313  [17:32:02]
    Saved V6737_2021_313.csv

  2021.314  [17:32:18]
    Saved V6737_2021_314.csv

  2021.315  [17:32:31]
    Saved V6737_2021_315.csv

  2021.316  [17:32:47]
    Saved V6737_2021_316.csv

  2021.317  [17:33:04]
    Saved V6737_2021_317.csv

  2021.318  [17:33:15]
    Saved V6737_2021_318.csv

All days done: 17:33:18
Station: V6737
Starting time: 17:33:22
Found 30 per-day CSV(s)
  V6737_2021_289.csv: 1438 windows
  V6737_2021_290.csv: 1440 windows
  V6737_2021_291.csv: 1440 windows
  V6737_2021_292.csv: 1440 windows
  V6737_2021_293.csv: 1440 windows
  V6737_2021_294.csv: 1440 windows
  V6737_2021_295.csv: 1440 windows
  V6737_2021_296.csv: 1440 windows
  V6737_2021_297.csv: 1440 windows
  V6737_2021_298.csv: 1440 windows
  V6737_2021_299.csv: 1440 windows
  V6737_2021_300.csv: 1440 windows
  V6737_2021_301.csv: 1440 windows
  V6737_2021_302.csv: 1440 windows
  V6737_2021_303.csv: 1440 windows
  V6737_2021_304.csv: 1440 windows
  V6737_2021_305.csv: 1440 windows
  V6737_2021_306.csv: 1440 windows
  V6737_2021_307.csv: 1440 windows
  V6737_2021_308.csv: 1440 windows
  V6737_2021_309.csv: 1440 windows
  V6737_2021_310.csv: 1440 windows
  V6737_2021_311.csv: 1440 windows
  V6737_2021_312.csv: 1440 windows
  V6737_2021_313.csv: 1440 windows
  V6737_2021_314.csv: 1440 windows
  V6737_2021_315.csv: 1440 windows
  V6737_2021_316.csv: 1440 windows
  V6737_2021_317.csv: 1440 windows
  V6737_2021_318.csv: 194 windows

Total windows: 41952
Combined CSV saved to /srv/beegfs/scratch/users/c/cabrerap/hvsr_output/combined/V6737_WR.csv

Statistical Summary:
--------------------
<pandas.io.formats.style.Styler object at 0x15460b13eaf0>
Figure saved to /srv/beegfs/scratch/users/c/cabrerap/hvsr_output/combined/V6737_WR_single_panel.png

Done: 17:34:32
