Processing row 83: station V6763,38.40736057,14.95337016,55.4264
Station: V6763
Starting time: 17:22:30
Days with complete data: 30

  2021.289  [17:22:30]
    Saved V6763_2021_289.csv

  2021.290  [17:22:38]
    Saved V6763_2021_290.csv

  2021.291  [17:22:47]
    Saved V6763_2021_291.csv

  2021.292  [17:22:54]
    Saved V6763_2021_292.csv

  2021.293  [17:23:08]
    Saved V6763_2021_293.csv

  2021.294  [17:23:19]
    Saved V6763_2021_294.csv

  2021.295  [17:23:33]
    Saved V6763_2021_295.csv

  2021.296  [17:23:46]
    Saved V6763_2021_296.csv

  2021.297  [17:23:59]
    Saved V6763_2021_297.csv

  2021.298  [17:24:14]
    Saved V6763_2021_298.csv

  2021.299  [17:24:26]
    Saved V6763_2021_299.csv

  2021.300  [17:24:42]
    Saved V6763_2021_300.csv

  2021.301  [17:24:55]
    Saved V6763_2021_301.csv

  2021.302  [17:25:10]
    Saved V6763_2021_302.csv

  2021.303  [17:25:25]
    Saved V6763_2021_303.csv

  2021.304  [17:25:38]
    Saved V6763_2021_304.csv

  2021.305  [17:25:50]
    Saved V6763_2021_305.csv

  2021.306  [17:26:05]
    Saved V6763_2021_306.csv

  2021.307  [17:26:20]
    Saved V6763_2021_307.csv

  2021.308  [17:26:35]
    Saved V6763_2021_308.csv

  2021.309  [17:26:49]
    Saved V6763_2021_309.csv

  2021.310  [17:27:06]
    Saved V6763_2021_310.csv

  2021.311  [17:27:23]
    Saved V6763_2021_311.csv

  2021.312  [17:27:37]
    Saved V6763_2021_312.csv

  2021.313  [17:27:51]
    Saved V6763_2021_313.csv

  2021.314  [17:28:07]
    Saved V6763_2021_314.csv

  2021.315  [17:28:22]
    Saved V6763_2021_315.csv

  2021.316  [17:28:37]
    Saved V6763_2021_316.csv

  2021.317  [17:28:52]
    Saved V6763_2021_317.csv

  2021.318  [17:29:06]
    Saved V6763_2021_318.csv

All days done: 17:29:17
Station: V6763
Starting time: 17:29:21
Found 30 per-day CSV(s)
  V6763_2021_289.csv: 1438 windows
  V6763_2021_290.csv: 1440 windows
  V6763_2021_291.csv: 1440 windows
  V6763_2021_292.csv: 1440 windows
  V6763_2021_293.csv: 1440 windows
  V6763_2021_294.csv: 1440 windows
  V6763_2021_295.csv: 1440 windows
  V6763_2021_296.csv: 1440 windows
  V6763_2021_297.csv: 1440 windows
  V6763_2021_298.csv: 1440 windows
  V6763_2021_299.csv: 1440 windows
  V6763_2021_300.csv: 1440 windows
  V6763_2021_301.csv: 1440 windows
  V6763_2021_302.csv: 1440 windows
  V6763_2021_303.csv: 1440 windows
  V6763_2021_304.csv: 1440 windows
  V6763_2021_305.csv: 1440 windows
  V6763_2021_306.csv: 1440 windows
  V6763_2021_307.csv: 1440 windows
  V6763_2021_308.csv: 1440 windows
  V6763_2021_309.csv: 1440 windows
  V6763_2021_310.csv: 1440 windows
  V6763_2021_311.csv: 1440 windows
  V6763_2021_312.csv: 1440 windows
  V6763_2021_313.csv: 1440 windows
  V6763_2021_314.csv: 1440 windows
  V6763_2021_315.csv: 1440 windows
  V6763_2021_316.csv: 1440 windows
  V6763_2021_317.csv: 1440 windows
  V6763_2021_318.csv: 1149 windows

Total windows: 42907
Combined CSV saved to /srv/beegfs/scratch/users/c/cabrerap/hvsr_output/combined/V6763_WR.csv

Statistical Summary:
--------------------
<pandas.io.formats.style.Styler object at 0x146808b8baf0>
Figure saved to /srv/beegfs/scratch/users/c/cabrerap/hvsr_output/combined/V6763_WR_single_panel.png

Done: 17:30:53
