Processing row 84: station V6769,38.39137788,14.98865333,380.597
Station: V6769
Starting time: 17:22:51
Days with complete data: 28

  2021.289  [17:22:51]
    Saved V6769_2021_289.csv

  2021.290  [17:23:15]
    Saved V6769_2021_290.csv

  2021.291  [17:23:39]
    Saved V6769_2021_291.csv

  2021.292  [17:23:58]
    Saved V6769_2021_292.csv

  2021.293  [17:24:16]
    Saved V6769_2021_293.csv

  2021.294  [17:24:38]
    Saved V6769_2021_294.csv

  2021.295  [17:25:00]
    Saved V6769_2021_295.csv

  2021.296  [17:25:18]
    Saved V6769_2021_296.csv

  2021.297  [17:25:39]
    Saved V6769_2021_297.csv

  2021.298  [17:25:57]
    Saved V6769_2021_298.csv

  2021.299  [17:26:19]
    Saved V6769_2021_299.csv

  2021.300  [17:26:40]
    Saved V6769_2021_300.csv

  2021.301  [17:26:56]
    Saved V6769_2021_301.csv

  2021.302  [17:27:16]
    Saved V6769_2021_302.csv

  2021.303  [17:27:33]
    Saved V6769_2021_303.csv

  2021.304  [17:27:53]
    Saved V6769_2021_304.csv

  2021.305  [17:28:15]
    Saved V6769_2021_305.csv

  2021.306  [17:28:35]
    Saved V6769_2021_306.csv

  2021.307  [17:28:57]
    Saved V6769_2021_307.csv

  2021.308  [17:29:15]
    Saved V6769_2021_308.csv

  2021.309  [17:29:33]
    Saved V6769_2021_309.csv

  2021.310  [17:29:52]
    Saved V6769_2021_310.csv

  2021.311  [17:30:12]
    Saved V6769_2021_311.csv

  2021.312  [17:30:25]
    Saved V6769_2021_312.csv

  2021.313  [17:30:44]
    Saved V6769_2021_313.csv

  2021.314  [17:31:04]
    Saved V6769_2021_314.csv

  2021.315  [17:31:22]
    Saved V6769_2021_315.csv

  2021.316  [17:31:37]
    Saved V6769_2021_316.csv

All days done: 17:31:51
Station: V6769
Starting time: 17:31:55
Found 28 per-day CSV(s)
  V6769_2021_289.csv: 1438 windows
  V6769_2021_290.csv: 1440 windows
  V6769_2021_291.csv: 1440 windows
  V6769_2021_292.csv: 1440 windows
  V6769_2021_293.csv: 1440 windows
  V6769_2021_294.csv: 1440 windows
  V6769_2021_295.csv: 1440 windows
  V6769_2021_296.csv: 1440 windows
  V6769_2021_297.csv: 1440 windows
  V6769_2021_298.csv: 1440 windows
  V6769_2021_299.csv: 1440 windows
  V6769_2021_300.csv: 1440 windows
  V6769_2021_301.csv: 1440 windows
  V6769_2021_302.csv: 1440 windows
  V6769_2021_303.csv: 1440 windows
  V6769_2021_304.csv: 1440 windows
  V6769_2021_305.csv: 1440 windows
  V6769_2021_306.csv: 1440 windows
  V6769_2021_307.csv: 1440 windows
  V6769_2021_308.csv: 1440 windows
  V6769_2021_309.csv: 1440 windows
  V6769_2021_310.csv: 1440 windows
  V6769_2021_311.csv: 1440 windows
  V6769_2021_312.csv: 1440 windows
  V6769_2021_313.csv: 1440 windows
  V6769_2021_314.csv: 1440 windows
  V6769_2021_315.csv: 1440 windows
  V6769_2021_316.csv: 859 windows

Total windows: 39737
Combined CSV saved to /srv/beegfs/scratch/users/c/cabrerap/hvsr_output/combined/V6769_WR.csv

Statistical Summary:
--------------------
<pandas.io.formats.style.Styler object at 0x15234867baf0>
Figure saved to /srv/beegfs/scratch/users/c/cabrerap/hvsr_output/combined/V6769_WR_single_panel.png

Done: 17:33:11
