Processing row 82: station V6756,38.39774805,14.98009035,314.519
Station: V6756
Starting time: 17:22:30
Days with complete data: 31

  2021.289  [17:22:30]
    Saved V6756_2021_289.csv

  2021.290  [17:22:39]
    Saved V6756_2021_290.csv

  2021.291  [17:22:47]
    Saved V6756_2021_291.csv

  2021.292  [17:22:54]
    Saved V6756_2021_292.csv

  2021.293  [17:23:09]
    Saved V6756_2021_293.csv

  2021.294  [17:23:20]
    Saved V6756_2021_294.csv

  2021.295  [17:23:34]
    Saved V6756_2021_295.csv

  2021.296  [17:23:47]
    Saved V6756_2021_296.csv

  2021.297  [17:24:00]
    Saved V6756_2021_297.csv

  2021.298  [17:24:12]
    Saved V6756_2021_298.csv

  2021.299  [17:24:24]
    Saved V6756_2021_299.csv

  2021.300  [17:24:38]
    Saved V6756_2021_300.csv

  2021.301  [17:24:52]
    Saved V6756_2021_301.csv

  2021.302  [17:25:08]
    Saved V6756_2021_302.csv

  2021.303  [17:25:21]
    Saved V6756_2021_303.csv

  2021.304  [17:25:36]
    Saved V6756_2021_304.csv

  2021.305  [17:25:49]
    Saved V6756_2021_305.csv

  2021.306  [17:26:01]
    Saved V6756_2021_306.csv

  2021.307  [17:26:16]
    Saved V6756_2021_307.csv

  2021.308  [17:26:29]
    Saved V6756_2021_308.csv

  2021.309  [17:26:44]
    Saved V6756_2021_309.csv

  2021.310  [17:26:57]
    Saved V6756_2021_310.csv

  2021.311  [17:27:13]
    Saved V6756_2021_311.csv

  2021.312  [17:27:27]
    Saved V6756_2021_312.csv

  2021.313  [17:27:41]
    Saved V6756_2021_313.csv

  2021.314  [17:27:54]
    Saved V6756_2021_314.csv

  2021.315  [17:28:09]
    Saved V6756_2021_315.csv

  2021.316  [17:28:21]
    Saved V6756_2021_316.csv

  2021.317  [17:28:38]
    Saved V6756_2021_317.csv

  2021.318  [17:28:51]
    Saved V6756_2021_318.csv

  2021.319  [17:29:04]
    Saved V6756_2021_319.csv

All days done: 17:29:08
Station: V6756
Starting time: 17:29:11
Found 31 per-day CSV(s)
  V6756_2021_289.csv: 1438 windows
  V6756_2021_290.csv: 1440 windows
  V6756_2021_291.csv: 1440 windows
  V6756_2021_292.csv: 1440 windows
  V6756_2021_293.csv: 1440 windows
  V6756_2021_294.csv: 1440 windows
  V6756_2021_295.csv: 1440 windows
  V6756_2021_296.csv: 1440 windows
  V6756_2021_297.csv: 1440 windows
  V6756_2021_298.csv: 1440 windows
  V6756_2021_299.csv: 1440 windows
  V6756_2021_300.csv: 1440 windows
  V6756_2021_301.csv: 1440 windows
  V6756_2021_302.csv: 1440 windows
  V6756_2021_303.csv: 1440 windows
  V6756_2021_304.csv: 1440 windows
  V6756_2021_305.csv: 1440 windows
  V6756_2021_306.csv: 1440 windows
  V6756_2021_307.csv: 1440 windows
  V6756_2021_308.csv: 1440 windows
  V6756_2021_309.csv: 1440 windows
  V6756_2021_310.csv: 1440 windows
  V6756_2021_311.csv: 1440 windows
  V6756_2021_312.csv: 1440 windows
  V6756_2021_313.csv: 1440 windows
  V6756_2021_314.csv: 1440 windows
  V6756_2021_315.csv: 1440 windows
  V6756_2021_316.csv: 1440 windows
  V6756_2021_317.csv: 1440 windows
  V6756_2021_318.csv: 1440 windows
  V6756_2021_319.csv: 197 windows

Total windows: 43395
Combined CSV saved to /srv/beegfs/scratch/users/c/cabrerap/hvsr_output/combined/V6756_WR.csv

Statistical Summary:
--------------------
<pandas.io.formats.style.Styler object at 0x1536e9c53af0>
Figure saved to /srv/beegfs/scratch/users/c/cabrerap/hvsr_output/combined/V6756_WR_single_panel.png

Done: 17:30:40
