Processing row 91: station 22703
station:22703
length:5
Starting time: 10:19:19
['/srv/beegfs/scratch/shares/cdff/hautesorne/DATA_MSEED/01032024/453022703.2024.03.01.00.00.00.000.Z.miniseed']
All checks passed. Z, E, and N are valid lists of strings.
[['/srv/beegfs/scratch/shares/cdff/hautesorne/DATA_MSEED/01032024/453022703.2024.03.01.00.00.00.000.Z.miniseed', '/srv/beegfs/scratch/shares/cdff/hautesorne/DATA_MSEED/01032024/453022703.2024.03.01.00.00.00.000.E.miniseed', '/srv/beegfs/scratch/shares/cdff/hautesorne/DATA_MSEED/01032024/453022703.2024.03.01.00.00.00.000.N.miniseed']]
Number of recordings: 1
All files exist. (n=1)
Preprocessing Summary
------------------------------------------------------------
hvsrpy_version                           : 2.0.0
orient_to_degrees_from_north             : 0.0
filter_corner_frequencies_in_hz          : (0.1, 30)
window_length_in_seconds                 : 30
detrend                                  : constant
ignore_dissimilar_time_step_warning      : False
preprocessing_method                     : hvsr
Processing Summary
------------------------------------------------------------
hvsrpy_version                           : 2.0.0
window_type_and_width                    : ('tukey', 0.01)
smoothing                                :
     operator                            : konno_and_ohmachi
     bandwidth                           : 40
     center_frequencies_in_hz            : [0.2, 0.204377782136 ... 2899754289661, 50.0]
fft_settings                             : None
handle_dissimilar_time_steps_by          : frequency_domain_resampling
processing_method                        : traditional
method_to_combine_horizontals            : geometric_mean
Start reading: 10:19:19
End reading: 10:19:31
Figure saved successfully to output/output_window_rejection_v13Nov/22703_WR.png!
Results saved successfully to output/output_window_rejection_v13Nov/22703_WR.csv!

Statistical Summary:
--------------------
<pandas.io.formats.style.Styler object at 0x146f13d71e50>
Figure saved successfully to output/output_window_rejection_v13Nov/22703_WR_single_panel.png!
