Processing row 96: station V6853,38.39848475,14.97817383,316.463
Station: V6853
Starting time: 17:22:51
Days with complete data: 29

  2021.289  [17:22:51]
    Saved V6853_2021_289.csv

  2021.290  [17:23:15]
    Saved V6853_2021_290.csv

  2021.291  [17:23:40]
    Saved V6853_2021_291.csv

  2021.292  [17:24:01]
    Saved V6853_2021_292.csv

  2021.293  [17:24:23]
    Saved V6853_2021_293.csv

  2021.294  [17:24:48]
    Saved V6853_2021_294.csv

  2021.295  [17:25:10]
    Saved V6853_2021_295.csv

  2021.296  [17:25:31]
    Saved V6853_2021_296.csv

  2021.297  [17:25:53]
    Saved V6853_2021_297.csv

  2021.298  [17:26:11]
    Saved V6853_2021_298.csv

  2021.299  [17:26:29]
    Saved V6853_2021_299.csv

  2021.300  [17:26:47]
    Saved V6853_2021_300.csv

  2021.301  [17:27:12]
    Saved V6853_2021_301.csv

  2021.302  [17:27:32]
    Saved V6853_2021_302.csv

  2021.303  [17:27:48]
    Saved V6853_2021_303.csv

  2021.304  [17:28:11]
    Saved V6853_2021_304.csv

  2021.305  [17:28:28]
    Saved V6853_2021_305.csv

  2021.306  [17:28:53]
    Saved V6853_2021_306.csv

  2021.307  [17:29:16]
    Saved V6853_2021_307.csv

  2021.308  [17:29:35]
    Saved V6853_2021_308.csv

  2021.309  [17:29:56]
    Saved V6853_2021_309.csv

  2021.310  [17:30:20]
    Saved V6853_2021_310.csv

  2021.311  [17:30:37]
    Saved V6853_2021_311.csv

  2021.312  [17:30:58]
    Saved V6853_2021_312.csv

  2021.313  [17:31:15]
    Saved V6853_2021_313.csv

  2021.314  [17:31:31]
    Saved V6853_2021_314.csv

  2021.315  [17:31:48]
    Saved V6853_2021_315.csv

  2021.316  [17:32:03]
    Saved V6853_2021_316.csv

  2021.317  [17:32:18]
    Saved V6853_2021_317.csv

All days done: 17:32:24
Station: V6853
Starting time: 17:32:28
Found 29 per-day CSV(s)
  V6853_2021_289.csv: 1438 windows
  V6853_2021_290.csv: 1440 windows
  V6853_2021_291.csv: 1440 windows
  V6853_2021_292.csv: 1440 windows
  V6853_2021_293.csv: 1440 windows
  V6853_2021_294.csv: 1440 windows
  V6853_2021_295.csv: 1440 windows
  V6853_2021_296.csv: 1440 windows
  V6853_2021_297.csv: 1440 windows
  V6853_2021_298.csv: 1440 windows
  V6853_2021_299.csv: 1440 windows
  V6853_2021_300.csv: 1440 windows
  V6853_2021_301.csv: 1440 windows
  V6853_2021_302.csv: 1440 windows
  V6853_2021_303.csv: 1440 windows
  V6853_2021_304.csv: 1440 windows
  V6853_2021_305.csv: 1440 windows
  V6853_2021_306.csv: 1440 windows
  V6853_2021_307.csv: 1440 windows
  V6853_2021_308.csv: 1440 windows
  V6853_2021_309.csv: 1440 windows
  V6853_2021_310.csv: 1440 windows
  V6853_2021_311.csv: 1440 windows
  V6853_2021_312.csv: 1440 windows
  V6853_2021_313.csv: 1440 windows
  V6853_2021_314.csv: 1440 windows
  V6853_2021_315.csv: 1440 windows
  V6853_2021_316.csv: 1440 windows
  V6853_2021_317.csv: 255 windows

Total windows: 40573
Combined CSV saved to /srv/beegfs/scratch/users/c/cabrerap/hvsr_output/combined/V6853_WR.csv

Statistical Summary:
--------------------
<pandas.io.formats.style.Styler object at 0x14d8b22a0af0>
Figure saved to /srv/beegfs/scratch/users/c/cabrerap/hvsr_output/combined/V6853_WR_single_panel.png

Done: 17:33:51
