Processing row 94: station V6849,38.38628761,14.98459087,381.852
Station: V6849
Starting time: 17:22:51
Days with complete data: 29

  2021.289  [17:22:51]
    Saved V6849_2021_289.csv

  2021.290  [17:23:18]
    Saved V6849_2021_290.csv

  2021.291  [17:23:41]
    Saved V6849_2021_291.csv

  2021.292  [17:23:59]
    Saved V6849_2021_292.csv

  2021.293  [17:24:19]
    Saved V6849_2021_293.csv

  2021.294  [17:24:42]
    Saved V6849_2021_294.csv

  2021.295  [17:25:07]
    Saved V6849_2021_295.csv

  2021.296  [17:25:26]
    Saved V6849_2021_296.csv

  2021.297  [17:25:44]
    Saved V6849_2021_297.csv

  2021.298  [17:26:06]
    Saved V6849_2021_298.csv

  2021.299  [17:26:25]
    Saved V6849_2021_299.csv

  2021.300  [17:26:46]
    Saved V6849_2021_300.csv

  2021.301  [17:27:10]
    Saved V6849_2021_301.csv

  2021.302  [17:27:30]
    Saved V6849_2021_302.csv

  2021.303  [17:27:49]
    Saved V6849_2021_303.csv

  2021.304  [17:28:11]
    Saved V6849_2021_304.csv

  2021.305  [17:28:29]
    Saved V6849_2021_305.csv

  2021.306  [17:28:44]
    Saved V6849_2021_306.csv

  2021.307  [17:29:05]
    Saved V6849_2021_307.csv

  2021.308  [17:29:23]
    Saved V6849_2021_308.csv

  2021.309  [17:29:42]
    Saved V6849_2021_309.csv

  2021.310  [17:29:59]
    Saved V6849_2021_310.csv

  2021.311  [17:30:19]
    Saved V6849_2021_311.csv

  2021.312  [17:30:39]
    Saved V6849_2021_312.csv

  2021.313  [17:31:02]
    Saved V6849_2021_313.csv

  2021.314  [17:31:18]
    Saved V6849_2021_314.csv

  2021.315  [17:31:37]
    Saved V6849_2021_315.csv

  2021.316  [17:31:57]
    Saved V6849_2021_316.csv

  2021.317  [17:32:07]
    Saved V6849_2021_317.csv

All days done: 17:32:14
Station: V6849
Starting time: 17:32:19
Found 29 per-day CSV(s)
  V6849_2021_289.csv: 1438 windows
  V6849_2021_290.csv: 1440 windows
  V6849_2021_291.csv: 1440 windows
  V6849_2021_292.csv: 1440 windows
  V6849_2021_293.csv: 1440 windows
  V6849_2021_294.csv: 1440 windows
  V6849_2021_295.csv: 1440 windows
  V6849_2021_296.csv: 1440 windows
  V6849_2021_297.csv: 1440 windows
  V6849_2021_298.csv: 1440 windows
  V6849_2021_299.csv: 1440 windows
  V6849_2021_300.csv: 1440 windows
  V6849_2021_301.csv: 1440 windows
  V6849_2021_302.csv: 1440 windows
  V6849_2021_303.csv: 1440 windows
  V6849_2021_304.csv: 1440 windows
  V6849_2021_305.csv: 1440 windows
  V6849_2021_306.csv: 1440 windows
  V6849_2021_307.csv: 1440 windows
  V6849_2021_308.csv: 1440 windows
  V6849_2021_309.csv: 1440 windows
  V6849_2021_310.csv: 1440 windows
  V6849_2021_311.csv: 1440 windows
  V6849_2021_312.csv: 1440 windows
  V6849_2021_313.csv: 1440 windows
  V6849_2021_314.csv: 1440 windows
  V6849_2021_315.csv: 1440 windows
  V6849_2021_316.csv: 1440 windows
  V6849_2021_317.csv: 361 windows

Total windows: 40679
Combined CSV saved to /srv/beegfs/scratch/users/c/cabrerap/hvsr_output/combined/V6849_WR.csv

Statistical Summary:
--------------------
<pandas.io.formats.style.Styler object at 0x149241dcaaf0>
Figure saved to /srv/beegfs/scratch/users/c/cabrerap/hvsr_output/combined/V6849_WR_single_panel.png

Done: 17:33:44
