Processing row 93: station V6848,38.40522588,14.97984715,101.61
Station: V6848
Starting time: 17:22:51
Days with complete data: 30

  2021.289  [17:22:51]
    Saved V6848_2021_289.csv

  2021.290  [17:23:17]
    Saved V6848_2021_290.csv

  2021.291  [17:23:42]
    Saved V6848_2021_291.csv

  2021.292  [17:24:03]
    Saved V6848_2021_292.csv

  2021.293  [17:24:23]
    Saved V6848_2021_293.csv

  2021.294  [17:24:43]
    Saved V6848_2021_294.csv

  2021.295  [17:25:01]
    Saved V6848_2021_295.csv

  2021.296  [17:25:19]
    Saved V6848_2021_296.csv

  2021.297  [17:25:41]
    Saved V6848_2021_297.csv

  2021.298  [17:26:04]
    Saved V6848_2021_298.csv

  2021.299  [17:26:24]
    Saved V6848_2021_299.csv

  2021.300  [17:26:43]
    Saved V6848_2021_300.csv

  2021.301  [17:27:06]
    Saved V6848_2021_301.csv

  2021.302  [17:27:25]
    Saved V6848_2021_302.csv

  2021.303  [17:27:48]
    Saved V6848_2021_303.csv

  2021.304  [17:28:11]
    Saved V6848_2021_304.csv

  2021.305  [17:28:31]
    Saved V6848_2021_305.csv

  2021.306  [17:28:52]
    Saved V6848_2021_306.csv

  2021.307  [17:29:14]
    Saved V6848_2021_307.csv

  2021.308  [17:29:35]
    Saved V6848_2021_308.csv

  2021.309  [17:29:57]
    Saved V6848_2021_309.csv

  2021.310  [17:30:15]
    Saved V6848_2021_310.csv

  2021.311  [17:30:31]
    Saved V6848_2021_311.csv

  2021.312  [17:30:54]
    Saved V6848_2021_312.csv

  2021.313  [17:31:11]
    Saved V6848_2021_313.csv

  2021.314  [17:31:31]
    Saved V6848_2021_314.csv

  2021.315  [17:31:50]
    Saved V6848_2021_315.csv

  2021.316  [17:32:06]
    Saved V6848_2021_316.csv

  2021.317  [17:32:21]
    Saved V6848_2021_317.csv

  2021.318  [17:32:38]
    Saved V6848_2021_318.csv

All days done: 17:32:48
Station: V6848
Starting time: 17:32:52
Found 30 per-day CSV(s)
  V6848_2021_289.csv: 1438 windows
  V6848_2021_290.csv: 1440 windows
  V6848_2021_291.csv: 1440 windows
  V6848_2021_292.csv: 1440 windows
  V6848_2021_293.csv: 1440 windows
  V6848_2021_294.csv: 1440 windows
  V6848_2021_295.csv: 1440 windows
  V6848_2021_296.csv: 1440 windows
  V6848_2021_297.csv: 1440 windows
  V6848_2021_298.csv: 1440 windows
  V6848_2021_299.csv: 1440 windows
  V6848_2021_300.csv: 1440 windows
  V6848_2021_301.csv: 1440 windows
  V6848_2021_302.csv: 1440 windows
  V6848_2021_303.csv: 1440 windows
  V6848_2021_304.csv: 1440 windows
  V6848_2021_305.csv: 1440 windows
  V6848_2021_306.csv: 1440 windows
  V6848_2021_307.csv: 1440 windows
  V6848_2021_308.csv: 1440 windows
  V6848_2021_309.csv: 1440 windows
  V6848_2021_310.csv: 1440 windows
  V6848_2021_311.csv: 1440 windows
  V6848_2021_312.csv: 1440 windows
  V6848_2021_313.csv: 1440 windows
  V6848_2021_314.csv: 1440 windows
  V6848_2021_315.csv: 1440 windows
  V6848_2021_316.csv: 1440 windows
  V6848_2021_317.csv: 1440 windows
  V6848_2021_318.csv: 1124 windows

Total windows: 42882
Combined CSV saved to /srv/beegfs/scratch/users/c/cabrerap/hvsr_output/combined/V6848_WR.csv

Statistical Summary:
--------------------
<pandas.io.formats.style.Styler object at 0x15514a4f5af0>
Figure saved to /srv/beegfs/scratch/users/c/cabrerap/hvsr_output/combined/V6848_WR_single_panel.png

Done: 17:34:06
