Processing row 9: station E6755,38.40624211,14.97471682,88.4693
Station: E6755
Starting time: 17:22:31
Days with complete data: 30

  2021.289  [17:22:31]
    Saved E6755_2021_289.csv

  2021.290  [17:22:42]
    Saved E6755_2021_290.csv

  2021.291  [17:22:52]
    Saved E6755_2021_291.csv

  2021.292  [17:23:10]
    Saved E6755_2021_292.csv

  2021.293  [17:23:22]
    Saved E6755_2021_293.csv

  2021.294  [17:23:37]
    Saved E6755_2021_294.csv

  2021.295  [17:23:51]
    Saved E6755_2021_295.csv

  2021.296  [17:24:07]
    Saved E6755_2021_296.csv

  2021.297  [17:24:22]
    Saved E6755_2021_297.csv

  2021.298  [17:24:39]
    Saved E6755_2021_298.csv

  2021.299  [17:24:54]
    Saved E6755_2021_299.csv

  2021.300  [17:25:12]
    Saved E6755_2021_300.csv

  2021.301  [17:25:28]
    Saved E6755_2021_301.csv

  2021.302  [17:25:44]
    Saved E6755_2021_302.csv

  2021.303  [17:25:59]
    Saved E6755_2021_303.csv

  2021.304  [17:26:16]
    Saved E6755_2021_304.csv

  2021.305  [17:26:31]
    Saved E6755_2021_305.csv

  2021.306  [17:26:47]
    Saved E6755_2021_306.csv

  2021.307  [17:27:04]
    Saved E6755_2021_307.csv

  2021.308  [17:27:19]
    Saved E6755_2021_308.csv

  2021.309  [17:27:35]
    Saved E6755_2021_309.csv

  2021.310  [17:27:52]
    Saved E6755_2021_310.csv

  2021.311  [17:28:07]
    Saved E6755_2021_311.csv

  2021.312  [17:28:24]
    Saved E6755_2021_312.csv

  2021.313  [17:28:43]
    Saved E6755_2021_313.csv

  2021.314  [17:29:01]
    Saved E6755_2021_314.csv

  2021.315  [17:29:18]
    Saved E6755_2021_315.csv

  2021.316  [17:29:33]
    Saved E6755_2021_316.csv

  2021.317  [17:29:51]
    Saved E6755_2021_317.csv

  2021.318  [17:30:06]
    Saved E6755_2021_318.csv

All days done: 17:30:19
Station: E6755
Starting time: 17:30:23
Found 30 per-day CSV(s)
  E6755_2021_289.csv: 1438 windows
  E6755_2021_290.csv: 1440 windows
  E6755_2021_291.csv: 1440 windows
  E6755_2021_292.csv: 1440 windows
  E6755_2021_293.csv: 1440 windows
  E6755_2021_294.csv: 1440 windows
  E6755_2021_295.csv: 1440 windows
  E6755_2021_296.csv: 1440 windows
  E6755_2021_297.csv: 1440 windows
  E6755_2021_298.csv: 1440 windows
  E6755_2021_299.csv: 1440 windows
  E6755_2021_300.csv: 1440 windows
  E6755_2021_301.csv: 1440 windows
  E6755_2021_302.csv: 1440 windows
  E6755_2021_303.csv: 1440 windows
  E6755_2021_304.csv: 1440 windows
  E6755_2021_305.csv: 1440 windows
  E6755_2021_306.csv: 1440 windows
  E6755_2021_307.csv: 1440 windows
  E6755_2021_308.csv: 1440 windows
  E6755_2021_309.csv: 1440 windows
  E6755_2021_310.csv: 1440 windows
  E6755_2021_311.csv: 1440 windows
  E6755_2021_312.csv: 1440 windows
  E6755_2021_313.csv: 1440 windows
  E6755_2021_314.csv: 1440 windows
  E6755_2021_315.csv: 1440 windows
  E6755_2021_316.csv: 1440 windows
  E6755_2021_317.csv: 1440 windows
  E6755_2021_318.csv: 897 windows

Total windows: 42655
Combined CSV saved to /srv/beegfs/scratch/users/c/cabrerap/hvsr_output/combined/E6755_WR.csv

Statistical Summary:
--------------------
<pandas.io.formats.style.Styler object at 0x1554cbabdaf0>
Figure saved to /srv/beegfs/scratch/users/c/cabrerap/hvsr_output/combined/E6755_WR_single_panel.png

Done: 17:31:55
