Processing row 92: station V6847,38.38213393,14.97975608,387.843
Station: V6847
Starting time: 17:22:51
Days with complete data: 30

  2021.289  [17:22:51]
    Saved V6847_2021_289.csv

  2021.290  [17:23:18]
    Saved V6847_2021_290.csv

  2021.291  [17:23:42]
    Saved V6847_2021_291.csv

  2021.292  [17:24:02]
    Saved V6847_2021_292.csv

  2021.293  [17:24:24]
    Saved V6847_2021_293.csv

  2021.294  [17:24:48]
    Saved V6847_2021_294.csv

  2021.295  [17:25:14]
    Saved V6847_2021_295.csv

  2021.296  [17:25:38]
    Saved V6847_2021_296.csv

  2021.297  [17:26:02]
    Saved V6847_2021_297.csv

  2021.298  [17:26:25]
    Saved V6847_2021_298.csv

  2021.299  [17:26:46]
    Saved V6847_2021_299.csv

  2021.300  [17:27:06]
    Saved V6847_2021_300.csv

  2021.301  [17:27:25]
    Saved V6847_2021_301.csv

  2021.302  [17:27:44]
    Saved V6847_2021_302.csv

  2021.303  [17:28:02]
    Saved V6847_2021_303.csv

  2021.304  [17:28:22]
    Saved V6847_2021_304.csv

  2021.305  [17:28:46]
    Saved V6847_2021_305.csv

  2021.306  [17:29:09]
    Saved V6847_2021_306.csv

  2021.307  [17:29:30]
    Saved V6847_2021_307.csv

  2021.308  [17:29:46]
    Saved V6847_2021_308.csv

  2021.309  [17:30:10]
    Saved V6847_2021_309.csv

  2021.310  [17:30:28]
    Saved V6847_2021_310.csv

  2021.311  [17:30:50]
    Saved V6847_2021_311.csv

  2021.312  [17:31:05]
    Saved V6847_2021_312.csv

  2021.313  [17:31:23]
    Saved V6847_2021_313.csv

  2021.314  [17:31:43]
    Saved V6847_2021_314.csv

  2021.315  [17:32:04]
    Saved V6847_2021_315.csv

  2021.316  [17:32:21]
    Saved V6847_2021_316.csv

  2021.317  [17:32:37]
    Saved V6847_2021_317.csv

  2021.318  [17:32:50]
    Saved V6847_2021_318.csv

All days done: 17:33:02
Station: V6847
Starting time: 17:33:06
Found 30 per-day CSV(s)
  V6847_2021_289.csv: 1438 windows
  V6847_2021_290.csv: 1440 windows
  V6847_2021_291.csv: 1440 windows
  V6847_2021_292.csv: 1440 windows
  V6847_2021_293.csv: 1440 windows
  V6847_2021_294.csv: 1440 windows
  V6847_2021_295.csv: 1440 windows
  V6847_2021_296.csv: 1440 windows
  V6847_2021_297.csv: 1440 windows
  V6847_2021_298.csv: 1440 windows
  V6847_2021_299.csv: 1440 windows
  V6847_2021_300.csv: 1440 windows
  V6847_2021_301.csv: 1440 windows
  V6847_2021_302.csv: 1440 windows
  V6847_2021_303.csv: 1440 windows
  V6847_2021_304.csv: 1440 windows
  V6847_2021_305.csv: 1440 windows
  V6847_2021_306.csv: 1440 windows
  V6847_2021_307.csv: 1440 windows
  V6847_2021_308.csv: 1440 windows
  V6847_2021_309.csv: 1440 windows
  V6847_2021_310.csv: 1440 windows
  V6847_2021_311.csv: 1440 windows
  V6847_2021_312.csv: 1440 windows
  V6847_2021_313.csv: 1440 windows
  V6847_2021_314.csv: 1440 windows
  V6847_2021_315.csv: 1440 windows
  V6847_2021_316.csv: 1440 windows
  V6847_2021_317.csv: 1440 windows
  V6847_2021_318.csv: 1091 windows

Total windows: 42849
Combined CSV saved to /srv/beegfs/scratch/users/c/cabrerap/hvsr_output/combined/V6847_WR.csv

Statistical Summary:
--------------------
<pandas.io.formats.style.Styler object at 0x1510eeb6aaf0>
Figure saved to /srv/beegfs/scratch/users/c/cabrerap/hvsr_output/combined/V6847_WR_single_panel.png

Done: 17:34:07
