Job ID: 36834361
Array Task ID: 52
Executing task for index: 52

                            < M A T L A B (R) >
                  Copyright 1984-2021 The MathWorks, Inc.
                  R2021b (9.11.0.1769968) 64-bit (glnxa64)
                             September 17, 2021

 
To get started, type doc.
For product information, visit www.mathworks.com.
 
Initial Parameters:
------------------------------------------------------------------------------------------------------------------------
LayerNum: 2
InvNum: 5
IterNum: 50000
PopNum: 1000
GeneNum: 20
FreqMin: 0.3
FreqMax: 48
Using data from file: ../output/output_DFA_filtered_v11Nov/22784_DFA.txt
Station: 22784
Loaded InitModData:
  Columns 1 through 3

                         1                       100                       500
                        50                       600                      1500

  Columns 4 through 6

                      2500                     2.029                    2.5417
                      3500                    2.3663                    2.6643

  Columns 7 through 8

                    0.0013                    0.0167
                0.00089286                    0.0083

FreqMin:FreqMax:  0.3:48
SampleNum: 235, closestIndex2: 254, closestIndex1: 20
Caught "std::exception" Exception message is:
Message Catalog MATLAB:Debugger was not loaded from the file. Please check file location, format or contents
{Previously accessible file
"/unige/matlab2021b/toolbox/matlab/uitools/private/javacomponentdoc_helper.p"
is now inaccessible.
} 
Could not create on-disk crash report: failed opening file: No such file or directory: iostream error

--------------------------------------------------------------------------------
             std::terminate() detected at 2024-12-05 10:44:49 +0100
--------------------------------------------------------------------------------

Configuration:
  Crash Decoding           : Disabled - No sandbox or build area path
  Crash Mode               : continue (default)
  Default Encoding         : US-ASCII
  Deployed                 : false
  GNU C Library            : 2.28 stable
  Graphics Driver          : Unknown software 
  Graphics Text Issue Info : xmin=0.000000, ymin=-3.000000, xmax=16.000000, ymax=10.000000
  Graphics card 1          : 0x1a03 ( 0x1a03 ) 0x2000 Version 0.0.0.0 (0-0-0)
  Java Version             : Java 1.8.0_202-b08 with Oracle Corporation Java HotSpot(TM) 64-Bit Server VM mixed mode
  MATLAB Architecture      : glnxa64
  MATLAB Entitlement ID    : 665316
  MATLAB Root              : /unige/matlab2021b
  MATLAB Version           : 9.11.0.1769968 (R2021b)
  OpenGL                   : software
  Operating System         : "Rocky Linux release 8.10 (Green Obsidian)"
  Process ID               : 2424652
  Processor ID             : x86 Family 6 Model 85 Stepping 7, GenuineIntel
  Session Key              : 81a8844a-34e2-4daa-a49e-42fe47209cb8
  Static TLS mitigation    : Disabled: Unnecessary
  Window System            : No active display

Fault Count: 1


Abnormal termination:
std::terminate()

Current Thread: 'MCR 0 interpret' id 23310532343552

Register State (captured):
  RAX = 0000000000000000  RBX = 00001534cd928b88
  RCX = 000000000000000a  RDX = 00001534cd9106c8
  RSP = 0000153367ff9690  RBP = 0000153367ff9a70
  RSI = 00001534cd8f052a  RDI = 0000153367ff96a0

   R8 = 0000153367ff999a   R9 = 0000153367ff999a
  R10 = 65646f6d20646578  R11 = 0000000000000000
  R12 = 0000153367ff9ad0  R13 = 0000153367ff9f80
  R14 = 0000153367ffa400  R15 = 0000000000000000

  RIP = 00001534cd88fb3e  EFL = 0069007300730065

   CS = 0062   FS = 006c   GS = 0065

Stack Trace (captured):
[  0] 0x00001534cd884c03          /unige/matlab2021b/bin/glnxa64/libmwfl.so+00388099
[  1] 0x00001534cd884dfc          /unige/matlab2021b/bin/glnxa64/libmwfl.so+00388604 _ZN10foundation4core4diag15stacktrace_base7captureEm+00000028
[  2] 0x00001534cd887d1e          /unige/matlab2021b/bin/glnxa64/libmwfl.so+00400670
[  3] 0x00001534cd88af82          /unige/matlab2021b/bin/glnxa64/libmwfl.so+00413570
[  4] 0x000015339e6ceb47         /unige/matlab2021b/bin/glnxa64/libmwmcr.so+01116999
[  5] 0x000015339e6d08d0         /unige/matlab2021b/bin/glnxa64/libmwmcr.so+01124560
[  6] 0x000015339e6d0deb         /unige/matlab2021b/bin/glnxa64/libmwmcr.so+01125867
[  7] 0x000015339e6d1540         /unige/matlab2021b/bin/glnxa64/libmwmcr.so+01127744
[  8] 0x00001534cf38a986 /unige/matlab2021b/bin/glnxa64/../../sys/os/glnxa64/libstdc++.so.6+00596358
[  9] 0x00001534cf389a79 /unige/matlab2021b/bin/glnxa64/../../sys/os/glnxa64/libstdc++.so.6+00592505
[ 10] 0x00001534cf38a3c5 /unige/matlab2021b/bin/glnxa64/../../sys/os/glnxa64/libstdc++.so.6+00594885 __gxx_personality_v0+00000709
[ 11] 0x00001534cf0f1553 /unige/matlab2021b/bin/glnxa64/../../sys/os/glnxa64/libgcc_s.so.1+00066899
[ 12] 0x00001534cf0f1dd5 /unige/matlab2021b/bin/glnxa64/../../sys/os/glnxa64/libgcc_s.so.1+00069077 _Unwind_Resume+00000293
[ 13] 0x000015339d41f9a8         /unige/matlab2021b/bin/glnxa64/libmwudd.so+00510376
[ 14] 0x000015339d46a739         /unige/matlab2021b/bin/glnxa64/libmwudd.so+00816953
[ 15] 0x00001534cd6a77d7            /unige/matlab2021b/bin/glnxa64/libmx.so+00960471
[ 16] 0x00001534cd6a7848            /unige/matlab2021b/bin/glnxa64/libmx.so+00960584
[ 17] 0x00001534cd6a79d8            /unige/matlab2021b/bin/glnxa64/libmx.so+00960984
[ 18] 0x00001534cd6a7a78            /unige/matlab2021b/bin/glnxa64/libmx.so+00961144
[ 19] 0x00001534cd6a7c25            /unige/matlab2021b/bin/glnxa64/libmx.so+00961573 _ZN6matrix6detail10noninlined12mx_array_api14mxDestroyArrayEP11mxArray_tag+00000165
[ 20] 0x00001532689bc365 /unige/matlab2021b/bin/glnxa64/builtins/matlab_graphics_hgbuiltins/../../../../bin/glnxa64/libmwhgutils.so+01389413 _ZN7hgutils8HGHandleD2Ev+00000053
[ 21] 0x0000153263b571f7 /unige/matlab2021b/bin/glnxa64/builtins/matlab_graphics_hgbuiltins/../../../../bin/glnxa64/libmwhg.so+06779383
[ 22] 0x0000153263b65e93 /unige/matlab2021b/bin/glnxa64/builtins/matlab_graphics_hgbuiltins/../../../../bin/glnxa64/libmwhg.so+06839955
[ 23] 0x0000153263b607bf /unige/matlab2021b/bin/glnxa64/builtins/matlab_graphics_hgbuiltins/../../../../bin/glnxa64/libmwhg.so+06817727
[ 24] 0x0000153263b3ec15 /unige/matlab2021b/bin/glnxa64/builtins/matlab_graphics_hgbuiltins/../../../../bin/glnxa64/libmwhg.so+06679573
[ 25] 0x0000153263a8aa70 /unige/matlab2021b/bin/glnxa64/builtins/matlab_graphics_hgbuiltins/../../../../bin/glnxa64/libmwhg.so+05941872
[ 26] 0x0000153263a8acc1 /unige/matlab2021b/bin/glnxa64/builtins/matlab_graphics_hgbuiltins/../../../../bin/glnxa64/libmwhg.so+05942465
[ 27] 0x0000153375c3a522   /unige/matlab2021b/bin/glnxa64/libmwmcos_impl.so+03802402
[ 28] 0x0000153375c2d32c   /unige/matlab2021b/bin/glnxa64/libmwmcos_impl.so+03748652
[ 29] 0x0000153375c26300   /unige/matlab2021b/bin/glnxa64/libmwmcos_impl.so+03719936
[ 30] 0x0000153263a3ac29 /unige/matlab2021b/bin/glnxa64/builtins/matlab_graphics_hgbuiltins/../../../../bin/glnxa64/libmwhg.so+05614633
[ 31] 0x0000153263a3ae68 /unige/matlab2021b/bin/glnxa64/builtins/matlab_graphics_hgbuiltins/../../../../bin/glnxa64/libmwhg.so+05615208
[ 32] 0x0000153263a367d5 /unige/matlab2021b/bin/glnxa64/builtins/matlab_graphics_hgbuiltins/../../../../bin/glnxa64/libmwhg.so+05597141
[ 33] 0x0000153263a3b23b /unige/matlab2021b/bin/glnxa64/builtins/matlab_graphics_hgbuiltins/../../../../bin/glnxa64/libmwhg.so+05616187 MLTerminate_hg+00000027
[ 34] 0x000015339e4e82da /unige/matlab2021b/bin/glnxa64/libmwm_dispatcher.so+00783066
[ 35] 0x000015339e527d48 /unige/matlab2021b/bin/glnxa64/libmwm_dispatcher.so+01043784 _ZN11Mdispatcher14cleanupAllFcnsEv+00000200
[ 36] 0x00001533911fe419       /unige/matlab2021b/bin/glnxa64/libmwm_lxe.so+11645977 _ZN9MathWorks3lxe17ShutdownLxeEngineEb+00000137
[ 37] 0x000015339e687378         /unige/matlab2021b/bin/glnxa64/libmwmcr.so+00824184
[ 38] 0x000015339e6c9a1a         /unige/matlab2021b/bin/glnxa64/libmwmcr.so+01096218
[ 39] 0x000015339e6c9fbb         /unige/matlab2021b/bin/glnxa64/libmwmcr.so+01097659
[ 40] 0x000015339e6d6829         /unige/matlab2021b/bin/glnxa64/libmwmcr.so+01148969
[ 41] 0x000015339e6555f3         /unige/matlab2021b/bin/glnxa64/libmwmcr.so+00620019
[ 42] 0x000015339e68c0ec         /unige/matlab2021b/bin/glnxa64/libmwmcr.so+00844012
[ 43] 0x000015339e68c362         /unige/matlab2021b/bin/glnxa64/libmwmcr.so+00844642
[ 44] 0x00001534ce49d8a7 /unige/matlab2021b/bin/glnxa64/libmwboost_thread.so.1.72.0+00063655
[ 45] 0x00001534cf6841ca                             /lib64/libpthread.so.0+00033226
[ 46] 0x00001534ced448d3                                   /lib64/libc.so.6+00235731 clone+00000067




MATLAB is exiting because of fatal error
/var/spool/slurmd/job36834361/slurm_script: line 26: 2424652 Killed                  matlab -nodisplay -nosplash -r "filename='$line'; tic; run('run_HVSRInv.m'); toc; exit;"
