Job ID: 36834297
Array Task ID: 26
Executing task for index: 26

                            < M A T L A B (R) >
                  Copyright 1984-2021 The MathWorks, Inc.
                  R2021b (9.11.0.1769968) 64-bit (glnxa64)
                             September 17, 2021

 
To get started, type doc.
For product information, visit www.mathworks.com.
 
Initial Parameters:
------------------------------------------------------------------------------------------------------------------------
LayerNum: 2
InvNum: 5
IterNum: 50000
PopNum: 1000
GeneNum: 20
FreqMin: 0.3
FreqMax: 48
Using data from file: ../output/output_DFA_filtered_v11Nov/22589_DFA.txt
Station: 22589
Loaded InitModData:
  Columns 1 through 3

                         1                       100                       500
                        50                       600                      1500

  Columns 4 through 6

                      2500                     2.029                    2.5417
                      3500                    2.3663                    2.6643

  Columns 7 through 8

                    0.0013                    0.0167
                0.00089286                    0.0083

FreqMin:FreqMax:  0.3:48
SampleNum: 235, closestIndex2: 254, closestIndex1: 20
Could not create on-disk crash report: failed opening file: No such file or directory: iostream error

--------------------------------------------------------------------------------
          Segmentation violation detected at 2024-12-05 08:58:33 +0100
--------------------------------------------------------------------------------

Configuration:
  Crash Decoding           : Disabled - No sandbox or build area path
  Crash Mode               : continue (default)
  Default Encoding         : US-ASCII
  Deployed                 : false
  GNU C Library            : 2.28 stable
  Graphics Driver          : Unknown software 
  Graphics Text Issue Info : xmin=0.000000, ymin=-3.000000, xmax=16.000000, ymax=10.000000
  Graphics card 1          : 0x1a03 ( 0x1a03 ) 0x2000 Version 0.0.0.0 (0-0-0)
  Java Version             : Java 1.8.0_202-b08 with Oracle Corporation Java HotSpot(TM) 64-Bit Server VM mixed mode
  MATLAB Architecture      : glnxa64
  MATLAB Entitlement ID    : 665316
  MATLAB Root              : /unige/matlab2021b
  MATLAB Version           : 9.11.0.1769968 (R2021b)
  OpenGL                   : software
  Operating System         : "Rocky Linux release 8.10 (Green Obsidian)"
  Process ID               : 2000271
  Processor ID             : x86 Family 6 Model 85 Stepping 7, GenuineIntel
  Session Key              : 3103cd66-db89-4310-be3b-d7a3ecd915e1
  Static TLS mitigation    : Disabled: Unnecessary
  Window System            : No active display

Fault Count: 1


Abnormal termination:
Segmentation violation

Current Thread: 'OrderedWorkQ' id 22575274915584

Register State (from fault):
  RAX = 00001487d40c9f10  RBX = 00001488373de040
  RCX = 0000148a30d2e360  RDX = 00001488373dfab0
  RSP = 00001488373ddde0  RBP = 00001488373de190
  RSI = 00001488373ddf28  RDI = 00001488373de048

   R8 = 0000000000000000   R9 = 00001487d4000ace
  R10 = 0000000000000000  R11 = 0000000000000000
  R12 = 00001488373dde20  R13 = 00001488373ddf20
  R14 = 00001487d40c9f10  R15 = 0000000000000000

  RIP = 00001488edb3ef1d  EFL = 0000000000010202

   CS = 0033   FS = 0000   GS = 0000

Stack Trace (from fault):
[  0] 0x00001488edb3ef1d /unige/matlab2021b/bin/glnxa64/matlab_startup_plugins/jmi/../../../../bin/glnxa64/libmwxmlutils.so+00044829 _ZN2mw8xmlutils12LibXML2Utils22readDOMDocumentFromUrlERKNSt7__cxx1112basic_stringIcSt11char_traitsIcESaIcEEE+00000397
[  1] 0x00001488e4a5ff24 /unige/matlab2021b/bin/glnxa64/matlab_startup_plugins/matlab_path_metadata_source/../../../../bin/glnxa64/libmwaddons_registry_core.so+00552740
[  2] 0x00001488e4a45f65 /unige/matlab2021b/bin/glnxa64/matlab_startup_plugins/matlab_path_metadata_source/../../../../bin/glnxa64/libmwaddons_registry_core.so+00446309
[  3] 0x00001488e4a46cd3 /unige/matlab2021b/bin/glnxa64/matlab_startup_plugins/matlab_path_metadata_source/../../../../bin/glnxa64/libmwaddons_registry_core.so+00449747
[  4] 0x00001488e4a60b88 /unige/matlab2021b/bin/glnxa64/matlab_startup_plugins/matlab_path_metadata_source/../../../../bin/glnxa64/libmwaddons_registry_core.so+00555912
[  5] 0x0000148a31465be0         /unige/matlab2021b/bin/glnxa64/libmwmvm.so+02825184 _ZNK7mwboost9function0IvEclEv+00000032
[  6] 0x0000148a2c2415ec /unige/matlab2021b/bin/glnxa64/libmwsettingscore.so+02209260 _ZN7mwboost6detail17task_shared_stateINS_8functionIFvvEEEvE6do_runEv+00000028
[  7] 0x0000148a2c23ca8e /unige/matlab2021b/bin/glnxa64/libmwsettingscore.so+02189966 _ZN7mwboost13packaged_taskIvEclEv+00000078
[  8] 0x00001488e4a6b1f4 /unige/matlab2021b/bin/glnxa64/matlab_startup_plugins/matlab_path_metadata_source/../../../../bin/glnxa64/libmwaddons_registry_core.so+00598516
[  9] 0x0000148a2f9348a7 /unige/matlab2021b/bin/glnxa64/libmwboost_thread.so.1.72.0+00063655
[ 10] 0x0000148a30b1b1ca                             /lib64/libpthread.so.0+00033226
[ 11] 0x0000148a301db8d3                                   /lib64/libc.so.6+00235731 clone+00000067




MATLAB is exiting because of fatal error
/var/spool/slurmd/job36834297/slurm_script: line 26: 2000271 Killed                  matlab -nodisplay -nosplash -r "filename='$line'; tic; run('run_HVSRInv.m'); toc; exit;"
