Job ID: 36834308
Array Task ID: 37
Executing task for index: 37

                            < M A T L A B (R) >
                  Copyright 1984-2021 The MathWorks, Inc.
                  R2021b (9.11.0.1769968) 64-bit (glnxa64)
                             September 17, 2021

 
To get started, type doc.
For product information, visit www.mathworks.com.
 
Initial Parameters:
------------------------------------------------------------------------------------------------------------------------
LayerNum: 2
InvNum: 5
IterNum: 50000
PopNum: 1000
GeneNum: 20
FreqMin: 0.3
FreqMax: 48
Using data from file: ../output/output_DFA_filtered_v11Nov/22808_DFA.txt
Station: 22808
Loaded InitModData:
  Columns 1 through 3

                         1                       100                       500
                        50                       600                      1500

  Columns 4 through 6

                      2500                     2.029                    2.5417
                      3500                    2.3663                    2.6643

  Columns 7 through 8

                    0.0013                    0.0167
                0.00089286                    0.0083

FreqMin:FreqMax:  0.3:48
SampleNum: 235, closestIndex2: 254, closestIndex1: 20
Caught "std::exception" Exception message is:
Message Catalog MATLAB:Debugger was not loaded from the file. Please check file location, format or contents
{Previously accessible file
"/unige/matlab2021b/toolbox/matlab/uitools/private/javacomponentdoc_helper.p"
is now inaccessible.
} 
Could not create on-disk crash report: failed opening file: No such file or directory: iostream error

--------------------------------------------------------------------------------
             std::terminate() detected at 2024-12-05 10:35:03 +0100
--------------------------------------------------------------------------------

Configuration:
  Crash Decoding           : Disabled - No sandbox or build area path
  Crash Mode               : continue (default)
  Default Encoding         : US-ASCII
  Deployed                 : false
  GNU C Library            : 2.28 stable
  Graphics Driver          : Unknown software 
  Graphics Text Issue Info : xmin=0.000000, ymin=-3.000000, xmax=16.000000, ymax=10.000000
  Graphics card 1          : 0x1a03 ( 0x1a03 ) 0x2000 Version 0.0.0.0 (0-0-0)
  Java Version             : Java 1.8.0_202-b08 with Oracle Corporation Java HotSpot(TM) 64-Bit Server VM mixed mode
  MATLAB Architecture      : glnxa64
  MATLAB Entitlement ID    : 665316
  MATLAB Root              : /unige/matlab2021b
  MATLAB Version           : 9.11.0.1769968 (R2021b)
  OpenGL                   : software
  Operating System         : "Rocky Linux release 8.10 (Green Obsidian)"
  Process ID               : 96981
  Processor ID             : x86 Family 6 Model 85 Stepping 7, GenuineIntel
  Session Key              : 7a62729e-dda4-4983-9853-80b7835dc202
  Static TLS mitigation    : Disabled: Unnecessary
  Window System            : No active display

Fault Count: 1


Abnormal termination:
std::terminate()

Current Thread: 'MCR 0 interpret' id 22787016095488

Register State (captured):
  RAX = 0000000000000000  RBX = 000014bae966bb88
  RCX = 000000000000000a  RDX = 000014bae96536c8
  RSP = 000014b983ff9690  RBP = 000014b983ff9a70
  RSI = 000014bae963352a  RDI = 000014b983ff96a0

   R8 = 000014b983ff999a   R9 = 000014b983ff999a
  R10 = 65646f6d20646578  R11 = 0000000000000000
  R12 = 000014b983ff9ad0  R13 = 000014b983ff9f80
  R14 = 000014b983ffa400  R15 = 0000000000000000

  RIP = 000014bae95d2b3e  EFL = 0069007300730065

   CS = 0062   FS = 006c   GS = 0065

Stack Trace (captured):
[  0] 0x000014bae95c7c03          /unige/matlab2021b/bin/glnxa64/libmwfl.so+00388099
[  1] 0x000014bae95c7dfc          /unige/matlab2021b/bin/glnxa64/libmwfl.so+00388604 _ZN10foundation4core4diag15stacktrace_base7captureEm+00000028
[  2] 0x000014bae95cad1e          /unige/matlab2021b/bin/glnxa64/libmwfl.so+00400670
[  3] 0x000014bae95cdf82          /unige/matlab2021b/bin/glnxa64/libmwfl.so+00413570
[  4] 0x000014b9c2407b47         /unige/matlab2021b/bin/glnxa64/libmwmcr.so+01116999
[  5] 0x000014b9c24098d0         /unige/matlab2021b/bin/glnxa64/libmwmcr.so+01124560
[  6] 0x000014b9c2409deb         /unige/matlab2021b/bin/glnxa64/libmwmcr.so+01125867
[  7] 0x000014b9c240a540         /unige/matlab2021b/bin/glnxa64/libmwmcr.so+01127744
[  8] 0x000014baeb0cd986 /unige/matlab2021b/bin/glnxa64/../../sys/os/glnxa64/libstdc++.so.6+00596358
[  9] 0x000014baeb0cca79 /unige/matlab2021b/bin/glnxa64/../../sys/os/glnxa64/libstdc++.so.6+00592505
[ 10] 0x000014baeb0cd3c5 /unige/matlab2021b/bin/glnxa64/../../sys/os/glnxa64/libstdc++.so.6+00594885 __gxx_personality_v0+00000709
[ 11] 0x000014baeae34553 /unige/matlab2021b/bin/glnxa64/../../sys/os/glnxa64/libgcc_s.so.1+00066899
[ 12] 0x000014baeae34dd5 /unige/matlab2021b/bin/glnxa64/../../sys/os/glnxa64/libgcc_s.so.1+00069077 _Unwind_Resume+00000293
[ 13] 0x000014b9c115c9a8         /unige/matlab2021b/bin/glnxa64/libmwudd.so+00510376
[ 14] 0x000014b9c11a7739         /unige/matlab2021b/bin/glnxa64/libmwudd.so+00816953
[ 15] 0x000014bae93ea7d7            /unige/matlab2021b/bin/glnxa64/libmx.so+00960471
[ 16] 0x000014bae93ea848            /unige/matlab2021b/bin/glnxa64/libmx.so+00960584
[ 17] 0x000014bae93ea9d8            /unige/matlab2021b/bin/glnxa64/libmx.so+00960984
[ 18] 0x000014bae93eaa78            /unige/matlab2021b/bin/glnxa64/libmx.so+00961144
[ 19] 0x000014bae93eac25            /unige/matlab2021b/bin/glnxa64/libmx.so+00961573 _ZN6matrix6detail10noninlined12mx_array_api14mxDestroyArrayEP11mxArray_tag+00000165
[ 20] 0x000014b8f840b365 /unige/matlab2021b/bin/glnxa64/builtins/matlab_graphics_hgbuiltins/../../../../bin/glnxa64/libmwhgutils.so+01389413 _ZN7hgutils8HGHandleD2Ev+00000053
[ 21] 0x000014b8f8b8f1f7 /unige/matlab2021b/bin/glnxa64/builtins/matlab_graphics_hgbuiltins/../../../../bin/glnxa64/libmwhg.so+06779383
[ 22] 0x000014b8f8b9de93 /unige/matlab2021b/bin/glnxa64/builtins/matlab_graphics_hgbuiltins/../../../../bin/glnxa64/libmwhg.so+06839955
[ 23] 0x000014b8f8b987bf /unige/matlab2021b/bin/glnxa64/builtins/matlab_graphics_hgbuiltins/../../../../bin/glnxa64/libmwhg.so+06817727
[ 24] 0x000014b8f8b76c15 /unige/matlab2021b/bin/glnxa64/builtins/matlab_graphics_hgbuiltins/../../../../bin/glnxa64/libmwhg.so+06679573
[ 25] 0x000014b8f8ac2a70 /unige/matlab2021b/bin/glnxa64/builtins/matlab_graphics_hgbuiltins/../../../../bin/glnxa64/libmwhg.so+05941872
[ 26] 0x000014b8f8ac2cc1 /unige/matlab2021b/bin/glnxa64/builtins/matlab_graphics_hgbuiltins/../../../../bin/glnxa64/libmwhg.so+05942465
[ 27] 0x000014b99197a522   /unige/matlab2021b/bin/glnxa64/libmwmcos_impl.so+03802402
[ 28] 0x000014b99196d32c   /unige/matlab2021b/bin/glnxa64/libmwmcos_impl.so+03748652
[ 29] 0x000014b991966300   /unige/matlab2021b/bin/glnxa64/libmwmcos_impl.so+03719936
[ 30] 0x000014b8f8a72c29 /unige/matlab2021b/bin/glnxa64/builtins/matlab_graphics_hgbuiltins/../../../../bin/glnxa64/libmwhg.so+05614633
[ 31] 0x000014b8f8a72e68 /unige/matlab2021b/bin/glnxa64/builtins/matlab_graphics_hgbuiltins/../../../../bin/glnxa64/libmwhg.so+05615208
[ 32] 0x000014b8f8a6e7d5 /unige/matlab2021b/bin/glnxa64/builtins/matlab_graphics_hgbuiltins/../../../../bin/glnxa64/libmwhg.so+05597141
[ 33] 0x000014b8f8a7323b /unige/matlab2021b/bin/glnxa64/builtins/matlab_graphics_hgbuiltins/../../../../bin/glnxa64/libmwhg.so+05616187 MLTerminate_hg+00000027
[ 34] 0x000014b9c22212da /unige/matlab2021b/bin/glnxa64/libmwm_dispatcher.so+00783066
[ 35] 0x000014b9c2260d48 /unige/matlab2021b/bin/glnxa64/libmwm_dispatcher.so+01043784 _ZN11Mdispatcher14cleanupAllFcnsEv+00000200
[ 36] 0x000014b9b11fe419       /unige/matlab2021b/bin/glnxa64/libmwm_lxe.so+11645977 _ZN9MathWorks3lxe17ShutdownLxeEngineEb+00000137
[ 37] 0x000014b9c23c0378         /unige/matlab2021b/bin/glnxa64/libmwmcr.so+00824184
[ 38] 0x000014b9c2402a1a         /unige/matlab2021b/bin/glnxa64/libmwmcr.so+01096218
[ 39] 0x000014b9c2402fbb         /unige/matlab2021b/bin/glnxa64/libmwmcr.so+01097659
[ 40] 0x000014b9c240f829         /unige/matlab2021b/bin/glnxa64/libmwmcr.so+01148969
[ 41] 0x000014b9c238e5f3         /unige/matlab2021b/bin/glnxa64/libmwmcr.so+00620019
[ 42] 0x000014b9c23c50ec         /unige/matlab2021b/bin/glnxa64/libmwmcr.so+00844012
[ 43] 0x000014b9c23c5362         /unige/matlab2021b/bin/glnxa64/libmwmcr.so+00844642
[ 44] 0x000014baea1e08a7 /unige/matlab2021b/bin/glnxa64/libmwboost_thread.so.1.72.0+00063655
[ 45] 0x000014baeb3c71ca                             /lib64/libpthread.so.0+00033226
[ 46] 0x000014baeaa878d3                                   /lib64/libc.so.6+00235731 clone+00000067




MATLAB is exiting because of fatal error
/var/spool/slurmd/job36834308/slurm_script: line 26: 96981 Killed                  matlab -nodisplay -nosplash -r "filename='$line'; tic; run('run_HVSRInv.m'); toc; exit;"
