Job ID: 36834493
Array Task ID: 76
Executing task for index: 76

                            < M A T L A B (R) >
                  Copyright 1984-2021 The MathWorks, Inc.
                  R2021b (9.11.0.1769968) 64-bit (glnxa64)
                             September 17, 2021

Caught "std::exception" Exception message is:
Error loading /unige/matlab2021b/bin/glnxa64/matlab_startup_plugins/cefclient/mwwebwindowinit.so. libmwcefcommon.so: cannot open shared object file: No such file or directory: Success: Success
Caught "std::exception" Exception message is:
Error loading /unige/matlab2021b/bin/glnxa64/matlab_startup_plugins/supportsoftwarematlabmanagement/mw_spregistration.so. /unige/matlab2021b/bin/glnxa64/matlab_startup_plugins/supportsoftwarematlabmanagement/mw_spregistration.so: cannot open shared object file: Remote I/O error: Connection timed out: Connection timed out
Caught "std::exception" Exception message is:
Error loading /unige/matlab2021b/bin/glnxa64/matlab_startup_plugins/matlab_local/mwGettingStarted.so. /unige/matlab2021b/bin/glnxa64/matlab_startup_plugins/matlab_local/mwGettingStarted.so: cannot open shared object file: Remote I/O error: Connection timed out: Connection timed out
Caught "std::exception" Exception message is:
Error loading /unige/matlab2021b/bin/glnxa64/matlab_startup_plugins/mvm_cache_startup_plugin/mwmvm_cache_startup_plugin.so. /unige/matlab2021b/bin/glnxa64/matlab_startup_plugins/mvm_cache_startup_plugin/mwmvm_cache_startup_plugin.so: cannot open shared object file: Remote I/O error: Connection timed out: Connection timed out
Caught "std::exception" Exception message is:
Error loading /unige/matlab2021b/bin/glnxa64/matlab_startup_plugins/addons/registry/mwaddons_registry_startup_plugin.so. /unige/matlab2021b/bin/glnxa64/matlab_startup_plugins/addons/registry/mwaddons_registry_startup_plugin.so: cannot open shared object file: Remote I/O error: Connection timed out: Connection timed out
Caught "std::exception" Exception message is:
Error loading /unige/matlab2021b/bin/glnxa64/matlab_startup_plugins/connector/worker/libmwconnectorworkerstartupbundle.so. /unige/matlab2021b/bin/glnxa64/matlab_startup_plugins/connector/worker/libmwconnectorworkerstartupbundle.so: cannot open shared object file: Remote I/O error: Connection timed out: Connection timed out
Caught "std::exception" Exception message is:
Error loading /unige/matlab2021b/bin/glnxa64/matlab_startup_plugins/graphics/graphics_init_plugin/mwgraphics_init_plugin.so. /unige/matlab2021b/bin/glnxa64/matlab_startup_plugins/graphics/graphics_init_plugin/mwgraphics_init_plugin.so: cannot open shared object file: Remote I/O error: Connection timed out: Connection timed out
Caught "std::exception" Exception message is:
Error loading /unige/matlab2021b/bin/glnxa64/matlab_startup_plugins/startup_plugins/startup_folder/mwStartupFolderPlugin.so. /unige/matlab2021b/bin/glnxa64/matlab_startup_plugins/startup_plugins/startup_folder/mwStartupFolderPlugin.so: cannot open shared object file: Remote I/O error: Connection timed out: Connection timed out
Caught "std::exception" Exception message is:
Message Catalog MATLAB:legacy_two_part was not loaded from the file. Please check file location, format or contents
Caught "std::exception" Exception message is:
Error loading /unige/matlab2021b/bin/glnxa64/builtins/libmatlab_toolbox_timefun/mwmltiming_builtinimpl.so. /unige/matlab2021b/bin/glnxa64/builtins/libmatlab_toolbox_timefun/mwmltiming_builtinimpl.so: cannot open shared object file: Remote I/O error: Success: Success
Caught "std::exception" Exception message is:
Error loading /unige/matlab2021b/bin/glnxa64/builtins/mcr_under_mvm_server/mwmcr_builtinimpl.so. /unige/matlab2021b/bin/glnxa64/builtins/mcr_under_mvm_server/mwmcr_builtinimpl.so: cannot open shared object file: Remote I/O error: Inappropriate ioctl for device: Inappropriate ioctl for device
Caught "std::exception" Exception message is:
Error loading /unige/matlab2021b/bin/glnxa64/matlab_startup_plugins/performance/mwperformance_startup.so. /unige/matlab2021b/bin/glnxa64/matlab_startup_plugins/performance/mwperformance_startup.so: cannot open shared object file: Remote I/O error: Connection timed out: Connection timed out
Caught "std::exception" Exception message is:
Error loading /unige/matlab2021b/bin/glnxa64/matlab_startup_plugins/prefdirwarning/libmw_prefdirwarning.so. /unige/matlab2021b/bin/glnxa64/matlab_startup_plugins/prefdirwarning/libmw_prefdirwarning.so: cannot open shared object file: Remote I/O error: Connection timed out: Connection timed out
Caught "std::exception" Exception message is:
Error loading /unige/matlab2021b/bin/glnxa64/matlab_startup_plugins/referenceapi/reference_startup_plugin.so. /unige/matlab2021b/bin/glnxa64/matlab_startup_plugins/referenceapi/reference_startup_plugin.so: cannot open shared object file: Remote I/O error: Connection timed out: Connection timed out
Caught "std::exception" Exception message is:
Error loading /unige/matlab2021b/bin/glnxa64/matlab_startup_plugins/shared_deviceplugindetection/mwdevicepluginstartup.so. /unige/matlab2021b/bin/glnxa64/matlab_startup_plugins/shared_deviceplugindetection/mwdevicepluginstartup.so: cannot open shared object file: Remote I/O error: Connection timed out: Connection timed out
Caught "std::exception" Exception message is:
Error loading /unige/matlab2021b/bin/glnxa64/matlab_startup_plugins/tabcompletion/tabcompletion_startup_plugin.so. /unige/matlab2021b/bin/glnxa64/matlab_startup_plugins/tabcompletion/tabcompletion_startup_plugin.so: cannot open shared object file: Remote I/O error: Connection timed out: Connection timed out
Caught "std::exception" Exception message is:
Error loading /unige/matlab2021b/bin/glnxa64/matlab_startup_plugins/graphics/graphics_init_plugin/mwgraphics_init_plugin.so. /unige/matlab2021b/bin/glnxa64/matlab_startup_plugins/graphics/graphics_init_plugin/mwgraphics_init_plugin.so: cannot open shared object file: Remote I/O error: Connection timed out: Connection timed out
Caught "std::exception" Exception message is:
Error loading /unige/matlab2021b/bin/glnxa64/matlab_startup_plugins/matlabdata/startupplugin/libmwmda_startupplugin.so. /unige/matlab2021b/bin/glnxa64/matlab_startup_plugins/matlabdata/startupplugin/libmwmda_startupplugin.so: cannot open shared object file: Remote I/O error: Connection timed out: Connection timed out
slurmstepd: error: *** JOB 36834493 ON cpu033 CANCELLED AT 2024-12-06T09:02:55 DUE TO TIME LIMIT ***
