Job ID: 36834296
Array Task ID: 25
Executing task for index: 25

                            < M A T L A B (R) >
                  Copyright 1984-2021 The MathWorks, Inc.
                  R2021b (9.11.0.1769968) 64-bit (glnxa64)
                             September 17, 2021

 
To get started, type doc.
For product information, visit www.mathworks.com.
 
Initial Parameters:
------------------------------------------------------------------------------------------------------------------------
LayerNum: 2
InvNum: 5
IterNum: 50000
PopNum: 1000
GeneNum: 20
FreqMin: 0.3
FreqMax: 48
Using data from file: ../output/output_DFA_filtered_v11Nov/22874_DFA.txt
Station: 22874
Loaded InitModData:
  Columns 1 through 3

                         1                       100                       500
                        50                       600                      1500

  Columns 4 through 6

                      2500                     2.029                    2.5417
                      3500                    2.3663                    2.6643

  Columns 7 through 8

                    0.0013                    0.0167
                0.00089286                    0.0083

FreqMin:FreqMax:  0.3:48
SampleNum: 235, closestIndex2: 254, closestIndex1: 20
Caught "std::exception" Exception message is:
Message Catalog MATLAB:uistring:figuretoolbar was not loaded from the file. Please check file location, format or contents
Exception in thread "AWT-EventQueue-0" java.lang.UnsatisfiedLinkError: /unige/matlab2021b/sys/java/jre/glnxa64/jre/lib/amd64/libfontmanager.so: /unige/matlab2021b/sys/java/jre/glnxa64/jre/lib/amd64/libfontmanager.so: cannot open shared object file: Remote I/O error
	at java.lang.ClassLoader$NativeLibrary.load(Native Method)
	at java.lang.ClassLoader.loadLibrary0(ClassLoader.java:1941)
	at java.lang.ClassLoader.loadLibrary(ClassLoader.java:1845)
	at java.lang.Runtime.loadLibrary0(Runtime.java:870)
	at java.lang.System.loadLibrary(System.java:1122)
	at sun.font.FontManagerNativeLibrary$1.run(FontManagerNativeLibrary.java:61)
	at java.security.AccessController.doPrivileged(Native Method)
	at sun.font.FontManagerNativeLibrary.<clinit>(FontManagerNativeLibrary.java:32)
	at sun.font.SunFontManager$1.run(SunFontManager.java:339)
	at java.security.AccessController.doPrivileged(Native Method)
	at sun.font.SunFontManager.<clinit>(SunFontManager.java:335)
	at java.lang.Class.forName0(Native Method)
	at java.lang.Class.forName(Class.java:348)
	at sun.font.FontManagerFactory$1.run(FontManagerFactory.java:82)
	at java.security.AccessController.doPrivileged(Native Method)
	at sun.font.FontManagerFactory.getInstance(FontManagerFactory.java:74)
	at sun.java2d.SunGraphicsEnvironment.getFontManagerForSGE(SunGraphicsEnvironment.java:190)
	at sun.java2d.SunGraphicsEnvironment.getAvailableFontFamilyNames(SunGraphicsEnvironment.java:224)
	at sun.java2d.SunGraphicsEnvironment.getAvailableFontFamilyNames(SunGraphicsEnvironment.java:252)
	at sun.java2d.HeadlessGraphicsEnvironment.getAvailableFontFamilyNames(HeadlessGraphicsEnvironment.java:94)
	at com.mathworks.mwswing.FontUtils.getJavaFonts(FontUtils.java:529)
	at com.mathworks.mwswing.FontUtils.getFontList(FontUtils.java:359)
	at com.mathworks.mwswing.FontUtils.getFontNames(FontUtils.java:319)
	at com.mathworks.hg.util.HGUtils.<clinit>(HGUtils.java:28)
	at com.mathworks.hg.util.FontConverter.convertToJavaFont(FontConverter.java:74)
	at com.mathworks.hg.uij.TextRasterizer.createFont(TextRasterizer.java:61)
	at com.mathworks.hg.uij.CharacterSizeCalcProxy.doCalculateCharSize(CharacterSizeCalcProxy.java:42)
	at com.mathworks.hg.uij.CharacterSizeCalcProxy$1.run(CharacterSizeCalcProxy.java:31)
	at com.mathworks.jmi.AWTUtilities$Invoker$5$1.run(AWTUtilities.java:591)
	at com.mathworks.mvm.context.ThreadContext$1.call(ThreadContext.java:76)
	at com.mathworks.mvm.context.ThreadContext.callWithContext(ThreadContext.java:105)
	at com.mathworks.mvm.context.ThreadContext.runWithContext(ThreadContext.java:73)
	at com.mathworks.mvm.context.MvmContext.runWithContext(MvmContext.java:107)
	at com.mathworks.jmi.AWTUtilities$Invoker$5.runWithOutput(AWTUtilities.java:588)
	at com.mathworks.jmi.AWTUtilities$Invoker$2.watchedRun(AWTUtilities.java:475)
	at com.mathworks.jmi.AWTUtilities$WatchedRunnable.run(AWTUtilities.java:436)
	at java.awt.event.InvocationEvent.dispatch(InvocationEvent.java:311)
	at java.awt.EventQueue.dispatchEventImpl(EventQueue.java:758)
	at java.awt.EventQueue.access$500(EventQueue.java:97)
	at java.awt.EventQueue$3.run(EventQueue.java:709)
	at java.awt.EventQueue$3.run(EventQueue.java:703)
	at java.security.AccessController.doPrivileged(Native Method)
	at java.security.ProtectionDomain$JavaSecurityAccessImpl.doIntersectionPrivilege(ProtectionDomain.java:74)
	at java.awt.EventQueue.dispatchEvent(EventQueue.java:728)
	at java.awt.EventDispatchThread.pumpOneEventForFilters(EventDispatchThread.java:205)
	at java.awt.EventDispatchThread.pumpEventsForFilter(EventDispatchThread.java:116)
	at java.awt.EventDispatchThread.pumpEventsForHierarchy(EventDispatchThread.java:105)
	at java.awt.EventDispatchThread.pumpEvents(EventDispatchThread.java:101)
	at java.awt.EventDispatchThread.pumpEvents(EventDispatchThread.java:93)
	at java.awt.EventDispatchThread.run(EventDispatchThread.java:82)
Exception in thread "AWT-EventQueue-0" java.lang.NoClassDefFoundError: Could not initialize class com.mathworks.hg.util.HGUtils
	at com.mathworks.hg.util.FontConverter.convertToJavaFont(FontConverter.java:74)
	at com.mathworks.hg.uij.TextRasterizer.createFont(TextRasterizer.java:61)
	at com.mathworks.hg.uij.CharacterSizeCalcProxy.doCalculateCharSize(CharacterSizeCalcProxy.java:42)
	at com.mathworks.hg.uij.CharacterSizeCalcProxy$1.run(CharacterSizeCalcProxy.java:31)
	at com.mathworks.jmi.AWTUtilities$Invoker$5$1.run(AWTUtilities.java:591)
	at com.mathworks.mvm.context.ThreadContext$1.call(ThreadContext.java:76)
	at com.mathworks.mvm.context.ThreadContext.callWithContext(ThreadContext.java:105)
	at com.mathworks.mvm.context.ThreadContext.runWithContext(ThreadContext.java:73)
	at com.mathworks.mvm.context.MvmContext.runWithContext(MvmContext.java:107)
	at com.mathworks.jmi.AWTUtilities$Invoker$5.runWithOutput(AWTUtilities.java:588)
	at com.mathworks.jmi.AWTUtilities$Invoker$2.watchedRun(AWTUtilities.java:475)
	at com.mathworks.jmi.AWTUtilities$WatchedRunnable.run(AWTUtilities.java:436)
	at java.awt.event.InvocationEvent.dispatch(InvocationEvent.java:311)
	at java.awt.EventQueue.dispatchEventImpl(EventQueue.java:758)
	at java.awt.EventQueue.access$500(EventQueue.java:97)
	at java.awt.EventQueue$3.run(EventQueue.java:709)
	at java.awt.EventQueue$3.run(EventQueue.java:703)
	at java.security.AccessController.doPrivileged(Native Method)
	at java.security.ProtectionDomain$JavaSecurityAccessImpl.doIntersectionPrivilege(ProtectionDomain.java:74)
	at java.awt.EventQueue.dispatchEvent(EventQueue.java:728)
	at java.awt.EventDispatchThread.pumpOneEventForFilters(EventDispatchThread.java:205)
	at java.awt.EventDispatchThread.pumpEventsForFilter(EventDispatchThread.java:116)
	at java.awt.EventDispatchThread.pumpEventsForHierarchy(EventDispatchThread.java:105)
	at java.awt.EventDispatchThread.pumpEvents(EventDispatchThread.java:101)
	at java.awt.EventDispatchThread.pumpEvents(EventDispatchThread.java:93)
	at java.awt.EventDispatchThread.run(EventDispatchThread.java:82)
Warning: Unable to create com.mathworks.hg.peer.FiguresGroup, for details see
 /home/users/h/henrymi2/MATLABDesktopCreateError.log
MATLAB: runtime/shutdown.cpp:677: mnShutdownMatlabInternalImpl(bool, bool, const mwboost::optional<int>&, const std::shared_ptr<std::promise<void> >&, bool, bool)::<lambda()>: Assertion `Dynamic exception type: mwboost::exception_detail::clone_impl<fl::i18n::MessageCatalog::MessageCatalogLoadFailed>
std::exception::what: Message Catalog MATLAB:Java was not loaded from the file. Please check file location, format or contents
' failed.
Could not create on-disk crash report: failed opening file: No such file or directory: iostream error

--------------------------------------------------------------------------------
                Assertion detected at 2024-12-05 08:55:42 +0100
--------------------------------------------------------------------------------

Configuration:
  Crash Decoding           : Disabled - No sandbox or build area path
  Crash Mode               : continue (default)
  Default Encoding         : US-ASCII
  Deployed                 : false
  GNU C Library            : 2.28 stable
  Graphics Driver          : Unknown software 
  Graphics card 1          : 0x1a03 ( 0x1a03 ) 0x2000 Version 0.0.0.0 (0-0-0)
  Java Version             : Java 1.8.0_202-b08 with Oracle Corporation Java HotSpot(TM) 64-Bit Server VM mixed mode
  MATLAB Architecture      : glnxa64
  MATLAB Entitlement ID    : 665316
  MATLAB Root              : /unige/matlab2021b
  MATLAB Version           : 9.11.0.1769968 (R2021b)
  OpenGL                   : software
  Operating System         : "Rocky Linux release 8.10 (Green Obsidian)"
  Process ID               : 3518636
  Processor ID             : x86 Family 6 Model 85 Stepping 7, GenuineIntel
  Session Key              : 3728a1f5-5557-4540-841b-7fbe956a893a
  Static TLS mitigation    : Disabled: Unnecessary
  Window System            : No active display

Fault Count: 1


Assertion in mnShutdownMatlabInternalImpl(bool, bool, const mwboost::optional<int>&, const std::shared_ptr<std::promise<void> >&, bool, bool)::<lambda()> at runtime/shutdown.cpp line 677:
Dynamic exception type: mwboost::exception_detail::clone_impl<fl::i18n::MessageCatalog::MessageCatalogLoadFailed>
std::exception::what: Message Catalog MATLAB:Java was not loaded from the file. Please check file location, format or contents


Current Thread: 'MCR 0 interpret' id 22668703168256

Register State (captured):
  RAX = 0000000000000000  RBX = 0000149f57b9eb88
  RCX = 000000000000000a  RDX = 0000149df7ffe3b0
  RSP = 0000149df7ffdb80  RBP = 0000149df7ffdf60
  RSI = 0000149f57b6652a  RDI = 0000149df7ffdb90

   R8 = 0000149df7ffde8a   R9 = 0000149df7ffde8a
  R10 = 436567617373654d  R11 = 3a3a676f6c617461
  R12 = 0000149f57b8eb08  R13 = 0000149e649fbd19
  R14 = 0000149e64a0afc0  R15 = 0000149df7ffe860

  RIP = 0000149f57b05b3e  EFL = 7461636f6c20656c

   CS = 6f69   FS = 2c6e   GS = 6620

Stack Trace (captured):
[  0] 0x0000149f57afac03          /unige/matlab2021b/bin/glnxa64/libmwfl.so+00388099
[  1] 0x0000149f57afadfc          /unige/matlab2021b/bin/glnxa64/libmwfl.so+00388604 _ZN10foundation4core4diag15stacktrace_base7captureEm+00000028
[  2] 0x0000149f57afef45          /unige/matlab2021b/bin/glnxa64/libmwfl.so+00405317
[  3] 0x0000149f57aff080          /unige/matlab2021b/bin/glnxa64/libmwfl.so+00405632
[  4] 0x0000149e6497cdc7         /unige/matlab2021b/bin/glnxa64/libmwmcr.so+00646599
[  5] 0x0000149e649f7829         /unige/matlab2021b/bin/glnxa64/libmwmcr.so+01148969
[  6] 0x0000149e649765f3         /unige/matlab2021b/bin/glnxa64/libmwmcr.so+00620019
[  7] 0x0000149e649ad0ec         /unige/matlab2021b/bin/glnxa64/libmwmcr.so+00844012
[  8] 0x0000149e649ad362         /unige/matlab2021b/bin/glnxa64/libmwmcr.so+00844642
[  9] 0x0000149f587138a7 /unige/matlab2021b/bin/glnxa64/libmwboost_thread.so.1.72.0+00063655
[ 10] 0x0000149f598fa1ca                             /lib64/libpthread.so.0+00033226
[ 11] 0x0000149f58fba8d3                                   /lib64/libc.so.6+00235731 clone+00000067




MATLAB is exiting because of fatal error
/var/spool/slurmd/job36834296/slurm_script: line 26: 3518636 Killed                  matlab -nodisplay -nosplash -r "filename='$line'; tic; run('run_HVSRInv.m'); toc; exit;"
