Job ID: 36834483
Array Task ID: 66
Executing task for index: 66

                            < M A T L A B (R) >
                  Copyright 1984-2021 The MathWorks, Inc.
                  R2021b (9.11.0.1769968) 64-bit (glnxa64)
                             September 17, 2021

 
To get started, type doc.
For product information, visit www.mathworks.com.
 
Caught "std::exception" Exception message is:
Error loading /unige/matlab2021b/bin/glnxa64/matlab_startup_plugins/addons/registry/mwaddons_registry_startup_plugin.so. /unige/matlab2021b/bin/glnxa64/matlab_startup_plugins/addons/registry/mwaddons_registry_startup_plugin.so: cannot open shared object file: Remote I/O error: Remote I/O error: Remote I/O error
Caught "std::exception" Exception message is:
Error loading /unige/matlab2021b/bin/glnxa64/matlab_startup_plugins/connector/worker/libmwconnectorworkerstartupbundle.so. /unige/matlab2021b/bin/glnxa64/matlab_startup_plugins/connector/worker/libmwconnectorworkerstartupbundle.so: cannot open shared object file: Remote I/O error: Remote I/O error: Remote I/O error
Caught "std::exception" Exception message is:
Error loading /unige/matlab2021b/bin/glnxa64/matlab_startup_plugins/graphics/graphics_init_plugin/mwgraphics_init_plugin.so. /unige/matlab2021b/bin/glnxa64/matlab_startup_plugins/graphics/graphics_init_plugin/mwgraphics_init_plugin.so: cannot open shared object file: Remote I/O error: Connection timed out: Connection timed out
Caught "std::exception" Exception message is:
Error loading /unige/matlab2021b/bin/glnxa64/matlab_startup_plugins/startup_plugins/startup_folder/mwStartupFolderPlugin.so. /unige/matlab2021b/bin/glnxa64/matlab_startup_plugins/startup_plugins/startup_folder/mwStartupFolderPlugin.so: cannot open shared object file: Remote I/O error: Connection timed out: Connection timed out
Caught "std::exception" Exception message is:
Message Catalog MATLAB:legacy_two_part was not loaded from the file. Please check file location, format or contents
Caught "std::exception" Exception message is:
Error loading /unige/matlab2021b/bin/glnxa64/builtins/libmatlab_toolbox_timefun/mwmltiming_builtinimpl.so. /unige/matlab2021b/bin/glnxa64/builtins/libmatlab_toolbox_timefun/mwmltiming_builtinimpl.so: cannot open shared object file: Remote I/O error: Success: Success
Caught "std::exception" Exception message is:
Error loading /unige/matlab2021b/bin/glnxa64/builtins/matlab_toolbox_lang_builtins/mwdiagnostic_builtinimpl.so. /unige/matlab2021b/bin/glnxa64/builtins/matlab_toolbox_lang_builtins/mwdiagnostic_builtinimpl.so: cannot open shared object file: Remote I/O error: Success: Success
